[03:02:25] [Server thread/INFO]: Starting Metrics. Opt-out using the global bStats config.
[03:03:06] [Server thread/INFO]: Enabling BAuction v1.3.3
[03:03:06] [Server thread/INFO]: [DEBUG] enable checkUpdate
[03:03:06] [Server thread/INFO]: [DEBUG] enable enable BMenuApi
[03:03:06] [Server thread/INFO]: [DEBUG] enable load MenuLoader
[03:03:06] [Server thread/INFO]: [DEBUG] enable load db cfg
[03:03:06] [Server thread/INFO]: [DEBUG] enable registerAdapters
[03:03:06] [Server thread/INFO]: [DEBUG] enable load UniqueNameGenerator
[03:03:06] [Server thread/INFO]: [DEBUG] enable load cfg
[03:03:06] [Server thread/INFO]: [DEBUG] enable load assetsManager
[03:03:06] [Server thread/INFO]: [DEBUG] enable load lang
[03:03:06] [Server thread/INFO]: [DEBUG] enable load logger
[03:03:06] [Server thread/INFO]: [DEBUG] enable load event manager
[03:03:06] [Server thread/INFO]: [DEBUG] enable load time util
[03:03:06] [Server thread/INFO]: [DEBUG] enable load TrieManager
[03:03:06] [Server thread/INFO]: [DEBUG] enable load econ
[03:03:06] [Server thread/INFO]: [DEBUG] enable load PAPI hook
[03:03:06] [Server thread/INFO]: [DEBUG] enable load black list
[03:03:06] [Server thread/INFO]: [DEBUG] enable load db
[03:03:06] [Server thread/INFO]: [DEBUG] enable check version
[03:03:06] [Server thread/INFO]: [DEBUG] enable init commands
[03:03:06] [bauc File Db loader/INFO]: Успешно загружено 3 предметов за 20 мс.
[03:06:51] [Server thread/INFO]: Disabling BAuction v1.3.3
[03:06:51] [Server thread/INFO]: [DEBUG] disable disable PAPI hook
[03:06:51] [Server thread/INFO]: [DEBUG] disable disable logger
[03:06:51] [Server thread/INFO]: [DEBUG] disable disable BMenuApi
[03:06:51] [Server thread/INFO]: [DEBUG] disable disable db
[03:06:51] [Server thread/INFO]: saved 3 items, 17 users and 0 unsold items in 1 ms
[03:06:51] [Server thread/INFO]: [DEBUG] disable unregisterAdapters
