[08:11:28] [Server thread/INFO]: Starting Metrics. Opt-out using the global bStats config.
[08:12:15] [Server thread/INFO]: Enabling BAuction v1.3.3
[08:12:15] [Server thread/INFO]: [DEBUG] enable checkUpdate
[08:12:15] [Server thread/INFO]: [DEBUG] enable enable BMenuApi
[08:12:15] [Server thread/INFO]: [DEBUG] enable load MenuLoader
[08:12:15] [Server thread/INFO]: [DEBUG] enable load db cfg
[08:12:15] [Server thread/INFO]: [DEBUG] enable registerAdapters
[08:12:15] [Server thread/INFO]: [DEBUG] enable load UniqueNameGenerator
[08:12:15] [Server thread/INFO]: [DEBUG] enable load cfg
[08:12:15] [Server thread/INFO]: [DEBUG] enable load assetsManager
[08:12:15] [Server thread/INFO]: [DEBUG] enable load lang
[08:12:15] [Server thread/INFO]: [DEBUG] enable load logger
[08:12:15] [Server thread/INFO]: [DEBUG] enable load event manager
[08:12:15] [Server thread/INFO]: [DEBUG] enable load time util
[08:12:15] [Server thread/INFO]: [DEBUG] enable load TrieManager
[08:12:15] [Server thread/INFO]: [DEBUG] enable load econ
[08:12:15] [Server thread/INFO]: [DEBUG] enable load PAPI hook
[08:12:15] [Server thread/INFO]: [DEBUG] enable load black list
[08:12:15] [Server thread/INFO]: [DEBUG] enable load db
[08:12:15] [Server thread/INFO]: [DEBUG] enable check version
[08:12:15] [Server thread/INFO]: [DEBUG] enable init commands
[08:12:15] [bauc File Db loader/INFO]: Успешно загружено 5 предметов за 22 мс.
[10:33:46] [Server thread/INFO]: [DEBUG] CraftPlayer{name=MuxaBall} use command ah sell 10
[10:34:39] [Server thread/INFO]: [DEBUG] CraftPlayer{name=Tenikcalmy} use command ah 
[10:34:50] [Server thread/INFO]: [DEBUG] CraftPlayer{name=Tenikcalmy} use command ah 
[10:37:23] [Server thread/INFO]: [DEBUG] CraftPlayer{name=Tenikcalmy} use command ah 
[11:15:02] [Server thread/INFO]: [DEBUG] CraftPlayer{name=Lord__xemnas} use command ah 
[11:17:10] [Server thread/INFO]: [DEBUG] CraftPlayer{name=Lord__xemnas} use command ah sell 100
[11:33:05] [Server thread/INFO]: [DEBUG] CraftPlayer{name=Lord__xemnas} use command ah 
[11:37:17] [Server thread/INFO]: [DEBUG] CraftPlayer{name=Lord__xemnas} use command ah 
[12:58:50] [Server thread/INFO]: [DEBUG] CraftPlayer{name=Lord__xemnas} use command ah 
[14:00:51] [Server thread/INFO]: [DEBUG] CraftPlayer{name=Lord__xemnas} use command ah 
[14:01:24] [Server thread/INFO]: [DEBUG] CraftPlayer{name=Tenikcalmy} use command ah 
[14:01:31] [Server thread/INFO]: [DEBUG] CraftPlayer{name=Sujuya} use command ah sell 500
[14:03:44] [Server thread/INFO]: [DEBUG] CraftPlayer{name=Sujuya} use command ah 
[15:11:27] [Server thread/INFO]: [DEBUG] CraftPlayer{name=Maho993} use command ah 
[15:15:49] [Server thread/INFO]: [DEBUG] CraftPlayer{name=Maho993} use command ah sell 85
[15:17:16] [Server thread/INFO]: [DEBUG] CraftPlayer{name=Maho993} use command ah 
[15:17:22] [Server thread/INFO]: [DEBUG] CraftPlayer{name=Tenikcalmy} use command ah 
[15:18:09] [Server thread/INFO]: [DEBUG] CraftPlayer{name=Tenikcalmy} use command ah sell 5000
[15:19:21] [Server thread/INFO]: [DEBUG] CraftPlayer{name=Maho993} use command ah sell 35
[15:21:20] [Server thread/INFO]: [DEBUG] CraftPlayer{name=Maho993} use command ah 
[15:26:35] [Server thread/INFO]: [DEBUG] CraftPlayer{name=Carl666} use command ah 
[15:28:22] [Server thread/INFO]: [DEBUG] CraftPlayer{name=Tenikcalmy} use command ah 
[15:32:01] [Server thread/INFO]: [DEBUG] CraftPlayer{name=Maho993} use command ah 
[15:46:36] [Server thread/INFO]: [DEBUG] CraftPlayer{name=Tenikcalmy} use command ah 
[15:47:17] [Server thread/INFO]: [DEBUG] CraftPlayer{name=MuxaBall} use command ah sell 500
[15:51:57] [Server thread/INFO]: [DEBUG] CraftPlayer{name=Maho993} use command ah 
[15:52:12] [Server thread/INFO]: [DEBUG] CraftPlayer{name=Maho993} use command ah 
[15:56:46] [Server thread/INFO]: [DEBUG] CraftPlayer{name=Maho993} use command ah 
[16:10:45] [Server thread/INFO]: [DEBUG] CraftPlayer{name=Tenikcalmy} use command ah 
[16:12:57] [Server thread/INFO]: [DEBUG] CraftPlayer{name=Tenikcalmy} use command ah 
[16:14:06] [Server thread/INFO]: [DEBUG] CraftPlayer{name=Maho993} use command ah 
[16:14:42] [Server thread/INFO]: [DEBUG] CraftPlayer{name=Maho993} use command ah 
[16:14:53] [Server thread/INFO]: [DEBUG] CraftPlayer{name=Maho993} use command ah sell 300
[16:17:30] [Server thread/INFO]: [DEBUG] CraftPlayer{name=Tenikcalmy} use command ah 
[16:20:22] [Server thread/INFO]: [DEBUG] CraftPlayer{name=Tenikcalmy} use command ah 
[16:22:33] [Server thread/INFO]: [DEBUG] CraftPlayer{name=Sujuya} use command ah sell 10
[16:22:45] [Server thread/INFO]: [DEBUG] CraftPlayer{name=Tenikcalmy} use command ah 
[16:22:49] [Server thread/INFO]: [DEBUG] CraftPlayer{name=Sujuya} use command ah sell 10
[16:24:04] [Server thread/INFO]: [DEBUG] CraftPlayer{name=Sujuya} use command ah sell 10
[16:25:00] [Server thread/INFO]: [DEBUG] CraftPlayer{name=Sujuya} use command ah sell 10
[16:25:12] [Server thread/INFO]: [DEBUG] CraftPlayer{name=Sujuya} use command ah sell 10
[16:25:22] [Server thread/INFO]: [DEBUG] CraftPlayer{name=Sujuya} use command ah sell 10
[16:25:45] [Server thread/INFO]: [DEBUG] CraftPlayer{name=Sujuya} use command ah sell 10
[16:28:12] [Server thread/INFO]: [DEBUG] CraftPlayer{name=Sujuya} use command ah sell 10
[16:28:21] [Server thread/INFO]: [DEBUG] CraftPlayer{name=Sujuya} use command ah sell 10
[16:28:38] [Server thread/INFO]: [DEBUG] CraftPlayer{name=Sujuya} use command ah sell 10
[16:28:46] [Server thread/INFO]: [DEBUG] CraftPlayer{name=Sujuya} use command ah sell
[16:28:54] [Server thread/INFO]: [DEBUG] CraftPlayer{name=Sujuya} use command ah sell 10
[16:35:46] [Server thread/INFO]: [DEBUG] CraftPlayer{name=Tenikcalmy} use command ah sell 1000
[00:58:21] [Server thread/INFO]: [DEBUG] CraftPlayer{name=MuxaBall} use command ah 
[05:40:26] [Server thread/INFO]: [DEBUG] CraftPlayer{name=MuxaBall} use command ah 
[05:40:37] [Server thread/INFO]: [DEBUG] CraftPlayer{name=ASIgumnov83} use command ah sell 70 full
[06:00:14] [Server thread/INFO]: [DEBUG] CraftPlayer{name=Tenikcalmy} use command ah 
[06:29:00] [Server thread/INFO]: [DEBUG] CraftPlayer{name=MuxaBall} use command ah 
[06:31:40] [Server thread/INFO]: [DEBUG] CraftPlayer{name=ASIgumnov83} use command ah 
[06:31:51] [Server thread/INFO]: [DEBUG] CraftPlayer{name=MuxaBall} use command ah sell 400
[06:31:54] [Server thread/INFO]: [DEBUG] CraftPlayer{name=MuxaBall} use command ah 
[06:32:05] [Server thread/INFO]: [DEBUG] CraftPlayer{name=MuxaBall} use command ah sell 400
[06:32:08] [Server thread/INFO]: [DEBUG] CraftPlayer{name=ASIgumnov83} use command ah 
[08:30:06] [Server thread/INFO]: [DEBUG] CraftPlayer{name=MuxaBall} use command ah 
[08:32:08] [Server thread/INFO]: [DEBUG] CraftPlayer{name=MuxaBall} use command ah 
[08:33:28] [Server thread/INFO]: [DEBUG] CraftPlayer{name=ASIgumnov83} use command ah 
[08:34:32] [Server thread/INFO]: [DEBUG] CraftPlayer{name=ASIgumnov83} use command ah 
[08:35:19] [Server thread/INFO]: [DEBUG] CraftPlayer{name=MuxaBall} use command ah 
[09:08:41] [Server thread/INFO]: [DEBUG] CraftPlayer{name=MuxaBall} use command ah 
[09:08:51] [Server thread/INFO]: [DEBUG] CraftPlayer{name=MuxaBall} use command ah 
[09:09:03] [Server thread/INFO]: [DEBUG] CraftPlayer{name=MuxaBall} use command ah 
[09:09:23] [Server thread/INFO]: [DEBUG] CraftPlayer{name=MuxaBall} use command ah 
[09:09:34] [Server thread/INFO]: [DEBUG] CraftPlayer{name=MuxaBall} use command ah 
[09:09:36] [Server thread/INFO]: [DEBUG] CraftPlayer{name=Tenikcalmy} use command ah sell 180 full
[09:09:59] [Server thread/INFO]: [DEBUG] CraftPlayer{name=MuxaBall} use command ah 
[09:10:06] [Server thread/INFO]: [DEBUG] CraftPlayer{name=Tenikcalmy} use command ah 
[09:10:27] [Server thread/INFO]: [DEBUG] CraftPlayer{name=MuxaBall} use command ah 
[09:10:29] [Server thread/INFO]: [DEBUG] CraftPlayer{name=Tenikcalmy} use command ah sell 180 full
[09:10:39] [Server thread/INFO]: [DEBUG] CraftPlayer{name=MuxaBall} use command ah 
[09:12:54] [Server thread/INFO]: [DEBUG] CraftPlayer{name=MuxaBall} use command ah 
[09:14:54] [Server thread/INFO]: [DEBUG] CraftPlayer{name=Tenikcalmy} use command ah 
[09:58:59] [Server thread/INFO]: [DEBUG] CraftPlayer{name=MuxaBall} use command ah sell 100
[09:59:15] [Server thread/INFO]: [DEBUG] CraftPlayer{name=ASIgumnov83} use command ah 
[11:43:02] [Server thread/INFO]: [DEBUG] CraftPlayer{name=MuxaBall} use command ah 
[12:00:39] [Server thread/INFO]: [DEBUG] CraftPlayer{name=ASIgumnov83} use command ah 
[12:00:41] [Server thread/INFO]: [DEBUG] CraftPlayer{name=MuxaBall} use command ah sell 500
[12:00:48] [Server thread/INFO]: [DEBUG] CraftPlayer{name=MuxaBall} use command ah 
[12:00:57] [Server thread/INFO]: [DEBUG] CraftPlayer{name=MuxaBall} use command ah sell 50
[12:01:09] [Server thread/INFO]: [DEBUG] CraftPlayer{name=MuxaBall} use command ah sell 50
[12:01:28] [Server thread/INFO]: [DEBUG] CraftPlayer{name=MuxaBall} use command ah sell 50
[12:01:37] [Server thread/INFO]: [DEBUG] CraftPlayer{name=MuxaBall} use command ah sell 50
[12:01:45] [Server thread/INFO]: [DEBUG] CraftPlayer{name=MuxaBall} use command ah sell 50
[12:01:54] [Server thread/INFO]: [DEBUG] CraftPlayer{name=ASIgumnov83} use command ah 
[12:01:59] [Server thread/INFO]: [DEBUG] CraftPlayer{name=MuxaBall} use command ah sell 50
[12:02:06] [Server thread/INFO]: [DEBUG] CraftPlayer{name=MuxaBall} use command ah sell 50
[12:02:11] [Server thread/INFO]: [DEBUG] CraftPlayer{name=MuxaBall} use command ah sell 50
[12:02:21] [Server thread/INFO]: [DEBUG] CraftPlayer{name=ASIgumnov83} use command ah 
[12:02:31] [Server thread/INFO]: [DEBUG] CraftPlayer{name=MuxaBall} use command ah sell 50
[12:02:37] [Server thread/INFO]: [DEBUG] CraftPlayer{name=ASIgumnov83} use command ah 
[12:02:48] [Server thread/INFO]: [DEBUG] CraftPlayer{name=MuxaBall} use command ah sell 50
[12:02:53] [Server thread/INFO]: [DEBUG] CraftPlayer{name=ASIgumnov83} use command ah 
[12:03:10] [Server thread/INFO]: [DEBUG] CraftPlayer{name=MuxaBall} use command ah sell 50
[12:03:18] [Server thread/INFO]: [DEBUG] CraftPlayer{name=MuxaBall} use command ah sell 50
[12:03:25] [Server thread/INFO]: [DEBUG] CraftPlayer{name=ASIgumnov83} use command ah 
[12:03:34] [Server thread/INFO]: [DEBUG] CraftPlayer{name=MuxaBall} use command ah sell 50
[12:03:42] [Server thread/INFO]: [DEBUG] CraftPlayer{name=ASIgumnov83} use command ah 
[12:03:47] [Server thread/INFO]: [DEBUG] CraftPlayer{name=MuxaBall} use command ah sell 50
[12:03:52] [Server thread/INFO]: [DEBUG] CraftPlayer{name=ASIgumnov83} use command ah 
[12:04:04] [Server thread/INFO]: [DEBUG] CraftPlayer{name=ASIgumnov83} use command ah 
[13:14:41] [Server thread/INFO]: [DEBUG] CraftPlayer{name=MuxaBall} use command ah 
[14:07:14] [Server thread/INFO]: [DEBUG] CraftPlayer{name=reclau} use command ah 
[15:55:16] [Server thread/INFO]: [DEBUG] CraftPlayer{name=Maho993} use command ah 
[15:58:28] [Server thread/INFO]: [DEBUG] CraftPlayer{name=Maho993} use command ah 
[15:59:37] [Server thread/INFO]: [DEBUG] CraftPlayer{name=Maho993} use command ah 
[16:04:03] [Server thread/INFO]: [DEBUG] CraftPlayer{name=z_DOSHIRAK_z} use command ah 
[16:04:09] [Server thread/INFO]: [DEBUG] CraftPlayer{name=Maho993} use command ah 
[16:11:09] [Server thread/INFO]: [DEBUG] CraftPlayer{name=Maho993} use command ah 140
[16:11:18] [Server thread/INFO]: [DEBUG] CraftPlayer{name=Maho993} use command ah sell 140
[16:17:03] [Server thread/INFO]: [DEBUG] CraftPlayer{name=z_DOSHIRAK_z} use command ah sell 1000000
[16:17:05] [Server thread/INFO]: [DEBUG] CraftPlayer{name=z_DOSHIRAK_z} use command ah 
[16:17:22] [Server thread/INFO]: [DEBUG] CraftPlayer{name=z_DOSHIRAK_z} use command ah sell 10000000
[16:17:26] [Server thread/INFO]: [DEBUG] CraftPlayer{name=z_DOSHIRAK_z} use command ah 
[16:17:44] [Server thread/INFO]: [DEBUG] CraftPlayer{name=z_DOSHIRAK_z} use command ah 
[16:23:22] [Server thread/INFO]: [DEBUG] CraftPlayer{name=Maho993} use command ah sell 140
[16:27:29] [Server thread/INFO]: [DEBUG] CraftPlayer{name=Maho993} use command ah 
[16:33:38] [Server thread/INFO]: [DEBUG] CraftPlayer{name=Tenikcalmy} use command ah 
[17:08:01] [Server thread/INFO]: [DEBUG] CraftPlayer{name=GafiLop} use command ah 
[17:14:04] [Server thread/INFO]: [DEBUG] CraftPlayer{name=ASIgumnov83} use command ah 
[17:14:23] [Server thread/INFO]: [DEBUG] CraftPlayer{name=ASIgumnov83} use command ah 
[17:37:34] [Server thread/INFO]: [DEBUG] CraftPlayer{name=Tenikcalmy} use command ah 
[17:38:10] [Server thread/INFO]: [DEBUG] CraftPlayer{name=Tenikcalmy} use command ah 
[17:38:35] [Server thread/INFO]: [DEBUG] CraftPlayer{name=shiny738} use command ah 
[17:42:22] [Server thread/INFO]: [DEBUG] CraftPlayer{name=reclau} use command ah sell 100
[17:42:24] [Server thread/INFO]: [DEBUG] CraftPlayer{name=reclau} use command ah sell 100
[17:42:27] [Server thread/INFO]: [DEBUG] CraftPlayer{name=reclau} use command ah sell 100
[17:42:30] [Server thread/INFO]: [DEBUG] CraftPlayer{name=reclau} use command ah sell 100
[23:14:23] [Server thread/INFO]: Disabling BAuction v1.3.3
[23:14:23] [Server thread/INFO]: [DEBUG] disable disable PAPI hook
[23:14:23] [Server thread/INFO]: [DEBUG] disable disable logger
[23:14:23] [Server thread/INFO]: [DEBUG] disable disable BMenuApi
[23:14:23] [Server thread/INFO]: [DEBUG] disable disable db
[23:14:23] [Server thread/INFO]: saved 7 items, 150 users and 2 unsold items in 2 ms
[23:14:23] [Server thread/INFO]: [DEBUG] disable unregisterAdapters
