[19:06:38] [Server thread/INFO]: Starting Metrics. Opt-out using the global bStats config.
[19:07:19] [Server thread/INFO]: Enabling BAuction v1.3.3
[19:07:19] [Server thread/INFO]: [DEBUG] enable checkUpdate
[19:07:19] [Server thread/INFO]: [DEBUG] enable enable BMenuApi
[19:07:19] [Server thread/INFO]: [DEBUG] enable load MenuLoader
[19:07:19] [Server thread/INFO]: [DEBUG] enable load db cfg
[19:07:19] [Server thread/INFO]: [DEBUG] enable registerAdapters
[19:07:19] [Server thread/INFO]: [DEBUG] enable load UniqueNameGenerator
[19:07:19] [Server thread/INFO]: [DEBUG] enable load cfg
[19:07:19] [Server thread/INFO]: [DEBUG] enable load assetsManager
[19:07:19] [Server thread/INFO]: [DEBUG] enable load lang
[19:07:19] [Server thread/INFO]: [DEBUG] enable load logger
[19:07:19] [Server thread/INFO]: [DEBUG] enable load event manager
[19:07:19] [Server thread/INFO]: [DEBUG] enable load time util
[19:07:19] [Server thread/INFO]: [DEBUG] enable load TrieManager
[19:07:19] [Server thread/INFO]: [DEBUG] enable load econ
[19:07:19] [Server thread/INFO]: [DEBUG] enable load PAPI hook
[19:07:19] [Server thread/INFO]: [DEBUG] enable load black list
[19:07:19] [Server thread/INFO]: [DEBUG] enable load db
[19:07:19] [Server thread/INFO]: [DEBUG] enable check version
[19:07:19] [Server thread/INFO]: [DEBUG] enable init commands
[19:07:19] [bauc File Db loader/INFO]: Успешно загружено 3 предметов за 18 мс.
[22:17:30] [Server thread/INFO]: [DEBUG] CraftPlayer{name=NIKITACRAFTTZXZ} use command ah 
[22:37:16] [Server thread/INFO]: [DEBUG] CraftPlayer{name=NIKITACRAFTTZXZ} use command ah 
[22:45:27] [Server thread/INFO]: Disabling BAuction v1.3.3
[22:45:27] [Server thread/INFO]: [DEBUG] disable disable PAPI hook
[22:45:27] [Server thread/INFO]: [DEBUG] disable disable logger
[22:45:27] [Server thread/INFO]: [DEBUG] disable disable BMenuApi
[22:45:27] [Server thread/INFO]: [DEBUG] disable disable db
[22:45:27] [Server thread/INFO]: saved 3 items, 16 users and 0 unsold items in 1 ms
[22:45:27] [Server thread/INFO]: [DEBUG] disable unregisterAdapters
