[04:36:35] [Server thread/INFO]: Starting Metrics. Opt-out using the global bStats config.
[04:37:14] [Server thread/INFO]: Enabling BAuction v1.3.3
[04:37:14] [Server thread/INFO]: [DEBUG] enable checkUpdate
[04:37:14] [Server thread/INFO]: [DEBUG] enable enable BMenuApi
[04:37:14] [Server thread/INFO]: [DEBUG] enable load MenuLoader
[04:37:14] [Server thread/INFO]: [DEBUG] enable load db cfg
[04:37:14] [Server thread/INFO]: [DEBUG] enable registerAdapters
[04:37:14] [Server thread/INFO]: [DEBUG] enable load UniqueNameGenerator
[04:37:14] [Server thread/INFO]: [DEBUG] enable load cfg
[04:37:14] [Server thread/INFO]: [DEBUG] enable load assetsManager
[04:37:14] [Server thread/INFO]: [DEBUG] enable load lang
[04:37:14] [Server thread/INFO]: [DEBUG] enable load logger
[04:37:14] [Server thread/INFO]: [DEBUG] enable load event manager
[04:37:14] [Server thread/INFO]: [DEBUG] enable load time util
[04:37:14] [Server thread/INFO]: [DEBUG] enable load TrieManager
[04:37:14] [Server thread/INFO]: [DEBUG] enable load econ
[04:37:14] [Server thread/INFO]: [DEBUG] enable load PAPI hook
[04:37:14] [Server thread/INFO]: [DEBUG] enable load black list
[04:37:14] [Server thread/INFO]: [DEBUG] enable load db
[04:37:14] [Server thread/INFO]: [DEBUG] enable check version
[04:37:14] [Server thread/INFO]: [DEBUG] enable init commands
[04:37:14] [bauc File Db loader/INFO]: Успешно загружено 0 предметов за 17 мс.
[08:59:04] [Server thread/INFO]: Disabling BAuction v1.3.3
[08:59:04] [Server thread/INFO]: [DEBUG] disable disable PAPI hook
[08:59:04] [Server thread/INFO]: [DEBUG] disable disable logger
[08:59:04] [Server thread/INFO]: [DEBUG] disable disable BMenuApi
[08:59:04] [Server thread/INFO]: [DEBUG] disable disable db
[08:59:04] [Server thread/INFO]: saved 0 items, 1 users and 0 unsold items in 1 ms
[08:59:04] [Server thread/INFO]: [DEBUG] disable unregisterAdapters
