[08:44:01] [Server thread/INFO]: Starting Metrics. Opt-out using the global bStats config.
[08:44:55] [Server thread/INFO]: Enabling BAuction v1.3.3
[08:44:55] [Server thread/INFO]: [DEBUG] enable checkUpdate
[08:44:55] [Server thread/INFO]: [DEBUG] enable enable BMenuApi
[08:44:55] [Server thread/INFO]: [DEBUG] enable load MenuLoader
[08:44:55] [Server thread/INFO]: [DEBUG] enable load db cfg
[08:44:55] [Server thread/INFO]: [DEBUG] enable registerAdapters
[08:44:55] [Server thread/INFO]: [DEBUG] enable load UniqueNameGenerator
[08:44:55] [Server thread/INFO]: [DEBUG] enable load cfg
[08:44:55] [Server thread/INFO]: [DEBUG] enable load assetsManager
[08:44:55] [Server thread/INFO]: [DEBUG] enable load lang
[08:44:55] [Server thread/INFO]: [DEBUG] enable load logger
[08:44:55] [Server thread/INFO]: [DEBUG] enable load event manager
[08:44:55] [Server thread/INFO]: [DEBUG] enable load time util
[08:44:55] [Server thread/INFO]: [DEBUG] enable load TrieManager
[08:44:55] [Server thread/INFO]: [DEBUG] enable load econ
[08:44:55] [Server thread/INFO]: [DEBUG] enable load PAPI hook
[08:44:55] [Server thread/INFO]: [DEBUG] enable load black list
[08:44:55] [Server thread/INFO]: [DEBUG] enable load db
[08:44:55] [Server thread/INFO]: [DEBUG] enable check version
[08:44:55] [Server thread/INFO]: [DEBUG] enable init commands
[08:44:55] [bauc File Db loader/INFO]: Успешно загружено 11 предметов за 19 мс.
[08:46:07] [Server thread/INFO]: [DEBUG] CraftPlayer{name=ASIgumnov83} use command ah 
[08:50:51] [Server thread/INFO]: [DEBUG] CraftPlayer{name=ASIgumnov83} use command ah sell 1000
[08:51:18] [Server thread/INFO]: [DEBUG] CraftPlayer{name=ASIgumnov83} use command ah sell 1000
[08:51:20] [Server thread/INFO]: [DEBUG] CraftPlayer{name=ASIgumnov83} use command ah 
[08:52:10] [Server thread/INFO]: [DEBUG] CraftPlayer{name=ASIgumnov83} use command ah sell 100
[08:52:23] [Server thread/INFO]: [DEBUG] CraftPlayer{name=ASIgumnov83} use command ah sell 150
[08:53:38] [Server thread/INFO]: [DEBUG] CraftPlayer{name=ASIgumnov83} use command ah 
[08:53:54] [Server thread/INFO]: [DEBUG] CraftPlayer{name=ASIgumnov83} use command ah sell 4000
[09:10:59] [Server thread/INFO]: [DEBUG] CraftPlayer{name=valmat12} use command ah 
[09:11:22] [Server thread/INFO]: [DEBUG] CraftPlayer{name=valmat12} use command ah sell 20000
[09:11:36] [Server thread/INFO]: [DEBUG] CraftPlayer{name=valmat12} use command ah sell 100
[09:11:39] [Server thread/INFO]: [DEBUG] CraftPlayer{name=valmat12} use command ah 
[09:38:57] [Server thread/INFO]: [DEBUG] CraftPlayer{name=valmat12} use command ah 
[09:39:25] [Server thread/INFO]: [DEBUG] CraftPlayer{name=valmat12} use command ah sell 100000
[09:39:36] [Server thread/INFO]: [DEBUG] CraftPlayer{name=valmat12} use command ah 
[09:39:40] [Server thread/INFO]: [DEBUG] CraftPlayer{name=Shahmar2011} use command ah 
[09:39:59] [Server thread/INFO]: [DEBUG] CraftPlayer{name=valmat12} use command ah sell 100000
[09:40:02] [Server thread/INFO]: [DEBUG] CraftPlayer{name=Shahmar2011} use command ah sell 400
[09:40:04] [Server thread/INFO]: [DEBUG] CraftPlayer{name=valmat12} use command ah 
[09:40:12] [Server thread/INFO]: [DEBUG] CraftPlayer{name=reclau} use command ah 
[09:40:21] [Server thread/INFO]: [DEBUG] CraftPlayer{name=Rodionmen2931} use command ah 
[09:40:54] [Server thread/INFO]: [DEBUG] CraftPlayer{name=Rodionmen2931} use command ah 
[09:42:38] [Server thread/INFO]: [DEBUG] CraftPlayer{name=Rodionmen2931} use command ah sell 800
[09:42:48] [Server thread/INFO]: [DEBUG] CraftPlayer{name=Rodionmen2931} use command ah 
[09:43:43] [Server thread/INFO]: [DEBUG] CraftPlayer{name=Rodionmen2931} use command ah sell 900
[09:44:37] [Server thread/INFO]: [DEBUG] CraftPlayer{name=valmat12} use command ah 
[09:48:18] [Server thread/INFO]: [DEBUG] CraftPlayer{name=reclau} use command ah 
[09:49:14] [Server thread/INFO]: [DEBUG] CraftPlayer{name=ASIgumnov83} use command ah sell 3500
[09:49:33] [Server thread/INFO]: [DEBUG] CraftPlayer{name=ASIgumnov83} use command ah sell 4000
[09:49:36] [Server thread/INFO]: [DEBUG] CraftPlayer{name=ASIgumnov83} use command ah 
[09:51:18] [Server thread/INFO]: [DEBUG] CraftPlayer{name=reclau} use command ah 
[09:51:47] [Server thread/INFO]: [DEBUG] CraftPlayer{name=valmat12} use command ah 
[09:54:18] [Server thread/INFO]: [DEBUG] CraftPlayer{name=Flox} use command ah 
[10:15:12] [Server thread/INFO]: [DEBUG] CraftPlayer{name=ASIgumnov83} use command ah 
[10:22:59] [Server thread/INFO]: [DEBUG] CraftPlayer{name=ASIgumnov83} use command ah 
[10:23:03] [Server thread/INFO]: [DEBUG] CraftPlayer{name=Shahmar2011} use command ah 
[10:23:12] [Server thread/INFO]: [DEBUG] CraftPlayer{name=Shahmar2011} use command ah 
[10:28:55] [Server thread/INFO]: [DEBUG] CraftPlayer{name=Mananakla} use command ah 
[10:29:22] [Server thread/INFO]: [DEBUG] CraftPlayer{name=Mananakla} use command ah 
[10:55:23] [Server thread/INFO]: [DEBUG] CraftPlayer{name=Mananakla} use command ah 
[10:55:51] [Server thread/INFO]: [DEBUG] CraftPlayer{name=Mananakla} use command ah sell 50
[11:05:10] [Server thread/INFO]: [DEBUG] CraftPlayer{name=GON4IK} use command ah 
[11:06:10] [Server thread/INFO]: [DEBUG] CraftPlayer{name=Rodionmen2931} use command ah 
[11:15:23] [Server thread/INFO]: [DEBUG] CraftPlayer{name=GreedyCarbon} use command ah 
[11:15:59] [Server thread/INFO]: [DEBUG] CraftPlayer{name=AAIgumnov14} use command ah 
[11:17:29] [Server thread/INFO]: [DEBUG] CraftPlayer{name=AAIgumnov14} use command ah sell 100 full
[11:18:11] [Server thread/INFO]: [DEBUG] CraftPlayer{name=ASIgumnov83} use command ah 
[11:18:25] [Server thread/INFO]: [DEBUG] CraftPlayer{name=ASIgumnov83} use command ah 
[11:19:21] [Server thread/INFO]: [DEBUG] CraftPlayer{name=ASIgumnov83} use command ah sell 50 full
[11:31:01] [Server thread/INFO]: [DEBUG] CraftPlayer{name=ASIgumnov83} use command ah 
[11:37:54] [Server thread/INFO]: [DEBUG] CraftPlayer{name=Mananakla} use command ah sell 50
[11:38:00] [Server thread/INFO]: [DEBUG] CraftPlayer{name=Mananakla} use command ah 
[11:43:59] [Server thread/INFO]: [DEBUG] CraftPlayer{name=GON4IK} use command ah 
[11:51:39] [Server thread/INFO]: [DEBUG] CraftPlayer{name=Mananakla} use command ah sell 200
[11:52:13] [Server thread/INFO]: [DEBUG] CraftPlayer{name=Mananakla} use command ah 
[11:52:44] [Server thread/INFO]: [DEBUG] CraftPlayer{name=Mananakla} use command ah 
[11:53:27] [Server thread/INFO]: [DEBUG] CraftPlayer{name=Mananakla} use command ah sell 50
[11:53:35] [Server thread/INFO]: [DEBUG] CraftPlayer{name=Mananakla} use command ah sell 50
[11:55:33] [Server thread/INFO]: [DEBUG] CraftPlayer{name=reclau} use command ah 
[11:55:45] [Server thread/INFO]: [DEBUG] CraftPlayer{name=ASIgumnov83} use command ah 
[11:55:49] [Server thread/INFO]: [DEBUG] CraftPlayer{name=AAIgumnov14} use command ah 
[11:55:50] [Server thread/INFO]: [DEBUG] CraftPlayer{name=reclau} use command ah 
[11:56:22] [Server thread/INFO]: [DEBUG] CraftPlayer{name=ASIgumnov83} use command ah sell 1 full
[11:56:35] [Server thread/INFO]: [DEBUG] CraftPlayer{name=ASIgumnov83} use command ah sell 10 full
[11:57:18] [Server thread/INFO]: [DEBUG] CraftPlayer{name=ASIgumnov83} use command ah 
[11:57:49] [Server thread/INFO]: [DEBUG] CraftPlayer{name=ASIgumnov83} use command ah 
[12:03:44] [Server thread/INFO]: [DEBUG] CraftPlayer{name=Mananakla} use command ah 
[12:03:51] [Server thread/INFO]: [DEBUG] CraftPlayer{name=Mananakla} use command ah 
[12:04:14] [Server thread/INFO]: [DEBUG] CraftPlayer{name=Mananakla} use command ah sell 200
[12:04:26] [Server thread/INFO]: [DEBUG] CraftPlayer{name=Mananakla} use command ah sell 200
[12:11:19] [Server thread/INFO]: [DEBUG] CraftPlayer{name=ASIgumnov83} use command ah 
[12:12:08] [Server thread/INFO]: [DEBUG] CraftPlayer{name=AAIgumnov14} use command ah sell 20 full
[12:18:40] [Server thread/INFO]: [DEBUG] CraftPlayer{name=AAIgumnov14} use command ah 
[12:18:55] [Server thread/INFO]: [DEBUG] CraftPlayer{name=ASIgumnov83} use command ah 
[12:19:17] [Server thread/INFO]: [DEBUG] CraftPlayer{name=ASIgumnov83} use command ah sell 10 full
[12:22:09] [Server thread/INFO]: [DEBUG] CraftPlayer{name=ASIgumnov83} use command ah sell 100 full
[12:22:13] [Server thread/INFO]: [DEBUG] CraftPlayer{name=ASIgumnov83} use command ah 
[12:22:28] [Server thread/INFO]: [DEBUG] CraftPlayer{name=ASIgumnov83} use command ah sell 20 full
[12:24:12] [Server thread/INFO]: [DEBUG] CraftPlayer{name=WizenSet2713655} use command ah 
[12:24:28] [Server thread/INFO]: [DEBUG] CraftPlayer{name=WizenSet2713655} use command ah 
[12:25:05] [Server thread/INFO]: [DEBUG] CraftPlayer{name=ASIgumnov83} use command ah 
[12:25:21] [Server thread/INFO]: [DEBUG] CraftPlayer{name=Mananakla} use command ah 
[12:25:26] [Server thread/INFO]: [DEBUG] CraftPlayer{name=ASIgumnov83} use command ah sell 20 full
[12:29:24] [Server thread/INFO]: [DEBUG] CraftPlayer{name=GreedyCarbon} use command ah 
[12:31:17] [Server thread/INFO]: [DEBUG] CraftPlayer{name=Shahmar2011} use command ah 
[12:31:52] [Server thread/INFO]: [DEBUG] CraftPlayer{name=LUTIcat_yt} use command ah 
[12:45:13] [Server thread/INFO]: [DEBUG] CraftPlayer{name=AAIgumnov14} use command ah 
[12:45:15] [Server thread/INFO]: [DEBUG] CraftPlayer{name=ASIgumnov83} use command ah sell 10 full
[12:45:20] [Server thread/INFO]: [DEBUG] CraftPlayer{name=ASIgumnov83} use command ah 
[12:45:31] [Server thread/INFO]: [DEBUG] CraftPlayer{name=ASIgumnov83} use command ah sell 10 full
[13:05:53] [Server thread/INFO]: [DEBUG] CraftPlayer{name=GreedyCarbon} use command ah 
[13:11:09] [Server thread/INFO]: [DEBUG] CraftPlayer{name=LUTIcat_yt} use command ah 
[13:13:43] [Server thread/INFO]: [DEBUG] CraftPlayer{name=Maho993} use command ah 
[13:13:46] [Server thread/INFO]: [DEBUG] CraftPlayer{name=arspro} use command ah 
[13:14:19] [Server thread/INFO]: [DEBUG] CraftPlayer{name=Shahmar2011} use command ah 
[13:14:51] [Server thread/INFO]: [DEBUG] CraftPlayer{name=LUTIcat_yt} use command ah 
[13:15:08] [Server thread/INFO]: [DEBUG] CraftPlayer{name=arspro} use command ah 
[13:15:55] [Server thread/INFO]: [DEBUG] CraftPlayer{name=arspro} use command ah 
[13:18:17] [Server thread/INFO]: [DEBUG] CraftPlayer{name=LUTIcat_yt} use command ah sell 100
[13:18:20] [Server thread/INFO]: [DEBUG] CraftPlayer{name=LUTIcat_yt} use command ah 
[13:21:15] [Server thread/INFO]: [DEBUG] CraftPlayer{name=Shahmar2011} use command ah sell 400
[13:21:21] [Server thread/INFO]: [DEBUG] CraftPlayer{name=Rodionmen2931} use command ah 
[13:30:42] [Server thread/INFO]: [DEBUG] CraftPlayer{name=niksharypov08} use command ah 
[13:31:04] [Server thread/INFO]: [DEBUG] CraftPlayer{name=GreedyCarbon} use command ah sell 100
[13:31:20] [Server thread/INFO]: [DEBUG] CraftPlayer{name=GreedyCarbon} use command ah sell 140
[13:31:41] [Server thread/INFO]: [DEBUG] CraftPlayer{name=GreedyCarbon} use command ah sell 75
[13:31:48] [Server thread/INFO]: [DEBUG] CraftPlayer{name=GreedyCarbon} use command ah 
[13:36:14] [Server thread/INFO]: [DEBUG] CraftPlayer{name=Shahmar2011} use command ah 
[13:38:52] [Server thread/INFO]: [DEBUG] CraftPlayer{name=AAIgumnov14} use command ah 
[13:38:55] [Server thread/INFO]: [DEBUG] CraftPlayer{name=ASIgumnov83} use command ah sell 10 full
[13:39:13] [Server thread/INFO]: [DEBUG] CraftPlayer{name=Shahmar2011} use command ah sell 10
[13:45:14] [Server thread/INFO]: [DEBUG] CraftPlayer{name=Maho993} use command ah 
[13:56:46] [Server thread/INFO]: [DEBUG] CraftPlayer{name=GreedyCarbon} use command ah 
[14:00:06] [Server thread/INFO]: [DEBUG] CraftPlayer{name=ASIgumnov83} use command ah sell 500 full
[14:10:51] [Server thread/INFO]: [DEBUG] CraftPlayer{name=ASIgumnov83} use command ah 
[14:56:11] [Server thread/INFO]: [DEBUG] CraftPlayer{name=reclau} use command ah 
[15:06:02] [Server thread/INFO]: [DEBUG] CraftPlayer{name=Maho993} use command ah 
[15:17:23] [Server thread/INFO]: [DEBUG] CraftPlayer{name=Shahmar2011} use command ah 
[15:29:26] [Server thread/INFO]: [DEBUG] CraftPlayer{name=Mananakla} use command ah 
[15:30:19] [Server thread/INFO]: [DEBUG] CraftPlayer{name=Mananakla} use command ah sell 25
[15:30:25] [Server thread/INFO]: [DEBUG] CraftPlayer{name=Mananakla} use command ah 
[15:30:50] [Server thread/INFO]: [DEBUG] CraftPlayer{name=zhenya_pro1026} use command ah sell 30
[15:31:01] [Server thread/INFO]: [DEBUG] CraftPlayer{name=zhenya_pro1026} use command ah sell 30
[15:50:28] [Server thread/INFO]: [DEBUG] CraftPlayer{name=Maho993} use command ah 
[16:02:00] [Server thread/INFO]: [DEBUG] CraftPlayer{name=Shahmar2011} use command ah 
[16:02:12] [Server thread/INFO]: [DEBUG] CraftPlayer{name=valmat13} use command ah 
[16:02:24] [Server thread/INFO]: [DEBUG] CraftPlayer{name=Shahmar2011} use command ah 
[16:11:57] [Server thread/INFO]: [DEBUG] CraftPlayer{name=megawsasan} use command ah 
[16:23:01] [Server thread/INFO]: [DEBUG] CraftPlayer{name=valmat13} use command ah 
[16:23:01] [Server thread/INFO]: [DEBUG] CraftPlayer{name=Its_FRY9281} use command ah 
[16:23:22] [Server thread/INFO]: [DEBUG] CraftPlayer{name=valmat13} use command ah 
[16:24:07] [Server thread/INFO]: [DEBUG] CraftPlayer{name=Shahmar2011} use command ah 
[16:25:15] [Server thread/INFO]: [DEBUG] CraftPlayer{name=valmat13} use command ah sell 100000000000000
[16:25:26] [Server thread/INFO]: [DEBUG] CraftPlayer{name=valmat13} use command ah sell 10000000
[16:25:34] [Server thread/INFO]: [DEBUG] CraftPlayer{name=Shahmar2011} use command ah 
[16:25:36] [Server thread/INFO]: [DEBUG] CraftPlayer{name=valmat13} use command ah sell 10000000
[16:25:45] [Server thread/INFO]: [DEBUG] CraftPlayer{name=Its_FRY9281} use command ah 
[16:25:52] [Server thread/INFO]: [DEBUG] CraftPlayer{name=valmat13} use command ah 
[16:30:03] [Server thread/INFO]: [DEBUG] CraftPlayer{name=SNAKE26082001} use command auc 
[16:43:54] [Server thread/INFO]: [DEBUG] CraftPlayer{name=werr1x_} use command ah 
[16:51:44] [Server thread/INFO]: [DEBUG] CraftPlayer{name=Giyu_Tomioka438} use command ah 
[16:53:51] [Server thread/INFO]: [DEBUG] CraftPlayer{name=Shahmar2011} use command ah 
[16:54:01] [Server thread/INFO]: [DEBUG] CraftPlayer{name=Shahmar2011} use command ah 
[16:54:07] [Server thread/INFO]: [DEBUG] CraftPlayer{name=Rodionmen2931} use command ah 
[16:54:19] [Server thread/INFO]: [DEBUG] CraftPlayer{name=Shahmar2011} use command ah 
[16:58:18] [Server thread/INFO]: [DEBUG] CraftPlayer{name=Giyu_Tomioka438} use command ah 
[17:00:07] [Server thread/INFO]: [DEBUG] CraftPlayer{name=werr1x_} use command ah 
[17:00:34] [Server thread/INFO]: [DEBUG] CraftPlayer{name=werr1x_} use command ah 
[17:10:29] [Server thread/INFO]: [DEBUG] CraftPlayer{name=GON4IK} use command ah 
[18:22:53] [Server thread/INFO]: [DEBUG] CraftPlayer{name=KLauncher_npitnd} use command ah 
[19:02:39] [Server thread/INFO]: [DEBUG] CraftPlayer{name=Imreq77} use command ah 
[19:08:35] [Server thread/INFO]: [DEBUG] CraftPlayer{name=Shahmar2011} use command ah 
[19:08:54] [Server thread/INFO]: [DEBUG] CraftPlayer{name=Shahmar2011} use command ah sell 400
[19:35:09] [Server thread/INFO]: [DEBUG] CraftPlayer{name=ASIgumnov83} use command ah 
[19:35:56] [Server thread/INFO]: [DEBUG] CraftPlayer{name=AAIgumnov14} use command ah 
[19:46:45] [Server thread/INFO]: [DEBUG] CraftPlayer{name=CookedeggMin} use command ah 
[19:50:56] [Server thread/INFO]: [DEBUG] CraftPlayer{name=Shahmar2011} use command ah 
[20:08:46] [Server thread/INFO]: [DEBUG] CraftPlayer{name=megawsasan} use command ah 
[20:28:52] [Server thread/INFO]: [DEBUG] CraftPlayer{name=Shahmar2011} use command ah 
[20:44:44] [Server thread/INFO]: [DEBUG] CraftPlayer{name=zhenya_pro1026} use command ah sell 49
[21:04:33] [Server thread/INFO]: [DEBUG] CraftPlayer{name=nco7eYT} use command ah 
[21:04:59] [Server thread/INFO]: [DEBUG] CraftPlayer{name=nco7eYT} use command ah 
[21:32:19] [Server thread/INFO]: [DEBUG] CraftPlayer{name=ASIgumnov83} use command ah 
[21:58:51] [Server thread/INFO]: [DEBUG] CraftPlayer{name=ASIgumnov83} use command ah 
[21:59:14] [Server thread/INFO]: [DEBUG] CraftPlayer{name=ASIgumnov83} use command ah sell 100
[22:23:42] [Server thread/INFO]: [DEBUG] CraftPlayer{name=Wissendorf} use command ah 
[23:32:52] [Server thread/INFO]: [DEBUG] CraftPlayer{name=ASIgumnov83} use command ah 
[00:16:34] [Server thread/INFO]: [DEBUG] CraftPlayer{name=nco7eYT} use command ah 
[00:45:45] [Server thread/INFO]: [DEBUG] CraftPlayer{name=Dogic64p} use command ah 
[00:48:45] [Server thread/INFO]: [DEBUG] CraftPlayer{name=nco7eYT} use command ah sell 50
[00:53:51] [Server thread/INFO]: [DEBUG] CraftPlayer{name=nco7eYT} use command ah 
[00:58:16] [Server thread/INFO]: [DEBUG] CraftPlayer{name=nco7eYT} use command ah sell 50
[01:07:10] [Server thread/INFO]: [DEBUG] CraftPlayer{name=nco7eYT} use command ah 
[01:10:27] [Server thread/INFO]: [DEBUG] CraftPlayer{name=nco7eYT} use command ah 
[01:16:59] [Server thread/INFO]: [DEBUG] CraftPlayer{name=nco7eYT} use command ah 
[01:19:01] [Server thread/INFO]: [DEBUG] CraftPlayer{name=nco7eYT} use command ah 
[01:19:13] [Server thread/INFO]: [DEBUG] CraftPlayer{name=nco7eYT} use command ah 
[01:19:38] [Server thread/INFO]: [DEBUG] CraftPlayer{name=nco7eYT} use command ah 
[01:33:57] [Server thread/INFO]: [DEBUG] CraftPlayer{name=nco7eYT} use command ah 
[01:34:23] [Server thread/INFO]: [DEBUG] CraftPlayer{name=nco7eYT} use command ah sell 1000
[02:24:22] [Server thread/INFO]: [DEBUG] CraftPlayer{name=nco7eYT} use command ah shop
[04:08:01] [Server thread/INFO]: [DEBUG] CraftPlayer{name=Rauds} use command ah 
[05:23:57] [Server thread/INFO]: [DEBUG] CraftPlayer{name=Covvu288} use command auc 
[05:24:10] [Server thread/INFO]: [DEBUG] CraftPlayer{name=Covvu288} use command auc 
[05:24:18] [Server thread/INFO]: [DEBUG] CraftPlayer{name=Imreq77} use command ah 
[05:24:27] [Server thread/INFO]: [DEBUG] CraftPlayer{name=Covvu288} use command auc 
[05:34:03] [Server thread/INFO]: [DEBUG] CraftPlayer{name=Rodionmen2931} use command ah 
[05:34:40] [Server thread/INFO]: [DEBUG] CraftPlayer{name=Rodionmen2931} use command ah 
[05:35:09] [Server thread/INFO]: [DEBUG] CraftPlayer{name=Rodionmen2931} use command ah 
[05:38:55] [Server thread/INFO]: [DEBUG] CraftPlayer{name=Imreq77} use command ah 
[05:57:42] [Server thread/INFO]: [DEBUG] CraftPlayer{name=arspro} use command ah 
[05:58:05] [Server thread/INFO]: [DEBUG] CraftPlayer{name=LUTIcat_yt} use command ah 
[06:19:58] [Server thread/INFO]: [DEBUG] CraftPlayer{name=GreedyCarbon} use command ah 
[06:23:29] [Server thread/INFO]: [DEBUG] CraftPlayer{name=arspro} use command ah 
[06:43:21] [Server thread/INFO]: [DEBUG] CraftPlayer{name=FairCactus73356} use command ah 
[06:51:16] [Server thread/INFO]: [DEBUG] CraftPlayer{name=Rodionmen2931} use command ah 
[06:51:31] [Server thread/INFO]: [DEBUG] CraftPlayer{name=Rodionmen2931} use command ah 
[07:03:37] [Server thread/INFO]: [DEBUG] CraftPlayer{name=arspro} use command ah 
[07:05:39] [Server thread/INFO]: [DEBUG] CraftPlayer{name=Rodionmen2931} use command ah 
[07:21:15] [Server thread/INFO]: [DEBUG] CraftPlayer{name=LUTIcat_yt} use command ah 
[07:21:31] [Server thread/INFO]: [DEBUG] CraftPlayer{name=arspro} use command ah 
[07:21:59] [Server thread/INFO]: [DEBUG] CraftPlayer{name=arspro} use command ah 
[07:22:08] [Server thread/INFO]: [DEBUG] CraftPlayer{name=LUTIcat_yt} use command ah 
[07:22:56] [Server thread/INFO]: [DEBUG] CraftPlayer{name=arspro} use command ah 
[07:27:36] [Server thread/INFO]: [DEBUG] CraftPlayer{name=nco7eYT} use command ah 
[07:29:04] [Server thread/INFO]: [DEBUG] CraftPlayer{name=LUTIcat_yt} use command ah 
[07:36:36] [Server thread/INFO]: [DEBUG] CraftPlayer{name=LUTIcat_yt} use command ah 
[07:46:16] [Server thread/INFO]: [DEBUG] CraftPlayer{name=LUTIcat_yt} use command ah 
[07:55:05] [Server thread/INFO]: [DEBUG] CraftPlayer{name=LUTIcat_yt} use command ah 
[07:59:05] [Server thread/INFO]: [DEBUG] CraftPlayer{name=arspro} use command ah 
[08:03:16] [Server thread/INFO]: [DEBUG] CraftPlayer{name=nco7eYT} use command ah 
[08:03:57] [Server thread/INFO]: [DEBUG] CraftPlayer{name=nco7eYT} use command ah sell 150
[08:04:02] [Server thread/INFO]: [DEBUG] CraftPlayer{name=nco7eYT} use command ah 
[08:04:19] [Server thread/INFO]: [DEBUG] CraftPlayer{name=nco7eYT} use command ah sell 150
[08:20:35] [Server thread/INFO]: [DEBUG] CraftPlayer{name=GrOmIk8} use command ah 
[08:25:07] [Server thread/INFO]: [DEBUG] CraftPlayer{name=GrOmIk8} use command ah 
[08:30:34] [Server thread/INFO]: [DEBUG] CraftPlayer{name=GrOmIk8} use command ah 
[08:35:16] [Server thread/INFO]: [DEBUG] CraftPlayer{name=GrOmIk8} use command ah 
[08:42:52] [Server thread/INFO]: [DEBUG] CraftPlayer{name=arspro} use command ah 
[08:53:34] [Server thread/INFO]: [DEBUG] CraftPlayer{name=arspro} use command ah 
[08:55:12] [Server thread/INFO]: [DEBUG] CraftPlayer{name=arspro} use command ah 
[09:01:47] [Server thread/INFO]: [DEBUG] CraftPlayer{name=FastiK50p} use command ah 
[10:20:06] [Server thread/INFO]: [DEBUG] CraftPlayer{name=Laisidfns} use command ah 
[10:31:28] [Server thread/INFO]: [DEBUG] CraftPlayer{name=GreedyCarbon} use command ah 
[10:40:06] [Server thread/INFO]: [DEBUG] CraftPlayer{name=Shahmar2011} use command ah 
[10:40:52] [Server thread/INFO]: [DEBUG] CraftPlayer{name=Shahmar2011} use command ah 
[10:41:26] [Server thread/INFO]: [DEBUG] CraftPlayer{name=Shahmar2011} use command ah 
[10:41:31] [Server thread/INFO]: [DEBUG] CraftPlayer{name=Rodionmen2931} use command ah sell 5
[10:42:01] [Server thread/INFO]: [DEBUG] CraftPlayer{name=Rodionmen2931} use command ah sell 10
[10:42:11] [Server thread/INFO]: [DEBUG] CraftPlayer{name=Shahmar2011} use command ah 
[10:52:58] [Server thread/INFO]: Disabling BAuction v1.3.3
[10:52:58] [Server thread/INFO]: [DEBUG] disable disable PAPI hook
[10:52:58] [Server thread/INFO]: [DEBUG] disable disable logger
[10:52:58] [Server thread/INFO]: [DEBUG] disable disable BMenuApi
[10:52:58] [Server thread/INFO]: [DEBUG] disable disable db
[10:52:58] [Server thread/INFO]: saved 11 items, 116 users and 4 unsold items in 2 ms
[10:52:58] [Server thread/INFO]: [DEBUG] disable unregisterAdapters
