[20:38:21] [Server thread/INFO]: Starting Metrics. Opt-out using the global bStats config.
[20:39:02] [Server thread/INFO]: Enabling BAuction v1.3.3
[20:39:02] [Server thread/INFO]: [DEBUG] enable checkUpdate
[20:39:02] [Server thread/INFO]: [DEBUG] enable enable BMenuApi
[20:39:02] [Server thread/INFO]: [DEBUG] enable load MenuLoader
[20:39:02] [Server thread/INFO]: [DEBUG] enable load db cfg
[20:39:02] [Server thread/INFO]: [DEBUG] enable registerAdapters
[20:39:02] [Server thread/INFO]: [DEBUG] enable load UniqueNameGenerator
[20:39:02] [Server thread/INFO]: [DEBUG] enable load cfg
[20:39:02] [Server thread/INFO]: [DEBUG] enable load assetsManager
[20:39:02] [Server thread/INFO]: [DEBUG] enable load lang
[20:39:02] [Server thread/INFO]: [DEBUG] enable load logger
[20:39:02] [Server thread/INFO]: [DEBUG] enable load event manager
[20:39:02] [Server thread/INFO]: [DEBUG] enable load time util
[20:39:02] [Server thread/INFO]: [DEBUG] enable load TrieManager
[20:39:02] [Server thread/INFO]: [DEBUG] enable load econ
[20:39:02] [Server thread/INFO]: [DEBUG] enable load PAPI hook
[20:39:02] [Server thread/INFO]: [DEBUG] enable load black list
[20:39:02] [Server thread/INFO]: [DEBUG] enable load db
[20:39:02] [Server thread/INFO]: [DEBUG] enable check version
[20:39:02] [Server thread/INFO]: [DEBUG] enable init commands
[20:39:02] [bauc File Db loader/INFO]: Успешно загружено 0 предметов за 14 мс.
[22:12:10] [Server thread/INFO]: [DEBUG] CraftPlayer{name=OneMaksKill} use command ah 
[22:14:54] [Server thread/INFO]: Disabling BAuction v1.3.3
[22:14:54] [Server thread/INFO]: [DEBUG] disable disable PAPI hook
[22:14:54] [Server thread/INFO]: [DEBUG] disable disable logger
[22:14:54] [Server thread/INFO]: [DEBUG] disable disable BMenuApi
[22:14:54] [Server thread/INFO]: [DEBUG] disable disable db
[22:14:54] [Server thread/INFO]: saved 0 items, 1 users and 0 unsold items in 2 ms
[22:14:54] [Server thread/INFO]: [DEBUG] disable unregisterAdapters
