[15:46:54] [Server thread/INFO]: Starting Metrics. Opt-out using the global bStats config.
[15:47:49] [Server thread/INFO]: Enabling BAuction v1.3.3
[15:47:49] [Server thread/INFO]: [DEBUG] enable checkUpdate
[15:47:49] [Server thread/INFO]: [DEBUG] enable enable BMenuApi
[15:47:49] [Server thread/INFO]: [DEBUG] enable load MenuLoader
[15:47:49] [Server thread/INFO]: [DEBUG] enable load db cfg
[15:47:49] [Server thread/INFO]: [DEBUG] enable registerAdapters
[15:47:49] [Server thread/INFO]: [DEBUG] enable load UniqueNameGenerator
[15:47:49] [Server thread/INFO]: [DEBUG] enable load cfg
[15:47:49] [Server thread/INFO]: [DEBUG] enable load assetsManager
[15:47:49] [Server thread/INFO]: [DEBUG] enable load lang
[15:47:49] [Server thread/INFO]: [DEBUG] enable load logger
[15:47:49] [Server thread/INFO]: [DEBUG] enable load event manager
[15:47:49] [Server thread/INFO]: [DEBUG] enable load time util
[15:47:49] [Server thread/INFO]: [DEBUG] enable load TrieManager
[15:47:49] [Server thread/INFO]: [DEBUG] enable load econ
[15:47:49] [Server thread/INFO]: [DEBUG] enable load PAPI hook
[15:47:49] [Server thread/INFO]: [DEBUG] enable load black list
[15:47:49] [Server thread/INFO]: [DEBUG] enable load db
[15:47:49] [Server thread/INFO]: [DEBUG] enable check version
[15:47:49] [Server thread/INFO]: [DEBUG] enable init commands
[15:47:49] [bauc File Db loader/INFO]: Успешно загружено 29 предметов за 22 мс.
[15:52:32] [Server thread/INFO]: [DEBUG] CraftPlayer{name=Mananakla} use command ah 
[15:58:34] [Server thread/INFO]: [DEBUG] CraftPlayer{name=Tenikcalmy} use command ah 
[16:00:19] [Server thread/INFO]: [DEBUG] CraftPlayer{name=Tenikcalmy} use command ah sell 200
[16:00:57] [Server thread/INFO]: [DEBUG] CraftPlayer{name=Tenikcalmy} use command ah 
[16:23:47] [Server thread/INFO]: [DEBUG] CraftPlayer{name=bebri019} use command ah 
[16:36:03] [Server thread/INFO]: [DEBUG] CraftPlayer{name=DIMOLL} use command ah 
[16:43:52] [Server thread/INFO]: [DEBUG] CraftPlayer{name=Krot1010} use command ah 
[17:10:46] [Server thread/INFO]: [DEBUG] CraftPlayer{name=Smerdoglot228} use command ah 
[17:44:56] [Server thread/INFO]: [DEBUG] CraftPlayer{name=Bebrachuh3} use command ah 
[17:45:04] [Server thread/INFO]: [DEBUG] CraftPlayer{name=Bebrachuh3} use command ah 
[17:59:41] [Server thread/INFO]: [DEBUG] CraftPlayer{name=YareYare4008} use command ah 
[17:59:43] [Server thread/INFO]: [DEBUG] CraftPlayer{name=YareYare4008} use command ah 
[17:59:46] [Server thread/INFO]: [DEBUG] CraftPlayer{name=YareYare4008} use command ah 
[18:19:26] [Server thread/INFO]: [DEBUG] CraftPlayer{name=YareYare4008} use command ah 
[18:26:01] [Server thread/INFO]: [DEBUG] CraftPlayer{name=Krot1010} use command ah 
[18:33:35] [Server thread/INFO]: [DEBUG] CraftPlayer{name=Krot1010} use command ah 
[18:38:59] [Server thread/INFO]: [DEBUG] CraftPlayer{name=AAIgumnov14} use command ah 
[18:41:03] [Server thread/INFO]: [DEBUG] CraftPlayer{name=ASIgumnov83} use command ah 
[18:41:04] [Server thread/INFO]: [DEBUG] CraftPlayer{name=AAIgumnov14} use command ah sell 10 full
[18:43:46] [Server thread/INFO]: [DEBUG] CraftPlayer{name=bebri019} use command ah 
[18:43:50] [Server thread/INFO]: [DEBUG] CraftPlayer{name=bebri019} use command ah 
[18:50:52] [Server thread/INFO]: [DEBUG] CraftPlayer{name=YareYare4008} use command ah 
[18:51:28] [Server thread/INFO]: [DEBUG] CraftPlayer{name=AAIgumnov14} use command ah 
[18:52:17] [Server thread/INFO]: [DEBUG] CraftPlayer{name=AAIgumnov14} use command ah 
[19:05:00] [Server thread/INFO]: [DEBUG] CraftPlayer{name=Sujuya} use command ah 
[19:45:47] [Server thread/INFO]: [DEBUG] CraftPlayer{name=DIMOLL} use command ah sell 2000
[19:45:52] [Server thread/INFO]: [DEBUG] CraftPlayer{name=Smerdoglot228} use command ah 
[19:48:20] [Server thread/INFO]: [DEBUG] CraftPlayer{name=DIMOLL} use command ah sell 2000
[19:48:24] [Server thread/INFO]: [DEBUG] CraftPlayer{name=DIMOLL} use command ah sell 2000
[19:48:35] [Server thread/INFO]: [DEBUG] CraftPlayer{name=DIMOLL} use command ah sell 2000
[19:48:47] [Server thread/INFO]: [DEBUG] CraftPlayer{name=DIMOLL} use command ah sell 2000
[19:48:51] [Server thread/INFO]: [DEBUG] CraftPlayer{name=Sujuya} use command ah 
[19:50:39] [Server thread/INFO]: [DEBUG] CraftPlayer{name=Sujuya} use command ah sel 20
[19:50:52] [Server thread/INFO]: [DEBUG] CraftPlayer{name=Sujuya} use command ah sell 20
[19:51:01] [Server thread/INFO]: [DEBUG] CraftPlayer{name=Sujuya} use command ah sell 20
[19:51:08] [Server thread/INFO]: [DEBUG] CraftPlayer{name=Sujuya} use command ah sell 20
[19:51:20] [Server thread/INFO]: [DEBUG] CraftPlayer{name=Sujuya} use command ah sell 20
[19:51:27] [Server thread/INFO]: [DEBUG] CraftPlayer{name=Sujuya} use command ah sell 20
[19:51:36] [Server thread/INFO]: [DEBUG] CraftPlayer{name=Sujuya} use command ah sell 20
[19:51:50] [Server thread/INFO]: [DEBUG] CraftPlayer{name=Sujuya} use command ah sell 20
[19:51:59] [Server thread/INFO]: [DEBUG] CraftPlayer{name=Sujuya} use command ah sell 20
[19:52:07] [Server thread/INFO]: [DEBUG] CraftPlayer{name=Sujuya} use command ah sell 20
[19:52:18] [Server thread/INFO]: [DEBUG] CraftPlayer{name=Sujuya} use command ah sell 20
[19:52:27] [Server thread/INFO]: [DEBUG] CraftPlayer{name=Sujuya} use command ah sell 20
[19:52:36] [Server thread/INFO]: [DEBUG] CraftPlayer{name=Sujuya} use command ah sell 20
[19:53:17] [Server thread/INFO]: [DEBUG] CraftPlayer{name=Sujuya} use command ah 
[19:53:28] [Server thread/INFO]: [DEBUG] CraftPlayer{name=Sujuya} use command ah 
[20:03:03] [Server thread/INFO]: [DEBUG] CraftPlayer{name=YareYare4008} use command ah 
[20:06:25] [Server thread/INFO]: [DEBUG] CraftPlayer{name=Smerdoglot228} use command ah 
[20:07:08] [Server thread/INFO]: [DEBUG] CraftPlayer{name=YareYare4008} use command ah sell 50
[20:07:11] [Server thread/INFO]: [DEBUG] CraftPlayer{name=YareYare4008} use command ah sell 50
[20:07:14] [Server thread/INFO]: [DEBUG] CraftPlayer{name=YareYare4008} use command ah sell 50
[22:11:45] [Server thread/INFO]: [DEBUG] CraftPlayer{name=YareYare4008} use command ah 
[00:54:25] [Server thread/INFO]: [DEBUG] CraftPlayer{name=MuxaBall} use command ah 
[02:42:59] [Server thread/INFO]: [DEBUG] CraftPlayer{name=Tenikcalmy} use command ah 
[03:11:39] [Server thread/INFO]: [DEBUG] CraftPlayer{name=Tenikcalmy} use command ah 
[03:14:13] [Server thread/INFO]: [DEBUG] CraftPlayer{name=MuxaBall} use command ah sell 2000
[03:14:20] [Server thread/INFO]: [DEBUG] CraftPlayer{name=MuxaBall} use command ah sell 2000
[03:18:30] [Server thread/INFO]: [DEBUG] CraftPlayer{name=MuxaBall} use command ah 
[03:18:43] [Server thread/INFO]: [DEBUG] CraftPlayer{name=MuxaBall} use command ah sell 250
[03:18:50] [Server thread/INFO]: [DEBUG] CraftPlayer{name=MuxaBall} use command ah sell 10
[03:19:05] [Server thread/INFO]: [DEBUG] CraftPlayer{name=MuxaBall} use command ah sell 10
[03:19:06] [Server thread/INFO]: [DEBUG] CraftPlayer{name=Tenikcalmy} use command ah 
[03:21:55] [Server thread/INFO]: [DEBUG] CraftPlayer{name=MuxaBall} use command ah 
[03:28:34] [Server thread/INFO]: [DEBUG] CraftPlayer{name=MuxaBall} use command ah 
[05:18:01] [Server thread/INFO]: [DEBUG] CraftPlayer{name=Sujuya} use command ah 
[05:28:10] [Server thread/INFO]: [DEBUG] CraftPlayer{name=Hezzllll} use command ah sell 100
[05:39:40] [Server thread/INFO]: [DEBUG] CraftPlayer{name=Hezzllll} use command ah 
[06:22:09] [Server thread/INFO]: [DEBUG] CraftPlayer{name=Sujuya} use command ah 
[06:22:37] [Server thread/INFO]: [DEBUG] CraftPlayer{name=MuxaBall} use command ah sell 100
[06:22:44] [Server thread/INFO]: [DEBUG] CraftPlayer{name=Sujuya} use command ah 
[06:22:55] [Server thread/INFO]: [DEBUG] CraftPlayer{name=MuxaBall} use command ah sell 200
[06:23:01] [Server thread/INFO]: [DEBUG] CraftPlayer{name=MuxaBall} use command ah sell 200
[06:23:05] [Server thread/INFO]: [DEBUG] CraftPlayer{name=MuxaBall} use command ah 
[06:24:19] [Server thread/INFO]: [DEBUG] CraftPlayer{name=MuxaBall} use command ah sell 500
[06:24:23] [Server thread/INFO]: [DEBUG] CraftPlayer{name=MuxaBall} use command ah 
[07:03:57] [Server thread/INFO]: [DEBUG] CraftPlayer{name=Tenikcalmy} use command ah 
[07:14:55] [Server thread/INFO]: [DEBUG] CraftPlayer{name=Tenikcalmy} use command ah 
[07:59:23] [Server thread/INFO]: [DEBUG] CraftPlayer{name=Tenikcalmy} use command ah 
