[23:15:08] [Server thread/INFO]: Starting Metrics. Opt-out using the global bStats config.
[23:15:54] [Server thread/INFO]: Enabling BAuction v1.3.3
[23:15:54] [Server thread/INFO]: [DEBUG] enable checkUpdate
[23:15:54] [Server thread/INFO]: [DEBUG] enable enable BMenuApi
[23:15:54] [Server thread/INFO]: [DEBUG] enable load MenuLoader
[23:15:54] [Server thread/INFO]: [DEBUG] enable load db cfg
[23:15:54] [Server thread/INFO]: [DEBUG] enable registerAdapters
[23:15:54] [Server thread/INFO]: [DEBUG] enable load UniqueNameGenerator
[23:15:54] [Server thread/INFO]: [DEBUG] enable load cfg
[23:15:54] [Server thread/INFO]: [DEBUG] enable load assetsManager
[23:15:54] [Server thread/INFO]: [DEBUG] enable load lang
[23:15:54] [Server thread/INFO]: [DEBUG] enable load logger
[23:15:54] [Server thread/INFO]: [DEBUG] enable load event manager
[23:15:54] [Server thread/INFO]: [DEBUG] enable load time util
[23:15:54] [Server thread/INFO]: [DEBUG] enable load TrieManager
[23:15:54] [Server thread/INFO]: [DEBUG] enable load econ
[23:15:54] [Server thread/INFO]: [DEBUG] enable load PAPI hook
[23:15:54] [Server thread/INFO]: [DEBUG] enable load black list
[23:15:54] [Server thread/INFO]: [DEBUG] enable load db
[23:15:54] [Server thread/INFO]: [DEBUG] enable check version
[23:15:54] [Server thread/INFO]: [DEBUG] enable init commands
[23:15:54] [bauc File Db loader/INFO]: Успешно загружено 7 предметов за 18 мс.
[05:19:39] [Server thread/INFO]: [DEBUG] CraftPlayer{name=nco7eYT2} use command ah 
[07:59:09] [Server thread/INFO]: [DEBUG] CraftPlayer{name=MuxaBall} use command ah 
[09:14:59] [Server thread/INFO]: [DEBUG] CraftPlayer{name=IslabSdar4} use command ah 
[09:54:49] [Server thread/INFO]: [DEBUG] CraftPlayer{name=IslabSdar4} use command ah 
[10:05:07] [Server thread/INFO]: [DEBUG] CraftPlayer{name=Smerdoglot228} use command ah 
[10:07:57] [Server thread/INFO]: [DEBUG] CraftPlayer{name=IslabSdar4} use command ah 
[13:02:06] [Server thread/INFO]: [DEBUG] CraftPlayer{name=MuxaBall} use command ah 
[13:05:08] [Server thread/INFO]: [DEBUG] CraftPlayer{name=Sujuya} use command ah 
[15:06:09] [Server thread/INFO]: [DEBUG] CraftPlayer{name=SoftMusician345} use command ah 
[15:07:46] [Server thread/INFO]: [DEBUG] CraftPlayer{name=IslabSdar4} use command ah 
[15:46:02] [Server thread/INFO]: [DEBUG] CraftPlayer{name=DIMOLL} use command ah 
[16:44:17] [Server thread/INFO]: [DEBUG] CraftPlayer{name=MuxaBall} use command ah 
[16:44:43] [Server thread/INFO]: [DEBUG] CraftPlayer{name=MuxaBall} use command ah 
[16:46:57] [Server thread/INFO]: [DEBUG] CraftPlayer{name=MuxaBall} use command ah sell 500
[16:47:01] [Server thread/INFO]: [DEBUG] CraftPlayer{name=MuxaBall} use command ah 
[16:54:22] [Server thread/INFO]: [DEBUG] CraftPlayer{name=Tenikcalmy} use command ah 
[16:59:05] [Server thread/INFO]: [DEBUG] CraftPlayer{name=MuxaBall} use command ah sell 500
[17:07:53] [Server thread/INFO]: [DEBUG] CraftPlayer{name=DIMOLL} use command ah 
[17:46:01] [Server thread/INFO]: [DEBUG] CraftPlayer{name=MuxaBall} use command ah 
[17:47:31] [Server thread/INFO]: [DEBUG] CraftPlayer{name=Tenikcalmy} use command ah 
[17:47:51] [Server thread/INFO]: [DEBUG] CraftPlayer{name=Tenikcalmy} use command ah sell 500
[17:47:55] [Server thread/INFO]: [DEBUG] CraftPlayer{name=MuxaBall} use command ah 
[18:10:05] [Server thread/INFO]: [DEBUG] CraftPlayer{name=MuxaBall} use command ah 
[18:41:45] [Server thread/INFO]: [DEBUG] CraftPlayer{name=Smerdoglot228} use command ah 
[18:48:33] [Server thread/INFO]: [DEBUG] CraftPlayer{name=DIMOLL} use command ah 
[19:08:06] [Server thread/INFO]: [DEBUG] CraftPlayer{name=Smerdoglot228} use command ah 
[19:08:08] [Server thread/INFO]: [DEBUG] CraftPlayer{name=Smerdoglot228} use command ah 
[19:12:37] [Server thread/INFO]: [DEBUG] CraftPlayer{name=Smerdoglot228} use command ah 
[00:45:40] [Server thread/INFO]: [DEBUG] CraftPlayer{name=MuxaBall} use command ah 
[03:19:39] [Server thread/INFO]: [DEBUG] CraftPlayer{name=MuxaBall} use command ah sell 9000
[03:43:54] [Server thread/INFO]: [DEBUG] CraftPlayer{name=MuxaBall} use command ah 
[03:48:44] [Server thread/INFO]: [DEBUG] CraftPlayer{name=MuxaBall} use command ah sell 600
[03:48:49] [Server thread/INFO]: [DEBUG] CraftPlayer{name=MuxaBall} use command ah 
[03:49:10] [Server thread/INFO]: [DEBUG] CraftPlayer{name=MuxaBall} use command ah sell 500
[03:49:14] [Server thread/INFO]: [DEBUG] CraftPlayer{name=MuxaBall} use command ah 
[03:49:31] [Server thread/INFO]: [DEBUG] CraftPlayer{name=MuxaBall} use command ah sell 50000
[04:03:02] [Server thread/INFO]: [DEBUG] CraftPlayer{name=MuxaBall} use command ah sell 301
[04:03:07] [Server thread/INFO]: [DEBUG] CraftPlayer{name=MuxaBall} use command ah 
[04:03:18] [Server thread/INFO]: [DEBUG] CraftPlayer{name=MuxaBall} use command ah sell 301.99
[04:03:25] [Server thread/INFO]: [DEBUG] CraftPlayer{name=MuxaBall} use command ah sell 301
[04:03:30] [Server thread/INFO]: [DEBUG] CraftPlayer{name=Tenikcalmy} use command ah 
[04:03:38] [Server thread/INFO]: [DEBUG] CraftPlayer{name=Tenikcalmy} use command ah 
[04:06:00] [Server thread/INFO]: [DEBUG] CraftPlayer{name=MuxaBall} use command ah 
[04:06:39] [Server thread/INFO]: [DEBUG] CraftPlayer{name=MuxaBall} use command ah sell 5000
[05:18:37] [Server thread/INFO]: [DEBUG] CraftPlayer{name=Sujuya} use command ah sell 25
[06:29:48] [Server thread/INFO]: [DEBUG] CraftPlayer{name=Tenikcalmy} use command ah 
[06:32:40] [Server thread/INFO]: [DEBUG] CraftPlayer{name=Sujuya} use command ah sell 100
[06:32:48] [Server thread/INFO]: [DEBUG] CraftPlayer{name=Sujuya} use command ah sell 100
[06:33:01] [Server thread/INFO]: [DEBUG] CraftPlayer{name=Sujuya} use command ah sell 100
[06:33:11] [Server thread/INFO]: [DEBUG] CraftPlayer{name=Sujuya} use command ah sell 25
[06:33:24] [Server thread/INFO]: [DEBUG] CraftPlayer{name=Sujuya} use command ah sell 25
[06:33:31] [Server thread/INFO]: [DEBUG] CraftPlayer{name=Sujuya} use command ah sell 25
[06:33:46] [Server thread/INFO]: [DEBUG] CraftPlayer{name=Sujuya} use command ah sell 25
[06:33:53] [Server thread/INFO]: [DEBUG] CraftPlayer{name=Sujuya} use command ah s3ll 25
[06:34:04] [Server thread/INFO]: [DEBUG] CraftPlayer{name=Sujuya} use command ah sell 25
[06:34:15] [Server thread/INFO]: [DEBUG] CraftPlayer{name=Sujuya} use command ah sell 25
[06:34:22] [Server thread/INFO]: [DEBUG] CraftPlayer{name=Sujuya} use command ah sell 25
[06:34:33] [Server thread/INFO]: [DEBUG] CraftPlayer{name=Sujuya} use command ah sell 25
[06:34:39] [Server thread/INFO]: [DEBUG] CraftPlayer{name=Sujuya} use command ah sell 25
[06:35:08] [Server thread/INFO]: [DEBUG] CraftPlayer{name=MuxaBall} use command ah 
[06:35:12] [Server thread/INFO]: [DEBUG] CraftPlayer{name=Sujuya} use command ah 
[06:35:46] [Server thread/INFO]: [DEBUG] CraftPlayer{name=Fenix123321} use command ah 
[06:38:06] [Server thread/INFO]: [DEBUG] CraftPlayer{name=MuxaBall} use command ah 
[06:38:10] [Server thread/INFO]: [DEBUG] CraftPlayer{name=Tenikcalmy} use command ah 
[06:38:14] [Server thread/INFO]: [DEBUG] CraftPlayer{name=Tenikcalmy} use command ah 
[06:38:24] [Server thread/INFO]: [DEBUG] CraftPlayer{name=MuxaBall} use command ah sell 10
[06:39:00] [Server thread/INFO]: [DEBUG] CraftPlayer{name=Fenix123321} use command ah sell 150000
[06:39:17] [Server thread/INFO]: [DEBUG] CraftPlayer{name=FenixElisey} use command ah 
[06:39:42] [Server thread/INFO]: [DEBUG] CraftPlayer{name=MuxaBall} use command ah 
[06:42:39] [Server thread/INFO]: [DEBUG] CraftPlayer{name=Tenikcalmy} use command ah 
[06:43:14] [Server thread/INFO]: [DEBUG] CraftPlayer{name=Tenikcalmy} use command ah 
[06:43:46] [Server thread/INFO]: [DEBUG] CraftPlayer{name=Sujuya} use command ah sell 100
[06:43:54] [Server thread/INFO]: [DEBUG] CraftPlayer{name=Sujuya} use command ah sell 100
[06:44:11] [Server thread/INFO]: [DEBUG] CraftPlayer{name=Sujuya} use command ah sell 111
[06:44:19] [Server thread/INFO]: [DEBUG] CraftPlayer{name=Sujuya} use command ah sell 111
[06:44:32] [Server thread/INFO]: [DEBUG] CraftPlayer{name=Sujuya} use command ah sell 30
[06:44:40] [Server thread/INFO]: [DEBUG] CraftPlayer{name=Sujuya} use command ah sell 30
[06:44:53] [Server thread/INFO]: [DEBUG] CraftPlayer{name=Sujuya} use command ah sell 33
[06:45:02] [Server thread/INFO]: [DEBUG] CraftPlayer{name=Sujuya} use command ah sell 33
[06:45:14] [Server thread/INFO]: [DEBUG] CraftPlayer{name=Sujuya} use command ah sell 25
[06:45:23] [Server thread/INFO]: [DEBUG] CraftPlayer{name=Sujuya} use command ah sell 25
[06:45:38] [Server thread/INFO]: [DEBUG] CraftPlayer{name=Sujuya} use command ah sell 25
[06:45:46] [Server thread/INFO]: [DEBUG] CraftPlayer{name=Sujuya} use command ah sell 25
[06:45:59] [Server thread/INFO]: [DEBUG] CraftPlayer{name=Sujuya} use command ah sell 25
[06:46:07] [Server thread/INFO]: [DEBUG] CraftPlayer{name=Sujuya} use command ah sell 25
[06:46:23] [Server thread/INFO]: [DEBUG] CraftPlayer{name=Sujuya} use command ah sell 25
[06:46:31] [Server thread/INFO]: [DEBUG] CraftPlayer{name=Sujuya} use command ah sell 25
[06:46:45] [Server thread/INFO]: [DEBUG] CraftPlayer{name=Sujuya} use command ah sell 25
[06:46:52] [Server thread/INFO]: [DEBUG] CraftPlayer{name=Sujuya} use command ah sell 25
[06:47:06] [Server thread/INFO]: [DEBUG] CraftPlayer{name=Sujuya} use command ah sell 25
[06:47:49] [Server thread/INFO]: [DEBUG] CraftPlayer{name=MuxaBall} use command ah 
[06:47:50] [Server thread/INFO]: [DEBUG] CraftPlayer{name=Sujuya} use command ah 
[06:49:49] [Server thread/INFO]: [DEBUG] CraftPlayer{name=MuxaBall} use command ah sell 1500
[06:55:58] [Server thread/INFO]: [DEBUG] CraftPlayer{name=Tenikcalmy} use command ah 
[06:56:54] [Server thread/INFO]: [DEBUG] CraftPlayer{name=Tenikcalmy} use command ah 
[06:57:14] [Server thread/INFO]: [DEBUG] CraftPlayer{name=Sujuya} use command ah 
[06:58:13] [Server thread/INFO]: [DEBUG] CraftPlayer{name=Sujuya} use command ah sell 40
[06:58:25] [Server thread/INFO]: [DEBUG] CraftPlayer{name=Sujuya} use command ah sell 40
[06:58:35] [Server thread/INFO]: [DEBUG] CraftPlayer{name=Sujuya} use command ah sell 40
[06:58:44] [Server thread/INFO]: [DEBUG] CraftPlayer{name=Sujuya} use command ah sell 40
[06:58:52] [Server thread/INFO]: [DEBUG] CraftPlayer{name=Sujuya} use command ah sell 40
[06:59:10] [Server thread/INFO]: [DEBUG] CraftPlayer{name=Sujuya} use command ah sell 40
[07:01:30] [Server thread/INFO]: [DEBUG] CraftPlayer{name=Sujuya} use command ah sell 150
[07:01:41] [Server thread/INFO]: [DEBUG] CraftPlayer{name=Sujuya} use command ah sell 150
[07:02:07] [Server thread/INFO]: [DEBUG] CraftPlayer{name=Sujuya} use command ah sell 150
[07:02:27] [Server thread/INFO]: [DEBUG] CraftPlayer{name=Sujuya} use command ah sell 150
[07:02:41] [Server thread/INFO]: [DEBUG] CraftPlayer{name=Sujuya} use command ah sell 150
[07:04:03] [Server thread/INFO]: [DEBUG] CraftPlayer{name=Sujuya} use command ah sell 100
[07:04:40] [Server thread/INFO]: [DEBUG] CraftPlayer{name=Sujuya} use command ah sell 100
[07:04:49] [Server thread/INFO]: [DEBUG] CraftPlayer{name=Sujuya} use command ah sell 100
[07:19:43] [Server thread/INFO]: [DEBUG] CraftPlayer{name=Tenikcalmy} use command ah 
[07:32:21] [Server thread/INFO]: [DEBUG] CraftPlayer{name=DIMOLL} use command ah 
[08:16:07] [Server thread/INFO]: [DEBUG] CraftPlayer{name=Smerdoglot228} use command ah 
[08:28:45] [Server thread/INFO]: [DEBUG] CraftPlayer{name=Smerdoglot228} use command ah sell 123 пидорас
[08:46:24] [Server thread/INFO]: [DEBUG] CraftPlayer{name=Maho993} use command ah 
[08:50:42] [Server thread/INFO]: [DEBUG] CraftPlayer{name=Maho993} use command ah 
[08:54:48] [Server thread/INFO]: [DEBUG] CraftPlayer{name=Maho993} use command ah 
[08:54:56] [Server thread/INFO]: [DEBUG] CraftPlayer{name=Maho993} use command ah 
[09:01:13] [Server thread/INFO]: [DEBUG] CraftPlayer{name=Maho993} use command ah 
[09:02:43] [Server thread/INFO]: [DEBUG] CraftPlayer{name=Maho993} use command ah 
[09:07:26] [Server thread/INFO]: [DEBUG] CraftPlayer{name=Maho993} use command ah 
[09:21:11] [Server thread/INFO]: [DEBUG] CraftPlayer{name=Smerdoglot228} use command ah 
[09:51:38] [Server thread/INFO]: [DEBUG] CraftPlayer{name=ASIgumnov83} use command ah sell 200
[09:51:46] [Server thread/INFO]: [DEBUG] CraftPlayer{name=MuxaBall} use command ah 
[09:51:50] [Server thread/INFO]: [DEBUG] CraftPlayer{name=ASIgumnov83} use command ah 
[09:54:29] [Server thread/INFO]: [DEBUG] CraftPlayer{name=ASIgumnov83} use command ah 
[09:54:36] [Server thread/INFO]: [DEBUG] CraftPlayer{name=ASIgumnov83} use command ah 
[09:55:12] [Server thread/INFO]: [DEBUG] CraftPlayer{name=MuxaBall} use command ah 
[10:30:46] [Server thread/INFO]: [DEBUG] CraftPlayer{name=DIMOLL} use command ah sell 300
[10:31:02] [Server thread/INFO]: [DEBUG] CraftPlayer{name=DIMOLL} use command ah 
[10:35:47] [Server thread/INFO]: [DEBUG] CraftPlayer{name=Shirayuki1526} use command ah 
[10:46:27] [Server thread/INFO]: [DEBUG] CraftPlayer{name=ASIgumnov83} use command ah sell 150 full
[10:46:37] [Server thread/INFO]: [DEBUG] CraftPlayer{name=Tenikcalmy} use command ah 
[10:49:56] [Server thread/INFO]: [DEBUG] CraftPlayer{name=MuxaBall} use command ah 
[10:52:39] [Server thread/INFO]: [DEBUG] CraftPlayer{name=MuxaBall} use command ah sell 1000
[11:12:37] [Server thread/INFO]: [DEBUG] CraftPlayer{name=Smerdoglot228} use command ah 
[11:52:07] [Server thread/INFO]: [DEBUG] CraftPlayer{name=Shirayuki1526} use command ah 
[11:52:11] [Server thread/INFO]: [DEBUG] CraftPlayer{name=Shirayuki1526} use command ah 
[11:55:35] [Server thread/INFO]: [DEBUG] CraftPlayer{name=reclau} use command ah 
[12:10:52] [Server thread/INFO]: [DEBUG] CraftPlayer{name=Shirayuki1526} use command ah 
[12:11:07] [Server thread/INFO]: [DEBUG] CraftPlayer{name=Sujuya} use command ah sell 200
[12:11:15] [Server thread/INFO]: [DEBUG] CraftPlayer{name=Sujuya} use command ah sell 200
[12:11:23] [Server thread/INFO]: [DEBUG] CraftPlayer{name=Sujuya} use command ah sell 200
[12:11:30] [Server thread/INFO]: [DEBUG] CraftPlayer{name=Shirayuki1526} use command ah 
[12:11:32] [Server thread/INFO]: [DEBUG] CraftPlayer{name=Sujuya} use command ah sell 200
[12:11:43] [Server thread/INFO]: [DEBUG] CraftPlayer{name=Shirayuki1526} use command ah 
[12:11:51] [Server thread/INFO]: [DEBUG] CraftPlayer{name=Sujuya} use command ah sell 200
[12:12:08] [Server thread/INFO]: [DEBUG] CraftPlayer{name=Sujuya} use command ah sell 200
[12:12:31] [Server thread/INFO]: [DEBUG] CraftPlayer{name=Shirayuki1526} use command ah 
[12:12:37] [Server thread/INFO]: [DEBUG] CraftPlayer{name=Sujuya} use command ah sell 200
[12:12:48] [Server thread/INFO]: [DEBUG] CraftPlayer{name=Sujuya} use command ah sell 200
[12:12:54] [Server thread/INFO]: [DEBUG] CraftPlayer{name=Shirayuki1526} use command ah 
[12:12:56] [Server thread/INFO]: [DEBUG] CraftPlayer{name=Sujuya} use command ah sell 200
[12:13:15] [Server thread/INFO]: [DEBUG] CraftPlayer{name=ASIgumnov83} use command ah sell 10 full
[12:13:29] [Server thread/INFO]: [DEBUG] CraftPlayer{name=Shirayuki1526} use command ah 
[12:15:05] [Server thread/INFO]: [DEBUG] CraftPlayer{name=Sujuya} use command ah sell 60
[12:15:17] [Server thread/INFO]: [DEBUG] CraftPlayer{name=Sujuya} use command ah sell 60
[12:15:26] [Server thread/INFO]: [DEBUG] CraftPlayer{name=Sujuya} use command ah sell 60
[12:21:56] [Server thread/INFO]: [DEBUG] CraftPlayer{name=Tenikcalmy} use command ah 
[12:21:57] [Server thread/INFO]: [DEBUG] CraftPlayer{name=Shirayuki1526} use command ah 
[12:27:55] [Server thread/INFO]: [DEBUG] CraftPlayer{name=MuxaBall} use command ah 
[12:28:59] [Server thread/INFO]: [DEBUG] CraftPlayer{name=MuxaBall} use command ah 
[12:34:51] [Server thread/INFO]: [DEBUG] CraftPlayer{name=reclau} use command ah 
[12:52:45] [Server thread/INFO]: [DEBUG] CraftPlayer{name=MuxaBall} use command ah 
[12:59:51] [Server thread/INFO]: [DEBUG] CraftPlayer{name=Sujuya} use command ah 
[14:44:52] [Server thread/INFO]: [DEBUG] CraftPlayer{name=Smerdoglot228} use command ah 
[14:45:12] [Server thread/INFO]: [DEBUG] CraftPlayer{name=Smerdoglot228} use command ah 
[15:03:21] [Server thread/INFO]: [DEBUG] CraftPlayer{name=Smerdoglot228} use command ah 
[15:24:07] [Server thread/INFO]: [DEBUG] CraftPlayer{name=DIMOLL} use command ah sell 10
[15:43:44] [Server thread/INFO]: [DEBUG] CraftPlayer{name=ersuktop} use command ah 
[15:51:07] [Server thread/INFO]: [DEBUG] CraftPlayer{name=ersuktop} use command ah 
[15:53:37] [Server thread/INFO]: [DEBUG] CraftPlayer{name=ersuktop} use command ah 
[16:00:46] [Server thread/INFO]: [DEBUG] CraftPlayer{name=ersuktop} use command ah 
[16:03:53] [Server thread/INFO]: [DEBUG] CraftPlayer{name=Shirayuki1526} use command ah 
[16:04:53] [Server thread/INFO]: [DEBUG] CraftPlayer{name=Shirayuki1526} use command ah 
[16:04:55] [Server thread/INFO]: [DEBUG] CraftPlayer{name=ASIgumnov83} use command ah sell 10 full
[16:05:13] [Server thread/INFO]: [DEBUG] CraftPlayer{name=Shirayuki1526} use command ah 
[16:12:00] [Server thread/INFO]: [DEBUG] CraftPlayer{name=ASIgumnov83} use command ah sell 800 full
[16:12:05] [Server thread/INFO]: [DEBUG] CraftPlayer{name=ASIgumnov83} use command ah 
[16:12:58] [Server thread/INFO]: [DEBUG] CraftPlayer{name=Tenikcalmy} use command ah 
[16:23:58] [Server thread/INFO]: [DEBUG] CraftPlayer{name=Shirayuki1526} use command ah 
[16:24:11] [Server thread/INFO]: [DEBUG] CraftPlayer{name=Shirayuki1526} use command ah 
[17:02:12] [Server thread/INFO]: [DEBUG] CraftPlayer{name=korn112009} use command ah 
[17:03:28] [Server thread/INFO]: [DEBUG] CraftPlayer{name=korn112009} use command ah sell
[17:03:38] [Server thread/INFO]: [DEBUG] CraftPlayer{name=korn112009} use command ah sell 100
[17:04:13] [Server thread/INFO]: [DEBUG] CraftPlayer{name=Shirayuki1526} use command ah 
[17:40:25] [Server thread/INFO]: [DEBUG] CraftPlayer{name=MuxaBall} use command ah 
[17:41:17] [Server thread/INFO]: [DEBUG] CraftPlayer{name=MuxaBall} use command ah 
[17:43:22] [Server thread/INFO]: [DEBUG] CraftPlayer{name=MuxaBall} use command ah 
[18:00:18] [Server thread/INFO]: [DEBUG] CraftPlayer{name=Smerdoglot228} use command ah 
[19:04:14] [Server thread/INFO]: [DEBUG] CraftPlayer{name=SkopenZet} use command ah 
[19:06:35] [Server thread/INFO]: [DEBUG] CraftPlayer{name=shiny738} use command ah 
[19:38:52] [Server thread/INFO]: [DEBUG] CraftPlayer{name=DIMOLL} use command ah sell 20
[21:02:06] [Server thread/INFO]: Disabling BAuction v1.3.3
[21:02:06] [Server thread/INFO]: [DEBUG] disable disable PAPI hook
[21:02:06] [Server thread/INFO]: [DEBUG] disable disable logger
[21:02:06] [Server thread/INFO]: [DEBUG] disable disable BMenuApi
[21:02:06] [Server thread/INFO]: [DEBUG] disable disable db
[21:02:06] [Server thread/INFO]: saved 23 items, 158 users and 3 unsold items in 3 ms
[21:02:06] [Server thread/INFO]: [DEBUG] disable unregisterAdapters
