[12:13:26] [Server thread/INFO]: Starting Metrics. Opt-out using the global bStats config.
[12:14:06] [Server thread/INFO]: Enabling BAuction v1.3.3
[12:14:06] [Server thread/INFO]: [DEBUG] enable checkUpdate
[12:14:06] [Server thread/INFO]: [DEBUG] enable enable BMenuApi
[12:14:06] [Server thread/INFO]: [DEBUG] enable load MenuLoader
[12:14:06] [Server thread/INFO]: [DEBUG] enable load db cfg
[12:14:06] [Server thread/INFO]: [DEBUG] enable registerAdapters
[12:14:06] [Server thread/INFO]: [DEBUG] enable load UniqueNameGenerator
[12:14:06] [Server thread/INFO]: [DEBUG] enable load cfg
[12:14:06] [Server thread/INFO]: [DEBUG] enable load assetsManager
[12:14:06] [Server thread/INFO]: [DEBUG] enable load lang
[12:14:06] [Server thread/INFO]: [DEBUG] enable load logger
[12:14:06] [Server thread/INFO]: [DEBUG] enable load event manager
[12:14:06] [Server thread/INFO]: [DEBUG] enable load time util
[12:14:06] [Server thread/INFO]: [DEBUG] enable load TrieManager
[12:14:06] [Server thread/INFO]: [DEBUG] enable load econ
[12:14:06] [Server thread/INFO]: [DEBUG] enable load PAPI hook
[12:14:06] [Server thread/INFO]: [DEBUG] enable load black list
[12:14:06] [Server thread/INFO]: [DEBUG] enable load db
[12:14:06] [Server thread/INFO]: [DEBUG] enable check version
[12:14:06] [Server thread/INFO]: [DEBUG] enable init commands
[12:14:06] [bauc File Db loader/INFO]: Успешно загружено 0 предметов за 13 мс.
[12:21:54] [Server thread/INFO]: Disabling BAuction v1.3.3
[12:21:54] [Server thread/INFO]: [DEBUG] disable disable PAPI hook
[12:21:54] [Server thread/INFO]: [DEBUG] disable disable logger
[12:21:54] [Server thread/INFO]: [DEBUG] disable disable BMenuApi
[12:21:54] [Server thread/INFO]: [DEBUG] disable disable db
[12:21:54] [Server thread/INFO]: saved 0 items, 0 users and 0 unsold items in 1 ms
[12:21:54] [Server thread/INFO]: [DEBUG] disable unregisterAdapters
