[07:06:45] [Server thread/INFO]: Starting Metrics. Opt-out using the global bStats config.
[07:07:36] [Server thread/INFO]: Enabling BAuction v1.3.3
[07:07:36] [Server thread/INFO]: [DEBUG] enable checkUpdate
[07:07:36] [Server thread/INFO]: [DEBUG] enable enable BMenuApi
[07:07:36] [Server thread/INFO]: [DEBUG] enable load MenuLoader
[07:07:36] [Server thread/INFO]: [DEBUG] enable load db cfg
[07:07:36] [Server thread/INFO]: [DEBUG] enable registerAdapters
[07:07:36] [Server thread/INFO]: [DEBUG] enable load UniqueNameGenerator
[07:07:36] [Server thread/INFO]: [DEBUG] enable load cfg
[07:07:36] [Server thread/INFO]: [DEBUG] enable load assetsManager
[07:07:36] [Server thread/INFO]: [DEBUG] enable load lang
[07:07:36] [Server thread/INFO]: [DEBUG] enable load logger
[07:07:36] [Server thread/INFO]: [DEBUG] enable load event manager
[07:07:36] [Server thread/INFO]: [DEBUG] enable load time util
[07:07:36] [Server thread/INFO]: [DEBUG] enable load TrieManager
[07:07:36] [Server thread/INFO]: [DEBUG] enable load econ
[07:07:36] [Server thread/INFO]: [DEBUG] enable load PAPI hook
[07:07:36] [Server thread/INFO]: [DEBUG] enable load black list
[07:07:36] [Server thread/INFO]: [DEBUG] enable load db
[07:07:36] [Server thread/INFO]: [DEBUG] enable check version
[07:07:36] [Server thread/INFO]: [DEBUG] enable init commands
[07:07:36] [bauc File Db loader/INFO]: Успешно загружено 23 предметов за 22 мс.
[07:31:58] [Server thread/INFO]: [DEBUG] CraftPlayer{name=MuxaBall} use command ah 
[07:32:22] [Server thread/INFO]: [DEBUG] CraftPlayer{name=MuxaBall} use command ah sell 1000
[07:32:34] [Server thread/INFO]: [DEBUG] CraftPlayer{name=MuxaBall} use command ah sell 1000
[07:43:07] [Server thread/INFO]: [DEBUG] CraftPlayer{name=Mananakla} use command ah 
[07:45:50] [Server thread/INFO]: [DEBUG] CraftPlayer{name=Mananakla} use command ah 
[07:54:20] [Server thread/INFO]: [DEBUG] CraftPlayer{name=MuxaBall} use command ah 
[07:56:22] [Server thread/INFO]: [DEBUG] CraftPlayer{name=MuxaBall} use command ah 
[07:57:57] [Server thread/INFO]: [DEBUG] CraftPlayer{name=MuxaBall} use command ah sell 1000
[08:06:23] [Server thread/INFO]: [DEBUG] CraftPlayer{name=MuxaBall} use command ah sell 400
[08:06:33] [Server thread/INFO]: [DEBUG] CraftPlayer{name=MuxaBall} use command ah sell 1000
[08:06:44] [Server thread/INFO]: [DEBUG] CraftPlayer{name=MuxaBall} use command ah sell 400
[08:06:48] [Server thread/INFO]: [DEBUG] CraftPlayer{name=MuxaBall} use command ah 
[08:06:58] [Server thread/INFO]: [DEBUG] CraftPlayer{name=MuxaBall} use command ah sell 400
[08:07:29] [Server thread/INFO]: [DEBUG] CraftPlayer{name=MuxaBall} use command ah sell 200
[08:07:36] [Server thread/INFO]: [DEBUG] CraftPlayer{name=MuxaBall} use command ah sell 5000
[08:07:41] [Server thread/INFO]: [DEBUG] CraftPlayer{name=MuxaBall} use command ah 
[08:08:08] [Server thread/INFO]: [DEBUG] CraftPlayer{name=MuxaBall} use command ah sell 5000
[08:24:25] [Server thread/INFO]: [DEBUG] CraftPlayer{name=MuxaBall} use command ah 
[08:24:34] [Server thread/INFO]: [DEBUG] CraftPlayer{name=MuxaBall} use command ah sell 200
[08:24:38] [Server thread/INFO]: [DEBUG] CraftPlayer{name=MuxaBall} use command ah 
[08:29:12] [Server thread/INFO]: [DEBUG] CraftPlayer{name=MuxaBall} use command ah 
[08:34:50] [Server thread/INFO]: [DEBUG] CraftPlayer{name=MuxaBall} use command ah 
[08:35:01] [Server thread/INFO]: [DEBUG] CraftPlayer{name=Mananakla} use command ah 
[08:35:06] [Server thread/INFO]: [DEBUG] CraftPlayer{name=MuxaBall} use command ah sell 1000
[08:35:08] [Server thread/INFO]: [DEBUG] CraftPlayer{name=Mananakla} use command ah 
[08:35:22] [Server thread/INFO]: [DEBUG] CraftPlayer{name=MuxaBall} use command ah sell 200
[08:36:36] [Server thread/INFO]: [DEBUG] CraftPlayer{name=Mananakla} use command ah 
[08:37:19] [Server thread/INFO]: [DEBUG] CraftPlayer{name=MuxaBall} use command ah 
[08:38:42] [Server thread/INFO]: [DEBUG] CraftPlayer{name=MuxaBall} use command ah 
[08:38:52] [Server thread/INFO]: [DEBUG] CraftPlayer{name=MuxaBall} use command ah sell 160
[11:44:41] [Server thread/INFO]: [DEBUG] CraftPlayer{name=MuxaBall} use command ah 
[11:44:41] [Server thread/INFO]: [DEBUG] CraftPlayer{name=mikabea1} use command ah 
[11:52:06] [Server thread/INFO]: [DEBUG] CraftPlayer{name=mikabea1} use command ah 
[11:58:08] [Server thread/INFO]: [DEBUG] CraftPlayer{name=Tenikcalmy} use command ah 
[12:03:15] [Server thread/INFO]: [DEBUG] CraftPlayer{name=MuxaBall} use command ah 
[12:04:10] [Server thread/INFO]: [DEBUG] CraftPlayer{name=MuxaBall} use command ah sell 500
[13:26:07] [Server thread/INFO]: [DEBUG] CraftPlayer{name=StasPROGamer} use command ah 
[13:48:59] [Server thread/INFO]: [DEBUG] CraftPlayer{name=Tenikcalmy} use command ah sell 150
[13:51:27] [Server thread/INFO]: [DEBUG] CraftPlayer{name=DIMOLL} use command ah 
[13:54:51] [Server thread/INFO]: [DEBUG] CraftPlayer{name=Tenikcalmy} use command ah 
[14:20:40] [Server thread/INFO]: [DEBUG] CraftPlayer{name=Sujuya} use command ah sell 50
[14:20:41] [Server thread/INFO]: [DEBUG] CraftPlayer{name=Tenikcalmy} use command ah 
[14:20:47] [Server thread/INFO]: [DEBUG] CraftPlayer{name=Sujuya} use command ah sell 50
[14:20:55] [Server thread/INFO]: [DEBUG] CraftPlayer{name=Sujuya} use command ah sell 50
[14:21:17] [Server thread/INFO]: [DEBUG] CraftPlayer{name=Sujuya} use command ah sell 50
[14:21:30] [Server thread/INFO]: [DEBUG] CraftPlayer{name=Sujuya} use command ah sell 50
[14:21:37] [Server thread/INFO]: [DEBUG] CraftPlayer{name=Sujuya} use command ah sell 50
[14:21:44] [Server thread/INFO]: [DEBUG] CraftPlayer{name=Sujuya} use command ah sell 50
[14:21:52] [Server thread/INFO]: [DEBUG] CraftPlayer{name=Sujuya} use command ah sell 50
[14:21:59] [Server thread/INFO]: [DEBUG] CraftPlayer{name=Sujuya} use command ah sell 50
[14:22:07] [Server thread/INFO]: [DEBUG] CraftPlayer{name=Sujuya} use command ah sell 50
[14:22:16] [Server thread/INFO]: [DEBUG] CraftPlayer{name=Sujuya} use command ah sell 50
[14:22:23] [Server thread/INFO]: [DEBUG] CraftPlayer{name=Sujuya} use command ah sell 50
[14:22:44] [Server thread/INFO]: [DEBUG] CraftPlayer{name=Sujuya} use command ah sell 50
[14:23:05] [Server thread/INFO]: [DEBUG] CraftPlayer{name=Sujuya} use command ah sel
[14:23:31] [Server thread/INFO]: [DEBUG] CraftPlayer{name=Sujuya} use command ah sell 50
[14:23:39] [Server thread/INFO]: [DEBUG] CraftPlayer{name=MuxaBall} use command ah 
[14:23:50] [Server thread/INFO]: [DEBUG] CraftPlayer{name=MuxaBall} use command ah 
[14:24:04] [Server thread/INFO]: [DEBUG] CraftPlayer{name=Sujuya} use command ah sell 50
[14:24:09] [Server thread/INFO]: [DEBUG] CraftPlayer{name=MuxaBall} use command ah 
[14:24:23] [Server thread/INFO]: [DEBUG] CraftPlayer{name=Sujuya} use command ah sell 50
[14:24:30] [Server thread/INFO]: [DEBUG] CraftPlayer{name=Sujuya} use command ah sell 50
[14:24:38] [Server thread/INFO]: [DEBUG] CraftPlayer{name=MuxaBall} use command ah 
[14:24:41] [Server thread/INFO]: [DEBUG] CraftPlayer{name=Sujuya} use command ah sell 50
[14:24:49] [Server thread/INFO]: [DEBUG] CraftPlayer{name=Sujuya} use command ah sell 50
[14:24:56] [Server thread/INFO]: [DEBUG] CraftPlayer{name=MuxaBall} use command ah 
[14:24:56] [Server thread/INFO]: [DEBUG] CraftPlayer{name=Sujuya} use command ah sell 50
[14:25:03] [Server thread/INFO]: [DEBUG] CraftPlayer{name=Sujuya} use command ah sell 50
[14:26:31] [Server thread/INFO]: [DEBUG] CraftPlayer{name=Sujuya} use command ah sell 50
[14:27:00] [Server thread/INFO]: [DEBUG] CraftPlayer{name=Shirayuki1526} use command ah sell 250
[14:27:05] [Server thread/INFO]: [DEBUG] CraftPlayer{name=Shirayuki1526} use command ah 
[14:27:16] [Server thread/INFO]: [DEBUG] CraftPlayer{name=Sujuya} use command ah sell 50
[14:27:31] [Server thread/INFO]: [DEBUG] CraftPlayer{name=Sujuya} use command ah sell 50
[14:27:36] [Server thread/INFO]: [DEBUG] CraftPlayer{name=Sujuya} use command ah 
[14:30:54] [Server thread/INFO]: [DEBUG] CraftPlayer{name=Smerdoglot228} use command ah 
[14:30:55] [Server thread/INFO]: [DEBUG] CraftPlayer{name=DIMOLL} use command ah 
[14:30:55] [Server thread/INFO]: [DEBUG] CraftPlayer{name=MuxaBall} use command ah 
[14:31:07] [Server thread/INFO]: [DEBUG] CraftPlayer{name=Shirayuki1526} use command ah 
[14:31:15] [Server thread/INFO]: [DEBUG] CraftPlayer{name=Shirayuki1526} use command ah 
[14:31:24] [Server thread/INFO]: [DEBUG] CraftPlayer{name=Smerdoglot228} use command ah 
[14:31:56] [Server thread/INFO]: [DEBUG] CraftPlayer{name=Smerdoglot228} use command ah 
[14:32:28] [Server thread/INFO]: [DEBUG] CraftPlayer{name=Smerdoglot228} use command ah 
[14:32:34] [Server thread/INFO]: [DEBUG] CraftPlayer{name=DIMOLL} use command ah 
[14:32:57] [Server thread/INFO]: [DEBUG] CraftPlayer{name=Smerdoglot228} use command ah 
[14:34:02] [Server thread/INFO]: [DEBUG] CraftPlayer{name=Shirayuki1526} use command ah 
[14:48:53] [Server thread/INFO]: [DEBUG] CraftPlayer{name=Shirayuki1526} use command ah 
[15:06:37] [Server thread/INFO]: [DEBUG] CraftPlayer{name=Maho993} use command ah 
[15:07:14] [Server thread/INFO]: [DEBUG] CraftPlayer{name=MuxaBall} use command ah 
[15:21:01] [Server thread/INFO]: [DEBUG] CraftPlayer{name=Maho993} use command ah 
[17:00:02] [Server thread/INFO]: [DEBUG] CraftPlayer{name=RoseKnot1366256} use command ah 
[17:21:07] [Server thread/INFO]: [DEBUG] CraftPlayer{name=Maho993} use command ah 
[17:25:36] [Server thread/INFO]: [DEBUG] CraftPlayer{name=Maho993} use command ah 
[17:27:39] [Server thread/INFO]: [DEBUG] CraftPlayer{name=Maho993} use command ah sell 22
[17:38:15] [Server thread/INFO]: [DEBUG] CraftPlayer{name=Sujuya} use command ah sell 50
[17:38:21] [Server thread/INFO]: [DEBUG] CraftPlayer{name=Sujuya} use command ah 
[17:38:58] [Server thread/INFO]: [DEBUG] CraftPlayer{name=Sujuya} use command ah sell 50
[17:39:10] [Server thread/INFO]: [DEBUG] CraftPlayer{name=Sujuya} use command ah sell 50
[17:39:17] [Server thread/INFO]: [DEBUG] CraftPlayer{name=Sujuya} use command ah sell 50
[17:39:24] [Server thread/INFO]: [DEBUG] CraftPlayer{name=Sujuya} use command ah sell 50
[17:39:53] [Server thread/INFO]: [DEBUG] CraftPlayer{name=Sujuya} use command ah sell 50
[17:40:00] [Server thread/INFO]: [DEBUG] CraftPlayer{name=Sujuya} use command ah sell 50
[17:40:09] [Server thread/INFO]: [DEBUG] CraftPlayer{name=Sujuya} use command ah sell 50
[17:40:17] [Server thread/INFO]: [DEBUG] CraftPlayer{name=Sujuya} use command ah sell 50
[17:41:07] [Server thread/INFO]: [DEBUG] CraftPlayer{name=Sujuya} use command ah sell 50
[18:04:33] [Server thread/INFO]: [DEBUG] CraftPlayer{name=DIMOLL} use command ah 
[18:10:34] [Server thread/INFO]: [DEBUG] CraftPlayer{name=ASIgumnov83} use command ah sell 200 full
[18:11:06] [Server thread/INFO]: [DEBUG] CraftPlayer{name=ASIgumnov83} use command ah 
[18:14:40] [Server thread/INFO]: [DEBUG] CraftPlayer{name=Sujuya} use command ah 
[18:15:12] [Server thread/INFO]: [DEBUG] CraftPlayer{name=ASIgumnov83} use command ah sell 200
[18:15:29] [Server thread/INFO]: [DEBUG] CraftPlayer{name=Sujuya} use command ah 
[18:18:09] [Server thread/INFO]: [DEBUG] CraftPlayer{name=Sujuya} use command ah 
[19:11:09] [Server thread/INFO]: [DEBUG] CraftPlayer{name=Smerdoglot228} use command ah sell 12300
[19:11:13] [Server thread/INFO]: [DEBUG] CraftPlayer{name=Smerdoglot228} use command ah 
[00:10:30] [Server thread/INFO]: [DEBUG] CraftPlayer{name=Tenikcalmy} use command ah 
[01:11:21] [Server thread/INFO]: [DEBUG] CraftPlayer{name=MuxaBall} use command ah sell 100
[01:11:26] [Server thread/INFO]: [DEBUG] CraftPlayer{name=MuxaBall} use command ah sell 100
[01:11:45] [Server thread/INFO]: [DEBUG] CraftPlayer{name=MuxaBall} use command ah sell 100
[01:11:56] [Server thread/INFO]: [DEBUG] CraftPlayer{name=MuxaBall} use command ah 
[01:12:10] [Server thread/INFO]: [DEBUG] CraftPlayer{name=MuxaBall} use command ah sell 100
[01:43:18] [Server thread/INFO]: [DEBUG] CraftPlayer{name=MuxaBall} use command ah 
[02:26:09] [Server thread/INFO]: [DEBUG] CraftPlayer{name=Tenikcalmy} use command ah 
[02:51:25] [Server thread/INFO]: [DEBUG] CraftPlayer{name=MuxaBall} use command ah 
[04:32:37] [Server thread/INFO]: [DEBUG] CraftPlayer{name=Mananakla} use command ah 
[04:33:11] [Server thread/INFO]: [DEBUG] CraftPlayer{name=Mananakla} use command ah 
[04:50:52] [Server thread/INFO]: [DEBUG] CraftPlayer{name=Mananakla} use command ah 
[04:51:13] [Server thread/INFO]: [DEBUG] CraftPlayer{name=zhenya_pro1026} use command ah 
[04:51:20] [Server thread/INFO]: [DEBUG] CraftPlayer{name=zhenya_pro1026} use command ah 
[04:51:50] [Server thread/INFO]: [DEBUG] CraftPlayer{name=Mananakla} use command ah 
[06:32:49] [Server thread/INFO]: [DEBUG] CraftPlayer{name=zhenya_pro1026} use command ah 
[06:33:04] [Server thread/INFO]: [DEBUG] CraftPlayer{name=Mananakla} use command ah 
[06:48:37] [Server thread/INFO]: [DEBUG] CraftPlayer{name=Tenikcalmy} use command ah 
[07:27:36] [Server thread/INFO]: [DEBUG] CraftPlayer{name=Tenikcalmy} use command ah 
[08:27:44] [Server thread/INFO]: [DEBUG] CraftPlayer{name=MuxaBall} use command ah sell 10
[08:27:51] [Server thread/INFO]: [DEBUG] CraftPlayer{name=MuxaBall} use command ah 
[09:25:20] [Server thread/INFO]: [DEBUG] CraftPlayer{name=Shirayuki1526} use command ah 
[10:05:16] [Server thread/INFO]: [DEBUG] CraftPlayer{name=Shirayuki1526} use command ah 
[10:08:27] [Server thread/INFO]: [DEBUG] CraftPlayer{name=MuxaBall} use command ah sell 20000
[10:56:37] [Server thread/INFO]: [DEBUG] CraftPlayer{name=Shirayuki1526} use command ah 
[10:58:12] [Server thread/INFO]: [DEBUG] CraftPlayer{name=Shirayuki1526} use command ah 
[10:59:48] [Server thread/INFO]: [DEBUG] CraftPlayer{name=MuxaBall} use command ah sell 8000
[11:02:31] [Server thread/INFO]: [DEBUG] CraftPlayer{name=MuxaBall} use command ah sell 100
[11:06:02] [Server thread/INFO]: [DEBUG] CraftPlayer{name=FamilialLion83} use command ah 
[11:10:16] [Server thread/INFO]: [DEBUG] CraftPlayer{name=MuxaBall} use command ah 
[11:10:16] [Server thread/INFO]: [DEBUG] CraftPlayer{name=Sujuya} use command ah 
[11:15:49] [Server thread/INFO]: [DEBUG] CraftPlayer{name=Sujuya} use command ah sell 150
[11:16:33] [Server thread/INFO]: [DEBUG] CraftPlayer{name=Sujuya} use command ah 
[11:19:22] [Server thread/INFO]: [DEBUG] CraftPlayer{name=Sujuya} use command ah sell 222
[11:19:30] [Server thread/INFO]: [DEBUG] CraftPlayer{name=Sujuya} use command ah sell 222
[11:19:40] [Server thread/INFO]: [DEBUG] CraftPlayer{name=Sujuya} use command ah sell 222
[11:19:47] [Server thread/INFO]: [DEBUG] CraftPlayer{name=Sujuya} use command ah sell 222
[11:19:56] [Server thread/INFO]: [DEBUG] CraftPlayer{name=Sujuya} use command ah sell 222
[11:20:34] [Server thread/INFO]: [DEBUG] CraftPlayer{name=Sujuya} use command ah sell 222
[11:20:42] [Server thread/INFO]: [DEBUG] CraftPlayer{name=Sujuya} use command ah sell 222
[11:20:51] [Server thread/INFO]: [DEBUG] CraftPlayer{name=Sujuya} use command ah sell 222
[11:20:59] [Server thread/INFO]: [DEBUG] CraftPlayer{name=Sujuya} use command ah sell 222
[11:21:07] [Server thread/INFO]: [DEBUG] CraftPlayer{name=Sujuya} use command ah sell 222
[11:21:47] [Server thread/INFO]: [DEBUG] CraftPlayer{name=Sujuya} use command ah sell 100
[11:22:02] [Server thread/INFO]: [DEBUG] CraftPlayer{name=Sujuya} use command ah sell100
[11:22:14] [Server thread/INFO]: [DEBUG] CraftPlayer{name=Sujuya} use command ah sell 100
[11:22:25] [Server thread/INFO]: [DEBUG] CraftPlayer{name=Sujuya} use command ah sell 100
[11:22:56] [Server thread/INFO]: [DEBUG] CraftPlayer{name=Sujuya} use command ah sell 100
[11:23:10] [Server thread/INFO]: [DEBUG] CraftPlayer{name=Sujuya} use command ah sell 100
[11:23:22] [Server thread/INFO]: [DEBUG] CraftPlayer{name=Sujuya} use command ah sell 50
[11:23:42] [Server thread/INFO]: [DEBUG] CraftPlayer{name=Sujuya} use command ah sell 50
[11:23:55] [Server thread/INFO]: [DEBUG] CraftPlayer{name=Sujuya} use command ah sell 50
[11:24:40] [Server thread/INFO]: [DEBUG] CraftPlayer{name=Sujuya} use command ah sell 50
[11:24:50] [Server thread/INFO]: [DEBUG] CraftPlayer{name=Sujuya} use command ah sell 50
[11:25:00] [Server thread/INFO]: [DEBUG] CraftPlayer{name=Sujuya} use command ah sell 50
[11:25:09] [Server thread/INFO]: [DEBUG] CraftPlayer{name=Sujuya} use command ah 
[11:47:22] [Server thread/INFO]: [DEBUG] CraftPlayer{name=Mananakla} use command ah 
[11:47:48] [Server thread/INFO]: [DEBUG] CraftPlayer{name=Mananakla} use command ah 
[11:47:51] [Server thread/INFO]: [DEBUG] CraftPlayer{name=MuxaBall} use command ah 
[11:48:23] [Server thread/INFO]: [DEBUG] CraftPlayer{name=Sujuya} use command ah sell 555
[11:48:31] [Server thread/INFO]: [DEBUG] CraftPlayer{name=Sujuya} use command ah 
[11:48:43] [Server thread/INFO]: [DEBUG] CraftPlayer{name=Sujuya} use command ah sell 500
[11:48:58] [Server thread/INFO]: [DEBUG] CraftPlayer{name=Mananakla} use command ah 
[11:53:44] [Server thread/INFO]: [DEBUG] CraftPlayer{name=Mananakla} use command ah sell 100
[11:53:52] [Server thread/INFO]: [DEBUG] CraftPlayer{name=Tenikcalmy} use command ah 
[11:59:34] [Server thread/INFO]: [DEBUG] CraftPlayer{name=Mananakla} use command ah 
[12:10:06] [Server thread/INFO]: [DEBUG] CraftPlayer{name=Mananakla} use command ah sell 252
[12:10:16] [Server thread/INFO]: [DEBUG] CraftPlayer{name=Mananakla} use command ah 
[12:50:57] [Server thread/INFO]: [DEBUG] CraftPlayer{name=DIMOLL} use command ah 
[13:33:56] [Server thread/INFO]: [DEBUG] CraftPlayer{name=OneMaksKill} use command ah sell 100 1
[13:34:13] [Server thread/INFO]: [DEBUG] CraftPlayer{name=Strannik163_rus} use command ah 
[13:34:16] [Server thread/INFO]: [DEBUG] CraftPlayer{name=Tenikcalmy} use command ah 
[13:34:50] [Server thread/INFO]: [DEBUG] CraftPlayer{name=OneMaksKill} use command ah 
[13:36:54] [Server thread/INFO]: [DEBUG] CraftPlayer{name=MuxaBall} use command ah 
[13:38:28] [Server thread/INFO]: [DEBUG] CraftPlayer{name=MuxaBall} use command ah 
[13:52:04] [Server thread/INFO]: [DEBUG] CraftPlayer{name=Mananakla} use command ah 
[14:05:24] [Server thread/INFO]: [DEBUG] CraftPlayer{name=Mananakla} use command ah sell 300
[14:15:51] [Server thread/INFO]: [DEBUG] CraftPlayer{name=Smerdoglot228} use command ah 
[14:16:00] [Server thread/INFO]: [DEBUG] CraftPlayer{name=DIMOLL} use command ah 
[14:16:01] [Server thread/INFO]: [DEBUG] CraftPlayer{name=Smerdoglot228} use command ah 
[14:16:35] [Server thread/INFO]: [DEBUG] CraftPlayer{name=DIMOLL} use command ah 
[14:23:15] [Server thread/INFO]: [DEBUG] CraftPlayer{name=Mananakla} use command ah 
[14:31:00] [Server thread/INFO]: [DEBUG] CraftPlayer{name=Mananakla} use command ah 
[14:33:26] [Server thread/INFO]: [DEBUG] CraftPlayer{name=Mananakla} use command ah sell 200
[14:50:42] [Server thread/INFO]: [DEBUG] CraftPlayer{name=Smerdoglot228} use command ah 
[15:36:46] [Server thread/INFO]: [DEBUG] CraftPlayer{name=Mananakla} use command ah 
[15:50:28] [Server thread/INFO]: [DEBUG] CraftPlayer{name=DIMOLL} use command ah 
[15:54:54] [Server thread/INFO]: [DEBUG] CraftPlayer{name=Tenikcalmy} use command ah 
[15:56:52] [Server thread/INFO]: [DEBUG] CraftPlayer{name=Tenikcalmy} use command ah sell 25
[15:57:14] [Server thread/INFO]: [DEBUG] CraftPlayer{name=Tenikcalmy} use command ah 
[16:11:01] [Server thread/INFO]: [DEBUG] CraftPlayer{name=DIMOLL} use command ah sell 2000
[16:11:02] [Server thread/INFO]: [DEBUG] CraftPlayer{name=DIMOLL} use command ah 
[18:25:21] [Server thread/INFO]: [DEBUG] CraftPlayer{name=Strannik163_rus} use command ah 
[18:38:07] [Server thread/INFO]: [DEBUG] CraftPlayer{name=Tenikcalmy} use command ah 
[18:42:47] [Server thread/INFO]: [DEBUG] CraftPlayer{name=Tenikcalmy} use command ah 
[21:43:35] [Server thread/INFO]: [DEBUG] CraftPlayer{name=Lord__xemnas} use command ah 
[00:53:59] [Server thread/INFO]: [DEBUG] CraftPlayer{name=MuxaBall} use command ah sell 2000
[02:20:48] [Server thread/INFO]: [DEBUG] CraftPlayer{name=Tenikcalmy} use command ah 
[02:21:24] [Server thread/INFO]: [DEBUG] CraftPlayer{name=Tenikcalmy} use command ah sell 666
[03:52:34] [Server thread/INFO]: [DEBUG] CraftPlayer{name=Tenikcalmy} use command ah sell 500
[04:39:05] [Server thread/INFO]: [DEBUG] CraftPlayer{name=Lord__xemnas} use command ah 
[05:17:32] [Server thread/INFO]: [DEBUG] CraftPlayer{name=Mananakla} use command ah 
[07:05:28] [Server thread/INFO]: [DEBUG] CraftPlayer{name=MuxaBall} use command ah 
[07:42:10] [Server thread/INFO]: [DEBUG] CraftPlayer{name=RaggedSign23} use command ah 
[07:56:22] [Server thread/INFO]: [DEBUG] CraftPlayer{name=Tenikcalmy} use command ah 
[07:56:47] [Server thread/INFO]: [DEBUG] CraftPlayer{name=Tenikcalmy} use command ah 
[08:36:05] [Server thread/INFO]: [DEBUG] CraftPlayer{name=Mananakla} use command ah sell 252
[08:54:10] [Server thread/INFO]: [DEBUG] CraftPlayer{name=RaggedSign23} use command ah 
[08:55:24] [Server thread/INFO]: [DEBUG] CraftPlayer{name=Mananakla} use command ah sell 300
[08:55:31] [Server thread/INFO]: [DEBUG] CraftPlayer{name=Mananakla} use command ah 
[08:55:43] [Server thread/INFO]: [DEBUG] CraftPlayer{name=Mananakla} use command ah sell 300
[08:56:26] [Server thread/INFO]: [DEBUG] CraftPlayer{name=RaggedSign23} use command ah 
[08:57:35] [Server thread/INFO]: [DEBUG] CraftPlayer{name=Mananakla} use command ah 
[08:57:47] [Server thread/INFO]: [DEBUG] CraftPlayer{name=RaggedSign23} use command ah sell 20
[08:58:05] [Server thread/INFO]: [DEBUG] CraftPlayer{name=Mananakla} use command ah 
[09:04:22] [Server thread/INFO]: [DEBUG] CraftPlayer{name=reclau} use command ah sell 100
[09:04:24] [Server thread/INFO]: [DEBUG] CraftPlayer{name=reclau} use command ah 
[09:05:18] [Server thread/INFO]: [DEBUG] CraftPlayer{name=Tenikcalmy} use command ah 
[09:07:08] [Server thread/INFO]: [DEBUG] CraftPlayer{name=RaggedSign23} use command ah 
[09:07:30] [Server thread/INFO]: [DEBUG] CraftPlayer{name=Mananakla} use command ah 
[09:28:36] [Server thread/INFO]: [DEBUG] CraftPlayer{name=Mananakla} use command ah sell 300
[09:49:48] [Server thread/INFO]: [DEBUG] CraftPlayer{name=bebri019} use command ah 
[10:02:41] [Server thread/INFO]: Disabling BAuction v1.3.3
[10:02:41] [Server thread/INFO]: [DEBUG] disable disable PAPI hook
[10:02:41] [Server thread/INFO]: [DEBUG] disable disable logger
[10:02:41] [Server thread/INFO]: [DEBUG] disable disable BMenuApi
[10:02:41] [Server thread/INFO]: [DEBUG] disable disable db
[10:02:41] [Server thread/INFO]: saved 37 items, 170 users and 4 unsold items in 2 ms
[10:02:41] [Server thread/INFO]: [DEBUG] disable unregisterAdapters
