[01:08:17] [Server thread/INFO]: Starting Metrics. Opt-out using the global bStats config.
[01:08:37] [Server thread/INFO]: Enabling BAuction v1.3.3
[01:08:37] [Server thread/INFO]: [DEBUG] enable checkUpdate
[01:08:37] [Server thread/INFO]: [DEBUG] enable enable BMenuApi
[01:08:37] [Server thread/INFO]: [DEBUG] enable load MenuLoader
[01:08:37] [Server thread/INFO]: [DEBUG] enable load db cfg
[01:08:37] [Server thread/INFO]: [DEBUG] enable registerAdapters
[01:08:37] [Server thread/INFO]: [DEBUG] enable load UniqueNameGenerator
[01:08:37] [Server thread/INFO]: [DEBUG] enable load cfg
[01:08:37] [Server thread/INFO]: [DEBUG] enable load assetsManager
[01:08:37] [Server thread/INFO]: [DEBUG] enable load lang
[01:08:37] [Server thread/INFO]: [DEBUG] enable load logger
[01:08:37] [Server thread/INFO]: [DEBUG] enable load event manager
[01:08:37] [Server thread/INFO]: [DEBUG] enable load time util
[01:08:37] [Server thread/INFO]: [DEBUG] enable load TrieManager
[01:08:37] [Server thread/INFO]: [DEBUG] enable load econ
[01:08:37] [Server thread/SEVERE]: An error occurred while enabling on the handler: load econ
java.lang.NullPointerException: Economy not found!
	at java.base/java.util.Objects.requireNonNull(Objects.java:259)
	at BAuction-1.3.3-ru.jar//org.by1337.bauction.hook.econ.impl.VaultHook.<init>(VaultHook.java:17)
	at BAuction-1.3.3-ru.jar//org.by1337.bauction.Main.lambda$initEnablePipeline$10(Main.java:165)
	at BAuction-1.3.3-ru.jar//org.by1337.bauction.util.plugin.PluginEnablePipeline.onEnable(PluginEnablePipeline.java:49)
	at BAuction-1.3.3-ru.jar//org.by1337.bauction.Main.onEnable(Main.java:221)
	at org.bukkit.plugin.java.JavaPlugin.setEnabled(JavaPlugin.java:288)
	at io.papermc.paper.plugin.manager.PaperPluginInstanceManager.enablePlugin(PaperPluginInstanceManager.java:202)
	at io.papermc.paper.plugin.manager.PaperPluginManagerImpl.enablePlugin(PaperPluginManagerImpl.java:109)
	at org.bukkit.plugin.SimplePluginManager.enablePlugin(SimplePluginManager.java:520)
	at org.bukkit.craftbukkit.CraftServer.enablePlugin(CraftServer.java:654)
	at org.bukkit.craftbukkit.CraftServer.enablePlugins(CraftServer.java:603)
	at net.minecraft.server.MinecraftServer.loadWorld0(MinecraftServer.java:757)
	at net.minecraft.server.MinecraftServer.loadLevel(MinecraftServer.java:519)
	at net.minecraft.server.dedicated.DedicatedServer.initServer(DedicatedServer.java:363)
	at net.minecraft.server.MinecraftServer.runServer(MinecraftServer.java:1230)
	at net.minecraft.server.MinecraftServer.lambda$spin$0(MinecraftServer.java:333)
	at java.base/java.lang.Thread.run(Thread.java:1583)

[01:08:37] [Server thread/INFO]: Disabling BAuction v1.3.3
[01:08:37] [Server thread/INFO]: [DEBUG] disable disable logger
[01:08:37] [Server thread/INFO]: [DEBUG] disable disable BMenuApi
[01:08:37] [Server thread/INFO]: [DEBUG] disable unregisterAdapters
