[08:44:29] [Server thread/INFO]: Starting Metrics. Opt-out using the global bStats config.
[08:45:25] [Server thread/INFO]: Enabling BAuction v1.3.3
[08:45:25] [Server thread/INFO]: [DEBUG] enable checkUpdate
[08:45:25] [Server thread/INFO]: [DEBUG] enable enable BMenuApi
[08:45:25] [Server thread/INFO]: [DEBUG] enable load MenuLoader
[08:45:25] [Server thread/INFO]: [DEBUG] enable load db cfg
[08:45:25] [Server thread/INFO]: [DEBUG] enable registerAdapters
[08:45:25] [Server thread/INFO]: [DEBUG] enable load UniqueNameGenerator
[08:45:25] [Server thread/INFO]: [DEBUG] enable load cfg
[08:45:25] [Server thread/INFO]: [DEBUG] enable load assetsManager
[08:45:25] [Server thread/INFO]: [DEBUG] enable load lang
[08:45:25] [Server thread/INFO]: [DEBUG] enable load logger
[08:45:25] [Server thread/INFO]: [DEBUG] enable load event manager
[08:45:25] [Server thread/INFO]: [DEBUG] enable load time util
[08:45:25] [Server thread/INFO]: [DEBUG] enable load TrieManager
[08:45:25] [Server thread/INFO]: [DEBUG] enable load econ
[08:45:25] [Server thread/INFO]: [DEBUG] enable load PAPI hook
[08:45:25] [Server thread/INFO]: [DEBUG] enable load black list
[08:45:25] [Server thread/INFO]: [DEBUG] enable load db
[08:45:25] [Server thread/INFO]: [DEBUG] enable check version
[08:45:25] [Server thread/INFO]: [DEBUG] enable init commands
[08:45:25] [bauc File Db loader/INFO]: Успешно загружено 29 предметов за 26 мс.
[08:46:33] [Server thread/INFO]: Disabling BAuction v1.3.3
[08:46:33] [Server thread/INFO]: [DEBUG] disable disable PAPI hook
[08:46:33] [Server thread/INFO]: [DEBUG] disable disable logger
[08:46:33] [Server thread/INFO]: [DEBUG] disable disable BMenuApi
[08:46:33] [Server thread/INFO]: [DEBUG] disable disable db
[08:46:33] [Server thread/INFO]: saved 29 items, 170 users and 4 unsold items in 4 ms
[08:46:33] [Server thread/INFO]: [DEBUG] disable unregisterAdapters
