[14:15:19] [Server thread/INFO]: Starting Metrics. Opt-out using the global bStats config.
[14:15:58] [Server thread/INFO]: Enabling BAuction v1.3.3
[14:15:58] [Server thread/INFO]: [DEBUG] enable checkUpdate
[14:15:58] [Server thread/INFO]: [DEBUG] enable enable BMenuApi
[14:15:59] [Server thread/INFO]: [DEBUG] enable load MenuLoader
[14:15:59] [Server thread/INFO]: [DEBUG] enable load db cfg
[14:15:59] [Server thread/INFO]: [DEBUG] enable registerAdapters
[14:15:59] [Server thread/INFO]: [DEBUG] enable load UniqueNameGenerator
[14:15:59] [Server thread/INFO]: [DEBUG] enable load cfg
[14:15:59] [Server thread/INFO]: [DEBUG] enable load assetsManager
[14:15:59] [Server thread/INFO]: [DEBUG] enable load lang
[14:15:59] [Server thread/INFO]: [DEBUG] enable load logger
[14:15:59] [Server thread/INFO]: [DEBUG] enable load event manager
[14:15:59] [Server thread/INFO]: [DEBUG] enable load time util
[14:15:59] [Server thread/INFO]: [DEBUG] enable load TrieManager
[14:15:59] [Server thread/INFO]: [DEBUG] enable load econ
[14:15:59] [Server thread/INFO]: [DEBUG] enable load PAPI hook
[14:15:59] [Server thread/INFO]: [DEBUG] enable load black list
[14:15:59] [Server thread/INFO]: [DEBUG] enable load db
[14:15:59] [Server thread/INFO]: [DEBUG] enable check version
[14:15:59] [Server thread/INFO]: [DEBUG] enable init commands
[14:15:59] [bauc File Db loader/INFO]: Успешно загружено 0 предметов за 19 мс.
[14:22:46] [Server thread/INFO]: Disabling BAuction v1.3.3
[14:22:46] [Server thread/INFO]: [DEBUG] disable disable PAPI hook
[14:22:46] [Server thread/INFO]: [DEBUG] disable disable logger
[14:22:46] [Server thread/INFO]: [DEBUG] disable disable BMenuApi
[14:22:46] [Server thread/INFO]: [DEBUG] disable disable db
[14:22:46] [Server thread/INFO]: saved 0 items, 0 users and 0 unsold items in 0 ms
[14:22:46] [Server thread/INFO]: [DEBUG] disable unregisterAdapters
