[00:03:21] [Server thread/INFO]: Starting Metrics. Opt-out using the global bStats config.
[00:04:11] [Server thread/INFO]: Enabling BAuction v1.3.3
[00:04:11] [Server thread/INFO]: [DEBUG] enable checkUpdate
[00:04:11] [Server thread/INFO]: [DEBUG] enable enable BMenuApi
[00:04:11] [Server thread/INFO]: [DEBUG] enable load MenuLoader
[00:04:11] [Server thread/INFO]: [DEBUG] enable load db cfg
[00:04:11] [Server thread/INFO]: [DEBUG] enable registerAdapters
[00:04:11] [Server thread/INFO]: [DEBUG] enable load UniqueNameGenerator
[00:04:11] [Server thread/INFO]: [DEBUG] enable load cfg
[00:04:11] [Server thread/INFO]: [DEBUG] enable load assetsManager
[00:04:11] [Server thread/INFO]: [DEBUG] enable load lang
[00:04:11] [Server thread/INFO]: [DEBUG] enable load logger
[00:04:11] [Server thread/INFO]: [DEBUG] enable load event manager
[00:04:11] [Server thread/INFO]: [DEBUG] enable load time util
[00:04:11] [Server thread/INFO]: [DEBUG] enable load TrieManager
[00:04:11] [Server thread/INFO]: [DEBUG] enable load econ
[00:04:11] [Server thread/INFO]: [DEBUG] enable load PAPI hook
[00:04:11] [Server thread/INFO]: [DEBUG] enable load black list
[00:04:11] [Server thread/INFO]: [DEBUG] enable load db
[00:04:11] [Server thread/INFO]: [DEBUG] enable check version
[00:04:11] [Server thread/INFO]: [DEBUG] enable init commands
[00:04:11] [bauc File Db loader/INFO]: Успешно загружено 10 предметов за 26 мс.
[00:14:15] [Server thread/INFO]: Disabling BAuction v1.3.3
[00:14:15] [Server thread/INFO]: [DEBUG] disable disable PAPI hook
[00:14:15] [Server thread/INFO]: [DEBUG] disable disable logger
[00:14:15] [Server thread/INFO]: [DEBUG] disable disable BMenuApi
[00:14:15] [Server thread/INFO]: [DEBUG] disable disable db
[00:14:15] [Server thread/INFO]: saved 10 items, 123 users and 2 unsold items in 2 ms
[00:14:15] [Server thread/INFO]: [DEBUG] disable unregisterAdapters
