[02:42:37] [Server thread/INFO]: Starting Metrics. Opt-out using the global bStats config.
[02:43:18] [Server thread/INFO]: Enabling BAuction v1.3.3
[02:43:18] [Server thread/INFO]: [DEBUG] enable checkUpdate
[02:43:18] [Server thread/INFO]: [DEBUG] enable enable BMenuApi
[02:43:18] [Server thread/INFO]: [DEBUG] enable load MenuLoader
[02:43:18] [Server thread/INFO]: [DEBUG] enable load db cfg
[02:43:18] [Server thread/INFO]: [DEBUG] enable registerAdapters
[02:43:18] [Server thread/INFO]: [DEBUG] enable load UniqueNameGenerator
[02:43:18] [Server thread/INFO]: [DEBUG] enable load cfg
[02:43:18] [Server thread/INFO]: [DEBUG] enable load assetsManager
[02:43:19] [Server thread/INFO]: [DEBUG] enable load lang
[02:43:19] [Server thread/INFO]: [DEBUG] enable load logger
[02:43:19] [Server thread/INFO]: [DEBUG] enable load event manager
[02:43:19] [Server thread/INFO]: [DEBUG] enable load time util
[02:43:19] [Server thread/INFO]: [DEBUG] enable load TrieManager
[02:43:19] [Server thread/INFO]: [DEBUG] enable load econ
[02:43:19] [Server thread/INFO]: [DEBUG] enable load PAPI hook
[02:43:19] [Server thread/INFO]: [DEBUG] enable load black list
[02:43:19] [Server thread/INFO]: [DEBUG] enable load db
[02:43:19] [Server thread/INFO]: [DEBUG] enable check version
[02:43:19] [Server thread/INFO]: [DEBUG] enable init commands
[02:43:19] [bauc File Db loader/INFO]: Успешно загружено 3 предметов за 16 мс.
[02:54:44] [Server thread/INFO]: Disabling BAuction v1.3.3
[02:54:44] [Server thread/INFO]: [DEBUG] disable disable PAPI hook
[02:54:44] [Server thread/INFO]: [DEBUG] disable disable logger
[02:54:44] [Server thread/INFO]: [DEBUG] disable disable BMenuApi
[02:54:44] [Server thread/INFO]: [DEBUG] disable disable db
[02:54:44] [Server thread/INFO]: saved 3 items, 17 users and 0 unsold items in 2 ms
[02:54:44] [Server thread/INFO]: [DEBUG] disable unregisterAdapters
