[19:46:05] [Server thread/INFO]: Starting Metrics. Opt-out using the global bStats config.
[19:46:52] [Server thread/INFO]: Enabling BAuction v1.3.3
[19:46:52] [Server thread/INFO]: [DEBUG] enable checkUpdate
[19:46:52] [Server thread/INFO]: [DEBUG] enable enable BMenuApi
[19:46:52] [Server thread/INFO]: [DEBUG] enable load MenuLoader
[19:46:52] [Server thread/INFO]: [DEBUG] enable load db cfg
[19:46:52] [Server thread/INFO]: [DEBUG] enable registerAdapters
[19:46:52] [Server thread/INFO]: [DEBUG] enable load UniqueNameGenerator
[19:46:52] [Server thread/INFO]: [DEBUG] enable load cfg
[19:46:52] [Server thread/INFO]: [DEBUG] enable load assetsManager
[19:46:52] [Server thread/INFO]: [DEBUG] enable load lang
[19:46:52] [Server thread/INFO]: [DEBUG] enable load logger
[19:46:52] [Server thread/INFO]: [DEBUG] enable load event manager
[19:46:52] [Server thread/INFO]: [DEBUG] enable load time util
[19:46:52] [Server thread/INFO]: [DEBUG] enable load TrieManager
[19:46:52] [Server thread/INFO]: [DEBUG] enable load econ
[19:46:52] [Server thread/INFO]: [DEBUG] enable load PAPI hook
[19:46:52] [Server thread/INFO]: [DEBUG] enable load black list
[19:46:52] [Server thread/INFO]: [DEBUG] enable load db
[19:46:52] [Server thread/INFO]: [DEBUG] enable check version
[19:46:52] [Server thread/INFO]: [DEBUG] enable init commands
[19:46:53] [bauc File Db loader/INFO]: Успешно загружено 6 предметов за 19 мс.
[20:14:56] [Server thread/INFO]: [DEBUG] CraftPlayer{name=real_romeo} use command ah 
[20:25:33] [Server thread/INFO]: [DEBUG] CraftPlayer{name=Shirayuki1526} use command ah 
[20:26:07] [Server thread/INFO]: [DEBUG] CraftPlayer{name=Shirayuki1526} use command ah sell 250
[20:26:10] [Server thread/INFO]: [DEBUG] CraftPlayer{name=Shirayuki1526} use command ah 
[20:26:23] [Server thread/INFO]: [DEBUG] CraftPlayer{name=Shirayuki1526} use command ah sell 250
[20:26:26] [Server thread/INFO]: [DEBUG] CraftPlayer{name=Shirayuki1526} use command ah 
[20:52:15] [Server thread/INFO]: [DEBUG] CraftPlayer{name=Strannik163_rus} use command ah 
[01:50:54] [Server thread/INFO]: [DEBUG] CraftPlayer{name=MuxaBall} use command ah 
[03:11:16] [Server thread/INFO]: [DEBUG] CraftPlayer{name=Tenikcalmy} use command ah 
[03:12:02] [Server thread/INFO]: [DEBUG] CraftPlayer{name=MuxaBall} use command ah sell 50
[03:12:50] [Server thread/INFO]: [DEBUG] CraftPlayer{name=Tenikcalmy} use command ah 
[04:19:27] [Server thread/INFO]: [DEBUG] CraftPlayer{name=MuxaBall} use command ah sell 300
[04:26:34] [Server thread/INFO]: [DEBUG] CraftPlayer{name=MuxaBall} use command ah sell 500
[04:26:42] [Server thread/INFO]: [DEBUG] CraftPlayer{name=MuxaBall} use command ah sell 50p
[04:26:48] [Server thread/INFO]: [DEBUG] CraftPlayer{name=MuxaBall} use command ah sell 500
[04:28:28] [Server thread/INFO]: [DEBUG] CraftPlayer{name=MuxaBall} use command ah sell 500
[04:40:24] [Server thread/INFO]: [DEBUG] CraftPlayer{name=MisKotikUwU} use command ah 
[04:57:50] [Server thread/INFO]: [DEBUG] CraftPlayer{name=Shirayuki1526} use command ah 
[04:57:51] [Server thread/INFO]: [DEBUG] CraftPlayer{name=MuxaBall} use command ah sell 500
[04:57:58] [Server thread/INFO]: [DEBUG] CraftPlayer{name=MuxaBall} use command ah 
[04:58:09] [Server thread/INFO]: [DEBUG] CraftPlayer{name=MuxaBall} use command ah sell 500
[05:16:04] [Server thread/INFO]: [DEBUG] CraftPlayer{name=MuxaBall} use command ah sell 500
[05:16:07] [Server thread/INFO]: [DEBUG] CraftPlayer{name=MuxaBall} use command ah 
[05:16:16] [Server thread/INFO]: [DEBUG] CraftPlayer{name=MuxaBall} use command ah sell 500
[05:26:29] [Server thread/INFO]: [DEBUG] CraftPlayer{name=Mananakla} use command ah 
[05:26:34] [Server thread/INFO]: [DEBUG] CraftPlayer{name=zhenya_pro1026} use command ah 
[05:26:38] [Server thread/INFO]: [DEBUG] CraftPlayer{name=100PudoFF} use command ah 
[05:41:31] [Server thread/INFO]: [DEBUG] CraftPlayer{name=MuxaBall} use command ah sell 1000
[05:41:52] [Server thread/INFO]: [DEBUG] CraftPlayer{name=Mananakla} use command ah 
[05:43:21] [Server thread/INFO]: [DEBUG] CraftPlayer{name=MuxaBall} use command ah 
[05:43:41] [Server thread/INFO]: [DEBUG] CraftPlayer{name=MuxaBall} use command ah sell 200
[05:43:46] [Server thread/INFO]: [DEBUG] CraftPlayer{name=MuxaBall} use command ah sell 200
[05:43:53] [Server thread/INFO]: [DEBUG] CraftPlayer{name=MuxaBall} use command ah sell 200
[05:44:10] [Server thread/INFO]: [DEBUG] CraftPlayer{name=MuxaBall} use command ah sell 200
[05:44:20] [Server thread/INFO]: [DEBUG] CraftPlayer{name=MuxaBall} use command ah sell 200
[05:44:23] [Server thread/INFO]: [DEBUG] CraftPlayer{name=MuxaBall} use command ah 
[05:44:45] [Server thread/INFO]: [DEBUG] CraftPlayer{name=MuxaBall} use command ah ssll 200
[05:44:47] [Server thread/INFO]: [DEBUG] CraftPlayer{name=Mananakla} use command ah 
[05:44:53] [Server thread/INFO]: [DEBUG] CraftPlayer{name=MuxaBall} use command ah sell 200
[05:45:02] [Server thread/INFO]: [DEBUG] CraftPlayer{name=Tenikcalmy} use command ah 
[06:13:51] [Server thread/INFO]: [DEBUG] CraftPlayer{name=MuxaBall} use command ah sell 200
[06:13:56] [Server thread/INFO]: [DEBUG] CraftPlayer{name=MuxaBall} use command ah sell 200
[06:21:07] [Server thread/INFO]: [DEBUG] CraftPlayer{name=Tenikcalmy} use command ah sell 50 full
[06:21:19] [Server thread/INFO]: [DEBUG] CraftPlayer{name=Tenikcalmy} use command ah sell 50 full
[06:21:25] [Server thread/INFO]: [DEBUG] CraftPlayer{name=MuxaBall} use command ah 
[06:21:30] [Server thread/INFO]: [DEBUG] CraftPlayer{name=Tenikcalmy} use command ah sell 50 full
[06:21:44] [Server thread/INFO]: [DEBUG] CraftPlayer{name=Tenikcalmy} use command ah sell 51 full
[09:02:03] [Server thread/INFO]: [DEBUG] CraftPlayer{name=Mananakla} use command ah 
[09:31:51] [Server thread/INFO]: [DEBUG] CraftPlayer{name=Mananakla} use command ah sell 250
[09:42:22] [Server thread/INFO]: [DEBUG] CraftPlayer{name=Mananakla} use command ah 
[11:57:41] [Server thread/INFO]: [DEBUG] CraftPlayer{name=shiny738} use command ah 
[12:43:01] [Server thread/INFO]: [DEBUG] CraftPlayer{name=shiny738} use command ah 
[13:07:02] [Server thread/INFO]: [DEBUG] CraftPlayer{name=shiny738} use command ah sell 200
[13:13:13] [Server thread/INFO]: [DEBUG] CraftPlayer{name=Tenikcalmy} use command ah 
[13:15:57] [Server thread/INFO]: [DEBUG] CraftPlayer{name=shiny738} use command ah sell 2000
[13:27:51] [Server thread/INFO]: [DEBUG] CraftPlayer{name=Sujuya} use command ah sell 100
[13:30:55] [Server thread/INFO]: [DEBUG] CraftPlayer{name=Sujuya} use command ah 
[13:34:04] [Server thread/INFO]: [DEBUG] CraftPlayer{name=wasbrxken} use command ah 
[14:33:58] [Server thread/INFO]: [DEBUG] CraftPlayer{name=Tenikcalmy} use command ah sell 20 full
[14:35:13] [Server thread/INFO]: [DEBUG] CraftPlayer{name=shiny738} use command ah 
[14:37:12] [Server thread/INFO]: [DEBUG] CraftPlayer{name=shiny738} use command ah 
[14:37:27] [Server thread/INFO]: [DEBUG] CraftPlayer{name=shiny738} use command ah sell 20
[14:52:38] [Server thread/INFO]: [DEBUG] CraftPlayer{name=MuxaBall} use command ah 
[14:53:27] [Server thread/INFO]: [DEBUG] CraftPlayer{name=MuxaBall} use command ah sell 1000
[15:50:23] [Server thread/INFO]: [DEBUG] CraftPlayer{name=Shirayuki1526} use command ah 
[15:51:23] [Server thread/INFO]: [DEBUG] CraftPlayer{name=Shirayuki1526} use command ah sell 200
[16:29:06] [Server thread/INFO]: [DEBUG] CraftPlayer{name=Sujuya} use command ah sell 100
[16:29:13] [Server thread/INFO]: [DEBUG] CraftPlayer{name=Sujuya} use command ah sell 100
[16:29:22] [Server thread/INFO]: [DEBUG] CraftPlayer{name=Sujuya} use command ah sell 100
[16:29:30] [Server thread/INFO]: [DEBUG] CraftPlayer{name=Sujuya} use command ah sell 100
[16:29:36] [Server thread/INFO]: [DEBUG] CraftPlayer{name=Sujuya} use command ah 
[16:34:26] [Server thread/INFO]: [DEBUG] CraftPlayer{name=DIMOLL} use command ah 
[16:36:07] [Server thread/INFO]: [DEBUG] CraftPlayer{name=DIMOLL} use command ah sell 100
[16:36:13] [Server thread/INFO]: [DEBUG] CraftPlayer{name=DIMOLL} use command ah sell 100
[16:36:16] [Server thread/INFO]: [DEBUG] CraftPlayer{name=DIMOLL} use command ah sell 100
[16:46:47] [Server thread/INFO]: [DEBUG] CraftPlayer{name=Strannik163_rus} use command ah 
[16:51:59] [Server thread/INFO]: [DEBUG] CraftPlayer{name=Strannik163_rus} use command ah 
[16:53:14] [Server thread/INFO]: [DEBUG] CraftPlayer{name=Strannik163_rus} use command ah sell 5000
[16:53:23] [Server thread/INFO]: [DEBUG] CraftPlayer{name=Strannik163_rus} use command ah sell 5000
[16:53:30] [Server thread/INFO]: [DEBUG] CraftPlayer{name=Strannik163_rus} use command ah 
[17:28:01] [Server thread/INFO]: [DEBUG] CraftPlayer{name=AAIgumnov14} use command ah 
[17:29:15] [Server thread/INFO]: [DEBUG] CraftPlayer{name=AAIgumnov14} use command ah 
[17:31:21] [Server thread/INFO]: [DEBUG] CraftPlayer{name=AAIgumnov14} use command ah 
[17:31:21] [Server thread/INFO]: [DEBUG] CraftPlayer{name=ASIgumnov83} use command ah 
[17:31:42] [Server thread/INFO]: [DEBUG] CraftPlayer{name=ASIgumnov83} use command ah 
[17:39:36] [Server thread/INFO]: [DEBUG] CraftPlayer{name=Sujuya} use command ah sell 50
[17:39:45] [Server thread/INFO]: [DEBUG] CraftPlayer{name=Sujuya} use command ah sell 50
[17:39:52] [Server thread/INFO]: [DEBUG] CraftPlayer{name=Sujuya} use command ah sell 50
[17:39:56] [Server thread/INFO]: [DEBUG] CraftPlayer{name=Sujuya} use command ah 
[17:40:20] [Server thread/INFO]: [DEBUG] CraftPlayer{name=Sujuya} use command ah sell 200
[17:40:26] [Server thread/INFO]: [DEBUG] CraftPlayer{name=Sujuya} use command ah 
[17:40:54] [Server thread/INFO]: [DEBUG] CraftPlayer{name=Sujuya} use command ah sell 150
[17:41:00] [Server thread/INFO]: [DEBUG] CraftPlayer{name=Sujuya} use command ah 
[17:41:14] [Server thread/INFO]: [DEBUG] CraftPlayer{name=Sujuya} use command ah sell 350
[18:05:05] [Server thread/INFO]: [DEBUG] CraftPlayer{name=DIMOLL} use command ah sell 100
[20:19:48] [Server thread/INFO]: [DEBUG] CraftPlayer{name=nco7eYT2} use command ah 
[20:22:07] [Server thread/INFO]: [DEBUG] CraftPlayer{name=nco7eYT2} use command ah 
[00:09:50] [Server thread/INFO]: [DEBUG] CraftPlayer{name=MuxaBall} use command ah 
[00:12:56] [Server thread/INFO]: [DEBUG] CraftPlayer{name=MuxaBall} use command ah 
[00:13:27] [Server thread/INFO]: [DEBUG] CraftPlayer{name=MuxaBall} use command ah 
[05:37:58] [Server thread/INFO]: [DEBUG] CraftPlayer{name=Mananakla} use command ah sell 250
[05:38:02] [Server thread/INFO]: [DEBUG] CraftPlayer{name=Mananakla} use command ah 
[05:38:14] [Server thread/INFO]: [DEBUG] CraftPlayer{name=Mananakla} use command ah 
[05:38:14] [Server thread/INFO]: [DEBUG] CraftPlayer{name=zhenya_pro1026} use command ah 
[06:40:47] [Server thread/INFO]: [DEBUG] CraftPlayer{name=MuxaBall} use command ah 
[06:42:44] [Server thread/INFO]: [DEBUG] CraftPlayer{name=MuxaBall} use command ah 
[06:43:28] [Server thread/INFO]: [DEBUG] CraftPlayer{name=MuxaBall} use command ah 
[06:43:28] [Server thread/INFO]: [DEBUG] CraftPlayer{name=Mananakla} use command ah 
[06:43:36] [Server thread/INFO]: [DEBUG] CraftPlayer{name=MuxaBall} use command ah sell 1000
[06:43:53] [Server thread/INFO]: [DEBUG] CraftPlayer{name=MuxaBall} use command ah 
[06:45:22] [Server thread/INFO]: [DEBUG] CraftPlayer{name=Mananakla} use command ah 
[06:45:38] [Server thread/INFO]: [DEBUG] CraftPlayer{name=Mananakla} use command ah 
[06:49:35] [Server thread/INFO]: [DEBUG] CraftPlayer{name=MuxaBall} use command ah 
[06:57:45] [Server thread/INFO]: [DEBUG] CraftPlayer{name=Tenikcalmy} use command ah 
[07:33:01] [Server thread/INFO]: [DEBUG] CraftPlayer{name=MuxaBall} use command ah sell 500
[07:33:14] [Server thread/INFO]: [DEBUG] CraftPlayer{name=MuxaBall} use command ah sell 450
[07:36:34] [Server thread/INFO]: [DEBUG] CraftPlayer{name=MuxaBall} use command ah sell 250
[07:36:43] [Server thread/INFO]: [DEBUG] CraftPlayer{name=MuxaBall} use command ah 
[08:18:47] [Server thread/INFO]: [DEBUG] CraftPlayer{name=MuxaBall} use command ah sell 200
[08:19:22] [Server thread/INFO]: [DEBUG] CraftPlayer{name=OneMaksKill} use command ah 
[08:20:45] [Server thread/INFO]: [DEBUG] CraftPlayer{name=MuxaBall} use command ah 
[08:21:01] [Server thread/INFO]: [DEBUG] CraftPlayer{name=MuxaBall} use command ah sell 800
[08:29:40] [Server thread/INFO]: [DEBUG] CraftPlayer{name=MuxaBall} use command ah 
[08:30:11] [Server thread/INFO]: [DEBUG] CraftPlayer{name=MuxaBall} use command ah sell 250
[08:30:18] [Server thread/INFO]: [DEBUG] CraftPlayer{name=MuxaBall} use command ah sell 400
[08:30:28] [Server thread/INFO]: [DEBUG] CraftPlayer{name=MuxaBall} use command ah sell 150
[08:36:11] [Server thread/INFO]: [DEBUG] CraftPlayer{name=MuxaBall} use command ah 
[08:37:17] [Server thread/INFO]: [DEBUG] CraftPlayer{name=ASIgumnov83} use command ah 
[08:37:19] [Server thread/INFO]: [DEBUG] CraftPlayer{name=MuxaBall} use command ah 
[09:19:11] [Server thread/INFO]: [DEBUG] CraftPlayer{name=MuxaBall} use command ah 
[09:44:02] [Server thread/INFO]: [DEBUG] CraftPlayer{name=MuxaBall} use command ah sell 200
[09:59:51] [Server thread/INFO]: [DEBUG] CraftPlayer{name=OneMaksKill} use command ah sell 9999 1
[10:00:13] [Server thread/INFO]: [DEBUG] CraftPlayer{name=ASIgumnov83} use command ah 
[10:05:11] [Server thread/INFO]: [DEBUG] CraftPlayer{name=MuxaBall} use command ah 
[10:05:36] [Server thread/INFO]: [DEBUG] CraftPlayer{name=Shirayuki1526} use command ah 
[10:05:47] [Server thread/INFO]: [DEBUG] CraftPlayer{name=Shirayuki1526} use command ah 
[10:09:33] [Server thread/INFO]: [DEBUG] CraftPlayer{name=ASIgumnov83} use command ah sell 100 full
[10:09:50] [Server thread/INFO]: [DEBUG] CraftPlayer{name=Shirayuki1526} use command ah 
[10:11:18] [Server thread/INFO]: [DEBUG] CraftPlayer{name=Shirayuki1526} use command ah 
[10:11:21] [Server thread/INFO]: [DEBUG] CraftPlayer{name=ASIgumnov83} use command ah sell 200 full
[10:11:37] [Server thread/INFO]: [DEBUG] CraftPlayer{name=MuxaBall} use command ah 
[10:11:49] [Server thread/INFO]: [DEBUG] CraftPlayer{name=Shirayuki1526} use command ah sell 300
[10:11:57] [Server thread/INFO]: [DEBUG] CraftPlayer{name=Shirayuki1526} use command ah 
[10:14:37] [Server thread/INFO]: [DEBUG] CraftPlayer{name=Shirayuki1526} use command ah 
[10:14:56] [Server thread/INFO]: [DEBUG] CraftPlayer{name=Shirayuki1526} use command ah sell 250
[10:15:03] [Server thread/INFO]: [DEBUG] CraftPlayer{name=Shirayuki1526} use command ah 
[10:15:23] [Server thread/INFO]: [DEBUG] CraftPlayer{name=Shirayuki1526} use command ah 
[10:20:09] [Server thread/INFO]: [DEBUG] CraftPlayer{name=MuxaBall} use command ah sell 200
[10:26:39] [Server thread/INFO]: [DEBUG] CraftPlayer{name=Shirayuki1526} use command ah 
[10:58:07] [Server thread/INFO]: [DEBUG] CraftPlayer{name=Tenikcalmy} use command ah 
[10:58:12] [Server thread/INFO]: [DEBUG] CraftPlayer{name=Tenikcalmy} use command ah 
[11:22:45] [Server thread/INFO]: [DEBUG] CraftPlayer{name=MuxaBall} use command ah 
[11:23:15] [Server thread/INFO]: [DEBUG] CraftPlayer{name=MuxaBall} use command ah 
[11:23:19] [Server thread/INFO]: [DEBUG] CraftPlayer{name=MuxaBall} use command ah 
[11:46:30] [Server thread/INFO]: [DEBUG] CraftPlayer{name=MuxaBall} use command ah 
[12:10:58] [Server thread/INFO]: [DEBUG] CraftPlayer{name=Sujuya} use command ah 
[12:11:21] [Server thread/INFO]: [DEBUG] CraftPlayer{name=Sujuya} use command ah 
[12:29:26] [Server thread/INFO]: [DEBUG] CraftPlayer{name=kartoshka_live1} use command ah 
[12:35:54] [Server thread/INFO]: [DEBUG] CraftPlayer{name=kartoshka_live1} use command ah 
[12:47:01] [Server thread/INFO]: [DEBUG] CraftPlayer{name=kartoshka_live1} use command ah 
[12:47:11] [Server thread/INFO]: [DEBUG] CraftPlayer{name=kartoshka_live1} use command ah 
[12:48:35] [Server thread/SEVERE]: [ResourceLeakDetector] Checking listener: AsyncClickListener{inventory=org.bukkit.craftbukkit.inventory.CraftInventoryCustom@1256e758, viewer=CraftPlayer{name=kartoshka_live1}, lastClick=0, executor=java.util.concurrent.Executors$AutoShutdownDelegatedExecutorService@6c880f85, runManager=org.by1337.bauction.bmenu.menu.AsyncClickListener$$Lambda/0x000070035f30e000@575367d5, async=true}, TopInventory: org.bukkit.craftbukkit.inventory.CraftInventoryCustom@799c0c7e, Listener Inventory: org.bukkit.craftbukkit.inventory.CraftInventoryCustom@1256e758, Is Different Inventory: true, Is Viewer Offline: false
[12:51:17] [Server thread/INFO]: [DEBUG] CraftPlayer{name=Sujuya} use command ah sell 150
[12:51:22] [Server thread/INFO]: [DEBUG] CraftPlayer{name=Tenikcalmy} use command ah 
[12:51:25] [Server thread/INFO]: [DEBUG] CraftPlayer{name=Sujuya} use command ah sell 150
[12:51:32] [Server thread/INFO]: [DEBUG] CraftPlayer{name=Sujuya} use command ah sell 150
[12:51:41] [Server thread/INFO]: [DEBUG] CraftPlayer{name=Sujuya} use command ah sell 150
[12:51:50] [Server thread/INFO]: [DEBUG] CraftPlayer{name=Sujuya} use command ah sell 150
[12:51:56] [Server thread/INFO]: [DEBUG] CraftPlayer{name=Sujuya} use command ah 
[12:52:57] [Server thread/INFO]: [DEBUG] CraftPlayer{name=Sujuya} use command ah 
[13:05:05] [Server thread/INFO]: [DEBUG] CraftPlayer{name=MuxaBall} use command ah 
[13:10:47] [Server thread/INFO]: [DEBUG] CraftPlayer{name=MuxaBall} use command ah 
[13:25:57] [Server thread/INFO]: [DEBUG] CraftPlayer{name=MuxaBall} use command ah 
[13:28:02] [Server thread/INFO]: [DEBUG] CraftPlayer{name=MuxaBall} use command ah sell 200
[13:28:15] [Server thread/INFO]: [DEBUG] CraftPlayer{name=MuxaBall} use command ah sell 100
[13:28:28] [Server thread/INFO]: [DEBUG] CraftPlayer{name=MuxaBall} use command ah ssll 200
[13:28:35] [Server thread/INFO]: [DEBUG] CraftPlayer{name=MuxaBall} use command ah sell 200
[13:31:22] [Server thread/INFO]: [DEBUG] CraftPlayer{name=MuxaBall} use command ah 
[13:37:11] [Server thread/INFO]: [DEBUG] CraftPlayer{name=nco7eYT2} use command ah 
[13:43:53] [Server thread/INFO]: [DEBUG] CraftPlayer{name=nco7eYT2} use command ah 
[13:45:10] [Server thread/INFO]: [DEBUG] CraftPlayer{name=nco7eYT2} use command ah 450
[13:45:27] [Server thread/INFO]: [DEBUG] CraftPlayer{name=nco7eYT2} use command ah sell 444
[13:49:30] [Server thread/INFO]: [DEBUG] CraftPlayer{name=nco7eYT2} use command ah 
[13:51:14] [Server thread/INFO]: [DEBUG] CraftPlayer{name=MuxaBall} use command ah 
[13:52:15] [Server thread/INFO]: [DEBUG] CraftPlayer{name=nco7eYT2} use command ah 
[14:02:01] [Server thread/INFO]: [DEBUG] CraftPlayer{name=MuxaBall} use command ah 
[14:03:11] [Server thread/INFO]: [DEBUG] CraftPlayer{name=MuxaBall} use command ah 
[14:04:28] [Server thread/INFO]: [DEBUG] CraftPlayer{name=MuxaBall} use command ah sell 2000
[14:06:41] [Server thread/INFO]: [DEBUG] CraftPlayer{name=MuxaBall} use command ah 
[14:19:22] [Server thread/INFO]: [DEBUG] CraftPlayer{name=OneMaksKill} use command ah 
[14:28:22] [Server thread/INFO]: [DEBUG] CraftPlayer{name=Mananakla} use command ah 
[14:29:12] [Server thread/INFO]: [DEBUG] CraftPlayer{name=ASIgumnov83} use command ah 
[14:35:21] [Server thread/INFO]: [DEBUG] CraftPlayer{name=Mananakla} use command ah 
[14:35:46] [Server thread/INFO]: [DEBUG] CraftPlayer{name=Tenikcalmy} use command ah sell 1500
[14:48:51] [Server thread/INFO]: [DEBUG] CraftPlayer{name=Shirayuki1526} use command ah 
[14:49:04] [Server thread/INFO]: [DEBUG] CraftPlayer{name=Shirayuki1526} use command ah 
[14:54:23] [Server thread/INFO]: [DEBUG] CraftPlayer{name=Tenikcalmy} use command ah 
[14:55:48] [Server thread/INFO]: [DEBUG] CraftPlayer{name=ASIgumnov83} use command ah sell 1000 full
[14:56:33] [Server thread/INFO]: [DEBUG] CraftPlayer{name=ASIgumnov83} use command ah sell 100 full
[14:56:52] [Server thread/INFO]: [DEBUG] CraftPlayer{name=ASIgumnov83} use command ah sell 500 full
[14:56:58] [Server thread/INFO]: [DEBUG] CraftPlayer{name=ASIgumnov83} use command ah sell 1000 full
[14:57:12] [Server thread/INFO]: [DEBUG] CraftPlayer{name=ASIgumnov83} use command ah sell 100 full
[14:57:21] [Server thread/INFO]: [DEBUG] CraftPlayer{name=ASIgumnov83} use command ah sell 100 full
[14:57:32] [Server thread/INFO]: [DEBUG] CraftPlayer{name=ASIgumnov83} use command ah 
[14:58:39] [Server thread/INFO]: [DEBUG] CraftPlayer{name=Mananakla} use command ah 52
[14:58:49] [Server thread/INFO]: [DEBUG] CraftPlayer{name=Mananakla} use command ah sell 50
[16:19:52] [Server thread/INFO]: [DEBUG] CraftPlayer{name=Mananakla} use command ah sell 250
[16:19:55] [Server thread/INFO]: [DEBUG] CraftPlayer{name=Mananakla} use command ah 
[16:53:33] [Server thread/INFO]: [DEBUG] CraftPlayer{name=ByKamik} use command ah 
[17:04:29] [Server thread/INFO]: [DEBUG] CraftPlayer{name=ByKamik} use command ah sel 1400
[17:04:41] [Server thread/INFO]: [DEBUG] CraftPlayer{name=ByKamik} use command ah sell 1400
[17:32:24] [Server thread/INFO]: [DEBUG] CraftPlayer{name=ASIgumnov83} use command ah 
[17:56:57] [Server thread/INFO]: [DEBUG] CraftPlayer{name=Fenix123321} use command ah 
[17:57:39] [Server thread/INFO]: [DEBUG] CraftPlayer{name=shiny738} use command ah 
[17:59:26] [Server thread/INFO]: [DEBUG] CraftPlayer{name=FenixVykhodtsev} use command ah 2000
[18:00:22] [Server thread/INFO]: [DEBUG] CraftPlayer{name=Fenix123321} use command ah 2000
[18:00:39] [Server thread/INFO]: [DEBUG] CraftPlayer{name=Fenix123321} use command ah 200
[18:00:45] [Server thread/INFO]: [DEBUG] CraftPlayer{name=Fenix123321} use command ah 200050
[18:01:13] [Server thread/INFO]: [DEBUG] CraftPlayer{name=ASIgumnov83} use command ah sell 200 full
[18:05:26] [Server thread/INFO]: [DEBUG] CraftPlayer{name=ASIgumnov83} use command ah sell 100
[21:17:44] [Server thread/INFO]: [DEBUG] CraftPlayer{name=Strannik163_rus} use command ah 
[00:08:04] [Server thread/INFO]: [DEBUG] CraftPlayer{name=MuxaBall} use command ah 
[00:13:24] [Server thread/INFO]: [DEBUG] CraftPlayer{name=MuxaBall} use command ah sell 500
[00:13:32] [Server thread/INFO]: [DEBUG] CraftPlayer{name=MuxaBall} use command ah sell 500
[03:03:25] [Server thread/INFO]: [DEBUG] CraftPlayer{name=Tenikcalmy} use command ah 
[04:47:35] [Server thread/INFO]: [DEBUG] CraftPlayer{name=Tenikcalmy} use command ah sell 666
[06:43:19] [Server thread/INFO]: [DEBUG] CraftPlayer{name=Mananakla} use command ah sell 250
[06:43:22] [Server thread/INFO]: [DEBUG] CraftPlayer{name=Mananakla} use command ah 
[06:43:51] [Server thread/INFO]: [DEBUG] CraftPlayer{name=zhenya_pro1026} use command ah 
[07:06:09] [Server thread/INFO]: Disabling BAuction v1.3.3
[07:06:09] [Server thread/INFO]: [DEBUG] disable disable PAPI hook
[07:06:09] [Server thread/INFO]: [DEBUG] disable disable logger
[07:06:09] [Server thread/INFO]: [DEBUG] disable disable BMenuApi
[07:06:09] [Server thread/INFO]: [DEBUG] disable disable db
[07:06:09] [Server thread/INFO]: saved 23 items, 166 users and 0 unsold items in 2 ms
[07:06:09] [Server thread/INFO]: [DEBUG] disable unregisterAdapters
