[19:59:11] [Server thread/INFO]: Starting Metrics. Opt-out using the global bStats config.
[19:59:51] [Server thread/INFO]: Enabling BAuction v1.3.3
[19:59:51] [Server thread/INFO]: [DEBUG] enable checkUpdate
[19:59:51] [Server thread/INFO]: [DEBUG] enable enable BMenuApi
[19:59:51] [Server thread/INFO]: [DEBUG] enable load MenuLoader
[19:59:51] [Server thread/INFO]: [DEBUG] enable load db cfg
[19:59:51] [Server thread/INFO]: [DEBUG] enable registerAdapters
[19:59:51] [Server thread/INFO]: [DEBUG] enable load UniqueNameGenerator
[19:59:51] [Server thread/INFO]: [DEBUG] enable load cfg
[19:59:51] [Server thread/INFO]: [DEBUG] enable load assetsManager
[19:59:51] [Server thread/INFO]: [DEBUG] enable load lang
[19:59:51] [Server thread/INFO]: [DEBUG] enable load logger
[19:59:51] [Server thread/INFO]: [DEBUG] enable load event manager
[19:59:51] [Server thread/INFO]: [DEBUG] enable load time util
[19:59:51] [Server thread/INFO]: [DEBUG] enable load TrieManager
[19:59:51] [Server thread/INFO]: [DEBUG] enable load econ
[19:59:51] [Server thread/INFO]: [DEBUG] enable load PAPI hook
[19:59:51] [Server thread/INFO]: [DEBUG] enable load black list
[19:59:51] [Server thread/INFO]: [DEBUG] enable load db
[19:59:51] [Server thread/INFO]: [DEBUG] enable check version
[19:59:51] [Server thread/INFO]: [DEBUG] enable init commands
[19:59:51] [bauc File Db loader/INFO]: Успешно загружено 0 предметов за 16 мс.
[20:00:35] [Server thread/INFO]: Disabling BAuction v1.3.3
[20:00:35] [Server thread/INFO]: [DEBUG] disable disable PAPI hook
[20:00:35] [Server thread/INFO]: [DEBUG] disable disable logger
[20:00:35] [Server thread/INFO]: [DEBUG] disable disable BMenuApi
[20:00:35] [Server thread/INFO]: [DEBUG] disable disable db
[20:00:35] [Server thread/INFO]: saved 0 items, 0 users and 0 unsold items in 0 ms
[20:00:35] [Server thread/INFO]: [DEBUG] disable unregisterAdapters
