[23:17:09] [Server thread/INFO]: Starting Metrics. Opt-out using the global bStats config.
[23:17:53] [Server thread/INFO]: Enabling BAuction v1.3.3
[23:17:53] [Server thread/INFO]: [DEBUG] enable checkUpdate
[23:17:53] [Server thread/INFO]: [DEBUG] enable enable BMenuApi
[23:17:53] [Server thread/INFO]: [DEBUG] enable load MenuLoader
[23:17:53] [Server thread/INFO]: [DEBUG] enable load db cfg
[23:17:53] [Server thread/INFO]: [DEBUG] enable registerAdapters
[23:17:53] [Server thread/INFO]: [DEBUG] enable load UniqueNameGenerator
[23:17:53] [Server thread/INFO]: [DEBUG] enable load cfg
[23:17:53] [Server thread/INFO]: [DEBUG] enable load assetsManager
[23:17:53] [Server thread/INFO]: [DEBUG] enable load lang
[23:17:53] [Server thread/INFO]: [DEBUG] enable load logger
[23:17:53] [Server thread/INFO]: [DEBUG] enable load event manager
[23:17:53] [Server thread/INFO]: [DEBUG] enable load time util
[23:17:53] [Server thread/INFO]: [DEBUG] enable load TrieManager
[23:17:53] [Server thread/INFO]: [DEBUG] enable load econ
[23:17:53] [Server thread/INFO]: [DEBUG] enable load PAPI hook
[23:17:53] [Server thread/INFO]: [DEBUG] enable load black list
[23:17:53] [Server thread/INFO]: [DEBUG] enable load db
[23:17:53] [Server thread/INFO]: [DEBUG] enable check version
[23:17:53] [Server thread/INFO]: [DEBUG] enable init commands
[23:17:53] [bauc File Db loader/INFO]: Успешно загружено 8 предметов за 22 мс.
[00:55:52] [Server thread/INFO]: [DEBUG] CraftPlayer{name=qrtoymen} use command ah sell 100
[01:07:56] [Server thread/INFO]: [DEBUG] CraftPlayer{name=qrtoymen} use command ah 
[02:28:53] [Server thread/INFO]: [DEBUG] CraftPlayer{name=rfgecnf123} use command ah 
[02:31:46] [Server thread/INFO]: [DEBUG] CraftPlayer{name=rfgecnf123} use command ah sell 100
[02:31:54] [Server thread/INFO]: [DEBUG] CraftPlayer{name=rfgecnf123} use command ah sell
[02:31:57] [Server thread/INFO]: [DEBUG] CraftPlayer{name=rfgecnf123} use command ah 
[02:35:28] [Server thread/INFO]: [DEBUG] CraftPlayer{name=rfgecnf123} use command ah sell 50000000
[02:35:43] [Server thread/INFO]: [DEBUG] CraftPlayer{name=rfgecnf123} use command ah sell 50000000
[02:35:50] [Server thread/INFO]: [DEBUG] CraftPlayer{name=rfgecnf123} use command ah sell
[02:35:55] [Server thread/INFO]: [DEBUG] CraftPlayer{name=rfgecnf123} use command ah 
[02:36:10] [Server thread/INFO]: [DEBUG] CraftPlayer{name=rfgecnf123} use command ah sell 50000000
[03:06:34] [Server thread/INFO]: [DEBUG] CraftPlayer{name=ArtWest01} use command ah 
[03:06:48] [Server thread/INFO]: [DEBUG] CraftPlayer{name=ArtWest01} use command ah 
[05:50:48] [Server thread/INFO]: [DEBUG] CraftPlayer{name=Yilb} use command ah 
[06:20:25] [Server thread/INFO]: [DEBUG] CraftPlayer{name=terrorchek1} use command ah 
[07:08:19] [Server thread/INFO]: Disabling BAuction v1.3.3
[07:08:19] [Server thread/INFO]: [DEBUG] disable disable PAPI hook
[07:08:19] [Server thread/INFO]: [DEBUG] disable disable logger
[07:08:19] [Server thread/INFO]: [DEBUG] disable disable BMenuApi
[07:08:19] [Server thread/INFO]: [DEBUG] disable disable db
[07:08:19] [Server thread/INFO]: saved 10 items, 42 users and 1 unsold items in 1 ms
[07:08:19] [Server thread/INFO]: [DEBUG] disable unregisterAdapters
