[08:59:36] [Server thread/INFO]: Starting Metrics. Opt-out using the global bStats config.
[09:00:18] [Server thread/INFO]: Enabling BAuction v1.3.3
[09:00:18] [Server thread/INFO]: [DEBUG] enable checkUpdate
[09:00:18] [Server thread/INFO]: [DEBUG] enable enable BMenuApi
[09:00:18] [Server thread/INFO]: [DEBUG] enable load MenuLoader
[09:00:18] [Server thread/INFO]: [DEBUG] enable load db cfg
[09:00:18] [Server thread/INFO]: [DEBUG] enable registerAdapters
[09:00:18] [Server thread/INFO]: [DEBUG] enable load UniqueNameGenerator
[09:00:18] [Server thread/INFO]: [DEBUG] enable load cfg
[09:00:18] [Server thread/INFO]: [DEBUG] enable load assetsManager
[09:00:18] [Server thread/INFO]: [DEBUG] enable load lang
[09:00:18] [Server thread/INFO]: [DEBUG] enable load logger
[09:00:18] [Server thread/INFO]: [DEBUG] enable load event manager
[09:00:18] [Server thread/INFO]: [DEBUG] enable load time util
[09:00:18] [Server thread/INFO]: [DEBUG] enable load TrieManager
[09:00:18] [Server thread/INFO]: [DEBUG] enable load econ
[09:00:18] [Server thread/INFO]: [DEBUG] enable load PAPI hook
[09:00:18] [Server thread/INFO]: [DEBUG] enable load black list
[09:00:18] [Server thread/INFO]: [DEBUG] enable load db
[09:00:18] [Server thread/INFO]: [DEBUG] enable check version
[09:00:18] [Server thread/INFO]: [DEBUG] enable init commands
[09:00:18] [bauc File Db loader/INFO]: Успешно загружено 0 предметов за 17 мс.
[09:21:25] [Server thread/INFO]: [DEBUG] CraftPlayer{name=Kurva1176} use command ah 
[09:21:38] [Server thread/INFO]: [DEBUG] CraftPlayer{name=Kurva1176} use command ah sell 200
[12:02:24] [Server thread/INFO]: [DEBUG] CraftPlayer{name=Giyu_Tomioka438} use command ah 
[12:07:07] [Server thread/INFO]: [DEBUG] CraftPlayer{name=Giyu_Tomioka438} use command ah 
[17:21:51] [Server thread/INFO]: [DEBUG] CraftPlayer{name=UndueFiber64246} use command ah 
[21:10:17] [Server thread/INFO]: Disabling BAuction v1.3.3
[21:10:17] [Server thread/INFO]: [DEBUG] disable disable PAPI hook
[21:10:17] [Server thread/INFO]: [DEBUG] disable disable logger
[21:10:17] [Server thread/INFO]: [DEBUG] disable disable BMenuApi
[21:10:17] [Server thread/INFO]: [DEBUG] disable disable db
[21:10:17] [Server thread/INFO]: saved 1 items, 4 users and 0 unsold items in 1 ms
[21:10:17] [Server thread/INFO]: [DEBUG] disable unregisterAdapters
