[22:46:05] [Server thread/INFO]: Starting Metrics. Opt-out using the global bStats config.
[22:46:50] [Server thread/INFO]: Enabling BAuction v1.3.3
[22:46:50] [Server thread/INFO]: [DEBUG] enable checkUpdate
[22:46:50] [Server thread/INFO]: [DEBUG] enable enable BMenuApi
[22:46:50] [Server thread/INFO]: [DEBUG] enable load MenuLoader
[22:46:50] [Server thread/INFO]: [DEBUG] enable load db cfg
[22:46:50] [Server thread/INFO]: [DEBUG] enable registerAdapters
[22:46:50] [Server thread/INFO]: [DEBUG] enable load UniqueNameGenerator
[22:46:50] [Server thread/INFO]: [DEBUG] enable load cfg
[22:46:50] [Server thread/INFO]: [DEBUG] enable load assetsManager
[22:46:50] [Server thread/INFO]: [DEBUG] enable load lang
[22:46:50] [Server thread/INFO]: [DEBUG] enable load logger
[22:46:50] [Server thread/INFO]: [DEBUG] enable load event manager
[22:46:50] [Server thread/INFO]: [DEBUG] enable load time util
[22:46:50] [Server thread/INFO]: [DEBUG] enable load TrieManager
[22:46:50] [Server thread/INFO]: [DEBUG] enable load econ
[22:46:50] [Server thread/INFO]: [DEBUG] enable load PAPI hook
[22:46:50] [Server thread/INFO]: [DEBUG] enable load black list
[22:46:50] [Server thread/INFO]: [DEBUG] enable load db
[22:46:50] [Server thread/INFO]: [DEBUG] enable check version
[22:46:50] [Server thread/INFO]: [DEBUG] enable init commands
[22:46:50] [bauc File Db loader/INFO]: Успешно загружено 3 предметов за 19 мс.
[01:59:00] [Server thread/INFO]: [DEBUG] CraftPlayer{name=Kovshakro} use command ah 
[02:29:02] [Server thread/INFO]: Disabling BAuction v1.3.3
[02:29:02] [Server thread/INFO]: [DEBUG] disable disable PAPI hook
[02:29:02] [Server thread/INFO]: [DEBUG] disable disable logger
[02:29:02] [Server thread/INFO]: [DEBUG] disable disable BMenuApi
[02:29:02] [Server thread/INFO]: [DEBUG] disable disable db
[02:29:02] [Server thread/INFO]: saved 3 items, 17 users and 0 unsold items in 1 ms
[02:29:02] [Server thread/INFO]: [DEBUG] disable unregisterAdapters
