[10/07/2024 17:02:05] reclau won Узорчатая ваза (ID: узорчатая_ваза, Weight: 25.0) from Кейс с вещами (ID: armors)
[10/07/2024 17:08:01] reclau won Золотой топор (ID: золотой_топор1, Weight: 25.0) from Кейс с предметами (ID: items)
[10/07/2024 17:08:02] reclau won Железные поножи (ID: железные_поножи1, Weight: 25.0) from Кейс с предметами (ID: items)
[10/07/2024 17:08:20] reclau won Алмазный шлем (ID: алмазный_шлем1, Weight: 25.0) from Кейс с предметами (ID: items)
[10/07/2024 17:09:42] reclau won Незеритовый меч (ID: незеритовый_меч1, Weight: 25.0) from Кейс с предметами (ID: items)
[10/07/2024 17:10:13] reclau won Золотая мотыга (ID: золотая_мотыга1, Weight: 25.0) from Кейс с предметами (ID: items)
[10/07/2024 17:10:14] reclau won Золотой меч (ID: золотой_меч1, Weight: 25.0) from Кейс с предметами (ID: items)
[10/07/2024 17:10:40] reclau won Незеритовый меч (ID: незеритовый_меч, Weight: 25.0) from Кейс с предметами (ID: items)
[10/07/2024 17:10:47] reclau won Удочка (ID: удочка2, Weight: 25.0) from Кейс с предметами (ID: items)
[10/07/2024 17:11:32] reclau won Яйцо призыва кадавра (ID: яйцо_призыва_кадавра, Weight: 25.0) from Кейс с яйцами (ID: eggs)
[10/07/2024 17:12:05] reclau won Яйцо призыва крестьянина (ID: яйцо_призыва_крестьянина, Weight: 25.0) from Кейс с яйцами (ID: eggs)
[10/07/2024 17:12:32] reclau won Яйцо призыва зомбифицированного пиглина (ID: яйцо_призыва_зомбифицированного_пиглина, Weight: 25.0) from Кейс с яйцами (ID: eggs)
[10/07/2024 17:12:33] reclau won Яйцо призыва утопленника (ID: яйцо_призыва_утопленника, Weight: 25.0) from Кейс с яйцами (ID: eggs)
[10/07/2024 17:12:34] reclau won Яйцо призыва овцы (ID: яйцо_призыва_овцы, Weight: 25.0) from Кейс с яйцами (ID: eggs)
[10/07/2024 17:12:56] reclau won Яйцо призыва муухомора (ID: яйцо_призыва_муухомора, Weight: 25.0) from Кейс с яйцами (ID: eggs)
[10/07/2024 17:13:27] reclau won Кузнечный шаблон (ID: кузнечный_шаблон1, Weight: 25.0) from Кейс с вещами (ID: armors)
[10/07/2024 17:13:52] reclau won Глиняный черепок «Шахтёр» (ID: глиняный_черепок_«шахтёр», Weight: 25.0) from Кейс с вещами (ID: armors)
[10/07/2024 17:13:56] reclau won Огниво (ID: огниво, Weight: 25.0) from Кейс с вещами (ID: armors)
[10/07/2024 17:14:07] reclau won Алмазная конская броня (ID: алмазная_конская_броня, Weight: 25.0) from Кейс с предметами (ID: items)
[10/07/2024 17:14:17] reclau won Глиняный черепок «Череп» (ID: глиняный_черепок_«череп», Weight: 25.0) from Кейс с вещами (ID: armors)
[10/07/2024 17:14:30] reclau won Козий рог (ID: козий_рог1, Weight: 25.0) from Кейс с вещами (ID: armors)
[10/07/2024 17:17:28] reclau won Яйцо призыва кадавра (ID: яйцо_призыва_кадавра, Weight: 25.0) from Кейс с яйцами (ID: eggs)
[10/07/2024 17:52:46] reclau won Золотой нагрудник (ID: золотой_нагрудник, Weight: 25.0) from Кейс с предметами (ID: items)
[10/07/2024 17:53:18] reclau won Глиняный черепок «Зельевар» (ID: глиняный_черепок_«зельевар», Weight: 25.0) from Кейс с вещами (ID: armors)
[12/07/2024 19:41:52] reclau won Алмазная кирка (ID: алмазная_кирка1, Weight: 25.0) from Кейс с предметами (ID: items)
[12/07/2024 19:42:10] Sidorov_YT won Алмазная лопата (ID: алмазная_лопата, Weight: 25.0) from Кейс с предметами (ID: items)
[12/07/2024 19:42:35] Sidorov_YT won Золотой топор (ID: золотой_топор, Weight: 25.0) from Кейс с предметами (ID: items)
[12/07/2024 19:43:07] Sidorov_YT won Ножницы (ID: ножницы, Weight: 25.0) from Кейс с вещами (ID: armors)
[12/07/2024 19:43:19] reclau won Яйцо призыва гаста (ID: яйцо_призыва_гаста, Weight: 25.0) from Кейс с яйцами (ID: eggs)
[12/07/2024 19:43:20] Sidorov_YT won Яйцо призыва крестьянина-зомби (ID: яйцо_призыва_крестьянина-зомби, Weight: 25.0) from Кейс с яйцами (ID: eggs)
[13/07/2024 02:43:25] AverageGrain355 won Блок слизи (ID: блок_слизи, Weight: 25.0) from Кейс с вещами (ID: armors)
[13/07/2024 02:43:40] AverageGrain355 won Незеритовый меч (ID: незеритовый_меч, Weight: 25.0) from Кейс с предметами (ID: items)
[15/07/2024 11:47:26] Xanzo_Ichigamura won Железный нагрудник (ID: железный_нагрудник, Weight: 25.0) from Кейс с предметами (ID: items)
[15/07/2024 11:47:40] Xanzo_Ichigamura won Яйцо нюхача (ID: яйцо_нюхача, Weight: 25.0) from Кейс с вещами (ID: armors)
[19/07/2024 16:21:12] Bebrachuh3 won Узор флага (ID: узор_флага, Weight: 25.0) from Кейс с вещами (ID: armors)
[19/07/2024 16:21:18] Bebrachuh3 won Золотая кирка (ID: золотая_кирка, Weight: 25.0) from Кейс с предметами (ID: items)
[20/07/2024 10:43:22] Hezzllll won Часы (ID: часы, Weight: 25.0) from Кейс с вещами (ID: armors)
[20/07/2024 10:43:28] Hezzllll won Незеритовый топор (ID: незеритовый_топор, Weight: 25.0) from Кейс с предметами (ID: items)
[20/07/2024 10:43:34] Hezzllll won Незеритовый шлем (ID: незеритовый_шлем1, Weight: 25.0) from Кейс с предметами (ID: items)
[20/07/2024 12:09:40] Bebrachuh3 won Железный шлем (ID: железный_шлем1, Weight: 25.0) from Кейс с предметами (ID: items)
[22/07/2024 05:02:34] OneMaksKill won Яйцо призыва пещерного паука (ID: яйцо_призыва_пещерного_паука, Weight: 25.0) from Кейс с яйцами (ID: eggs)
[22/07/2024 05:02:58] OneMaksKill won Яйцо призыва коровыac (ID: яйцо_призыва_коровыac, Weight: 25.0) from Кейс с яйцами (ID: eggs)
[22/07/2024 06:42:05] OneMaksKill won Яйцо призыва шалкера (ID: яйцо_призыва_шалкера, Weight: 25.0) from Кейс с яйцами (ID: eggs)
[22/07/2024 11:13:30] Hezzllll won Яйцо призыва зомби (ID: яйцо_призыва_зомби, Weight: 25.0) from Кейс с яйцами (ID: eggs)
[22/07/2024 14:03:16] OneMaksKill won Кузнечный шаблон (ID: кузнечный_шаблон9, Weight: 25.0) from Кейс с вещами (ID: armors)
[22/07/2024 14:03:23] OneMaksKill won Золотой меч (ID: золотой_меч, Weight: 25.0) from Кейс с предметами (ID: items)
[22/07/2024 14:03:28] OneMaksKill won Железный меч (ID: железный_меч, Weight: 25.0) from Кейс с предметами (ID: items)
[22/07/2024 14:38:30] Hezzllll won Яйцо призыва эндермена (ID: яйцо_призыва_эндермена, Weight: 25.0) from Кейс с яйцами (ID: eggs)
[22/07/2024 15:12:29] Hezzllll won Яйцо призыва ведьмы (ID: яйцо_призыва_ведьмы, Weight: 25.0) from Кейс с яйцами (ID: eggs)
[22/07/2024 15:21:38] Hezzllll won Железные поножи (ID: железные_поножи1, Weight: 25.0) from Кейс с предметами (ID: items)
[22/07/2024 15:41:55] OneMaksKill won Яйцо призыва странствующего торговца (ID: яйцо_призыва_странствующего_торговца, Weight: 25.0) from Кейс с яйцами (ID: eggs)
[22/07/2024 16:07:54] Bebrachuh3 won Яйцо призыва свиньи (ID: яйцо_призыва_свиньи, Weight: 25.0) from Кейс с яйцами (ID: eggs)
[22/07/2024 18:07:20] Hezzllll won Яйцо призыва утопленника (ID: яйцо_призыва_утопленника, Weight: 25.0) from Кейс с яйцами (ID: eggs)
[22/07/2024 18:07:26] Hezzllll won Яйцо призыва разбойника (ID: яйцо_призыва_разбойника, Weight: 25.0) from Кейс с яйцами (ID: eggs)
[22/07/2024 18:33:29] Hezzllll won Яйцо призыва странствующего торговца (ID: яйцо_призыва_странствующего_торговца, Weight: 25.0) from Кейс с яйцами (ID: eggs)
[22/07/2024 18:57:42] Hezzllll won Яйцо призыва муухомора (ID: яйцо_призыва_муухомора, Weight: 25.0) from Кейс с яйцами (ID: eggs)
[23/07/2024 05:44:58] Hezzllll won Яйцо призыва коровыac (ID: яйцо_призыва_коровыac, Weight: 25.0) from Кейс с яйцами (ID: eggs)
[23/07/2024 05:45:03] Hezzllll won Яйцо призыва слизня (ID: яйцо_призыва_слизня, Weight: 25.0) from Кейс с яйцами (ID: eggs)
[23/07/2024 05:46:37] Bebrachuh3 won Яйцо призыва стража (ID: яйцо_призыва_стража, Weight: 25.0) from Кейс с яйцами (ID: eggs)
[23/07/2024 05:47:21] Bebrachuh3 won Яйцо призыва зомби (ID: яйцо_призыва_зомби, Weight: 25.0) from Кейс с яйцами (ID: eggs)
[23/07/2024 10:14:29] OneMaksKill won Яйцо призыва странствующего торговца (ID: яйцо_призыва_странствующего_торговца, Weight: 25.0) from Кейс с яйцами (ID: eggs)
[23/07/2024 10:14:38] OneMaksKill won Яйцо призыва визер-скелета (ID: яйцо_призыва_визер-скелета, Weight: 25.0) from Кейс с яйцами (ID: eggs)
[23/07/2024 10:14:59] OneMaksKill won Яйцо призыва слизня (ID: яйцо_призыва_слизня, Weight: 25.0) from Кейс с яйцами (ID: eggs)
[23/07/2024 10:15:17] OneMaksKill won Яйцо призыва шалкера (ID: яйцо_призыва_шалкера, Weight: 25.0) from Кейс с яйцами (ID: eggs)
[23/07/2024 10:15:24] OneMaksKill won Яйцо призыва шалкера (ID: яйцо_призыва_шалкера, Weight: 25.0) from Кейс с яйцами (ID: eggs)
[23/07/2024 10:16:48] OneMaksKill won Яйцо призыва всполоха (ID: яйцо_призыва_всполоха, Weight: 25.0) from Кейс с яйцами (ID: eggs)
[23/07/2024 10:17:12] OneMaksKill won Колокол (ID: колокол, Weight: 25.0) from Кейс с вещами (ID: armors)
[23/07/2024 10:17:17] OneMaksKill won Пузырёк опыта (ID: пузырёк_опыта, Weight: 25.0) from Кейс с вещами (ID: armors)
[23/07/2024 10:17:21] OneMaksKill won Кузнечный шаблон (ID: кузнечный_шаблон12, Weight: 25.0) from Кейс с вещами (ID: armors)
[23/07/2024 10:17:25] OneMaksKill won Грибосвет (ID: грибосвет, Weight: 25.0) from Кейс с вещами (ID: armors)
[23/07/2024 10:18:05] Hezzllll won Яйцо призыва зимогора (ID: яйцо_призыва_зимогора, Weight: 25.0) from Кейс с яйцами (ID: eggs)
[23/07/2024 10:18:16] Hezzllll won Яйцо призыва крестьянина (ID: яйцо_призыва_крестьянина, Weight: 25.0) from Кейс с яйцами (ID: eggs)
[23/07/2024 10:50:32] OneMaksKill won Воронка (ID: воронка, Weight: 25.0) from Кейс с вещами (ID: armors)
[23/07/2024 10:50:36] OneMaksKill won Глиняный черепок «Пучок» (ID: глиняный_черепок_«пучок», Weight: 25.0) from Кейс с вещами (ID: armors)
[23/07/2024 13:19:44] Hezzllll won Яйцо призыва кадавра (ID: яйцо_призыва_кадавра, Weight: 25.0) from Кейс с яйцами (ID: eggs)
[23/07/2024 13:19:49] Hezzllll won Яйцо призыва шалкера (ID: яйцо_призыва_шалкера, Weight: 25.0) from Кейс с яйцами (ID: eggs)
[23/07/2024 13:19:55] Hezzllll won Яйцо призыва шалкера (ID: яйцо_призыва_шалкера, Weight: 25.0) from Кейс с яйцами (ID: eggs)
[23/07/2024 13:19:59] Hezzllll won Яйцо призыва муухомора (ID: яйцо_призыва_муухомора, Weight: 25.0) from Кейс с яйцами (ID: eggs)
[23/07/2024 13:20:14] Hezzllll won Яйцо призыва эндермена (ID: яйцо_призыва_эндермена, Weight: 25.0) from Кейс с яйцами (ID: eggs)
[23/07/2024 13:20:19] Hezzllll won Яйцо призыва стража (ID: яйцо_призыва_стража, Weight: 25.0) from Кейс с яйцами (ID: eggs)
[23/07/2024 13:20:35] Hezzllll won Яйцо призыва панды (ID: яйцо_призыва_панды, Weight: 25.0) from Кейс с яйцами (ID: eggs)
[23/07/2024 13:20:39] Hezzllll won Яйцо призыва свиньи (ID: яйцо_призыва_свиньи, Weight: 25.0) from Кейс с яйцами (ID: eggs)
[23/07/2024 15:08:30] Hezzllll won Яйцо призыва пещерного паука (ID: яйцо_призыва_пещерного_паука, Weight: 25.0) from Кейс с яйцами (ID: eggs)
[23/07/2024 15:08:43] Hezzllll won Яйцо призыва коровыac (ID: яйцо_призыва_коровыac, Weight: 25.0) from Кейс с яйцами (ID: eggs)
[23/07/2024 15:08:51] Hezzllll won Яйцо призыва поборника (ID: яйцо_призыва_поборника, Weight: 25.0) from Кейс с яйцами (ID: eggs)
[23/07/2024 15:09:12] Bebrachuh3 won Яйцо призыва зомби (ID: яйцо_призыва_зомби, Weight: 25.0) from Кейс с яйцами (ID: eggs)
[23/07/2024 15:09:18] Bebrachuh3 won Яйцо призыва железного голема (ID: яйцо_призыва_железного_голема, Weight: 25.0) from Кейс с яйцами (ID: eggs)
[23/07/2024 15:09:35] Bebrachuh3 won Яйцо призыва стража (ID: яйцо_призыва_стража, Weight: 25.0) from Кейс с яйцами (ID: eggs)
[23/07/2024 15:09:35] Bebrachuh3 won Яйцо призыва визер-скелета (ID: яйцо_призыва_визер-скелета, Weight: 25.0) from Кейс с яйцами (ID: eggs)
[23/07/2024 15:09:35] Bebrachuh3 won Яйцо призыва странствующего торговца (ID: яйцо_призыва_странствующего_торговца, Weight: 25.0) from Кейс с яйцами (ID: eggs)
[23/07/2024 15:10:05] Hezzllll won Яйцо призыва курицы (ID: яйцо_призыва_курицы, Weight: 25.0) from Кейс с яйцами (ID: eggs)
[23/07/2024 15:10:05] Hezzllll won Яйцо призыва паука (ID: яйцо_призыва_паука, Weight: 25.0) from Кейс с яйцами (ID: eggs)
[23/07/2024 15:34:40] caH9_BapBap_2014 won Козий рог (ID: козий_рог4, Weight: 25.0) from Кейс с вещами (ID: armors)
[23/07/2024 15:34:46] caH9_BapBap_2014 won Железный шлем (ID: железный_шлем, Weight: 25.0) from Кейс с предметами (ID: items)
[23/07/2024 18:14:34] caH9_BapBap_2014 won Железная лопата (ID: железная_лопата, Weight: 25.0) from Кейс с предметами (ID: items)
[23/07/2024 21:29:04] OneMaksKill won Глиняный черепок «Лучник» (ID: глиняный_черепок_«лучник», Weight: 25.0) from Кейс с вещами (ID: armors)
[23/07/2024 21:29:15] OneMaksKill won Яйцо призыва странствующего торговца (ID: яйцо_призыва_странствующего_торговца, Weight: 25.0) from Кейс с яйцами (ID: eggs)
[23/07/2024 21:29:22] OneMaksKill won Яйцо призыва стража (ID: яйцо_призыва_стража, Weight: 25.0) from Кейс с яйцами (ID: eggs)
[24/07/2024 05:02:15] Hezzllll won Узор флага (ID: узор_флага4, Weight: 25.0) from Кейс с вещами (ID: armors)
[24/07/2024 05:02:15] Hezzllll won Кузнечный шаблон (ID: кузнечный_шаблон14, Weight: 25.0) from Кейс с вещами (ID: armors)
[24/07/2024 05:02:33] Hezzllll won Панцирь шалкера (ID: панцирь_шалкера, Weight: 25.0) from Кейс с вещами (ID: armors)
[24/07/2024 05:02:49] Hezzllll won Медный слиток (ID: медный_слиток, Weight: 25.0) from Кейс с вещами (ID: armors)
[24/07/2024 11:23:26] Bebrachuh3 won Яйцо призыва шалкера (ID: яйцо_призыва_шалкера, Weight: 25.0) from Кейс с яйцами (ID: eggs)
[24/07/2024 11:23:32] Bebrachuh3 won Яйцо призыва скелета (ID: яйцо_призыва_скелета, Weight: 25.0) from Кейс с яйцами (ID: eggs)
[24/07/2024 11:23:52] Bebrachuh3 won Яйцо призыва слизня (ID: яйцо_призыва_слизня, Weight: 25.0) from Кейс с яйцами (ID: eggs)
[24/07/2024 11:23:57] Bebrachuh3 won Яйцо призыва стража (ID: яйцо_призыва_стража, Weight: 25.0) from Кейс с яйцами (ID: eggs)
[24/07/2024 11:24:02] Bebrachuh3 won Яйцо призыва странствующего торговца (ID: яйцо_призыва_странствующего_торговца, Weight: 25.0) from Кейс с яйцами (ID: eggs)
[24/07/2024 11:24:07] Bebrachuh3 won Яйцо призыва шалкера (ID: яйцо_призыва_шалкера, Weight: 25.0) from Кейс с яйцами (ID: eggs)
[24/07/2024 16:23:22] OneMaksKill won Стержень Энда (ID: стержень_энда, Weight: 25.0) from Кейс с вещами (ID: armors)
[25/07/2024 19:38:40] OneMaksKill won Яйцо призыва овцы (ID: яйцо_призыва_овцы, Weight: 25.0) from Кейс с яйцами (ID: eggs)
[25/07/2024 19:39:33] OneMaksKill won Пластинка (ID: пластинка, Weight: 25.0) from Кейс с вещами (ID: armors)
[25/07/2024 19:39:37] OneMaksKill won Лягушачья икра (ID: лягушачья_икра, Weight: 25.0) from Кейс с вещами (ID: armors)
[25/07/2024 19:39:41] OneMaksKill won Глиняный черепок «Зельевар» (ID: глиняный_черепок_«зельевар», Weight: 25.0) from Кейс с вещами (ID: armors)
[25/07/2024 19:39:47] OneMaksKill won Книга (ID: книга, Weight: 25.0) from Кейс с вещами (ID: armors)
[25/07/2024 19:39:52] OneMaksKill won Огниво (ID: огниво, Weight: 25.0) from Кейс с вещами (ID: armors)
[25/07/2024 19:39:57] OneMaksKill won Дёрн (ID: дёрн, Weight: 25.0) from Кейс с вещами (ID: armors)
[26/07/2024 16:10:58] reclau won Узор флага (ID: узор_флага, Weight: 25.0) from Кейс с предметами (ID: armors)
[27/07/2024 10:04:07] Hezzllll won Яйцо призыва свиньи (ID: яйцо_призыва_свиньи, Weight: 25.0) from Кейс с яйцами (ID: eggs)
[27/07/2024 10:04:22] Hezzllll won Яйцо призыва свиньи (ID: яйцо_призыва_свиньи, Weight: 25.0) from Кейс с яйцами (ID: eggs)
[27/07/2024 10:04:27] Hezzllll won Яйцо призыва крестьянина-зомби (ID: яйцо_призыва_крестьянина-зомби, Weight: 25.0) from Кейс с яйцами (ID: eggs)
[27/07/2024 10:04:44] Hezzllll won Яйцо призыва свиньи (ID: яйцо_призыва_свиньи, Weight: 25.0) from Кейс с яйцами (ID: eggs)
[27/07/2024 10:37:25] AverageGrain355 won Аксолотль в ведре (ID: аксолотль_в_ведре, Weight: 25.0) from Кейс с предметами (ID: armors)
[27/07/2024 10:38:29] AverageGrain355 won Крюк (ID: крюк, Weight: 25.0) from Кейс с предметами (ID: armors)
[02/08/2024 15:20:50] reclau won Алмазный нагрудник (ID: алмазный_нагрудник, Weight: 25.0) from Кейс с вещами (ID: items)
[02/08/2024 15:41:08] Wiss won Яйцо призыва кадавра (ID: яйцо_призыва_кадавра, Weight: 25.0) from Кейс с яйцами (ID: eggs)
[02/08/2024 15:42:53] Wiss won Яйцо призыва муухомора (ID: яйцо_призыва_муухомора, Weight: 25.0) from Кейс с яйцами (ID: eggs)
[02/08/2024 15:42:58] Wiss won Яйцо призыва стража (ID: яйцо_призыва_стража, Weight: 25.0) from Кейс с яйцами (ID: eggs)
[02/08/2024 15:43:02] Wiss won Яйцо призыва свиньи (ID: яйцо_призыва_свиньи, Weight: 25.0) from Кейс с яйцами (ID: eggs)
[02/08/2024 15:43:06] Wiss won Яйцо призыва эндермена (ID: яйцо_призыва_эндермена, Weight: 25.0) from Кейс с яйцами (ID: eggs)
[02/08/2024 15:43:10] Wiss won Яйцо призыва скелета (ID: яйцо_призыва_скелета, Weight: 25.0) from Кейс с яйцами (ID: eggs)
[02/08/2024 15:43:14] Wiss won Яйцо призыва стража (ID: яйцо_призыва_стража, Weight: 25.0) from Кейс с яйцами (ID: eggs)
[02/08/2024 15:43:18] Wiss won Яйцо призыва зомби (ID: яйцо_призыва_зомби, Weight: 25.0) from Кейс с яйцами (ID: eggs)
[02/08/2024 15:43:22] Wiss won Яйцо призыва муухомора (ID: яйцо_призыва_муухомора, Weight: 25.0) from Кейс с яйцами (ID: eggs)
[02/08/2024 15:43:25] Wiss won Яйцо призыва скелета (ID: яйцо_призыва_скелета, Weight: 25.0) from Кейс с яйцами (ID: eggs)
[02/08/2024 15:43:52] Wiss won Яйцо призыва черепахи (ID: яйцо_призыва_черепахи, Weight: 25.0) from Кейс с яйцами (ID: eggs)
[02/08/2024 15:44:07] Wiss won Яйцо призыва крипера (ID: яйцо_призыва_крипера, Weight: 25.0) from Кейс с яйцами (ID: eggs)
[02/08/2024 15:44:11] Wiss won Яйцо призыва панды (ID: яйцо_призыва_панды, Weight: 25.0) from Кейс с яйцами (ID: eggs)
[02/08/2024 15:44:17] Wiss won Яйцо призыва коровы (ID: яйцо_призыва_коровы, Weight: 25.0) from Кейс с яйцами (ID: eggs)
[02/08/2024 15:44:32] Wiss won Яйцо призыва шалкера (ID: яйцо_призыва_шалкера, Weight: 25.0) from Кейс с яйцами (ID: eggs)
[02/08/2024 15:44:36] Wiss won Яйцо призыва хранителя (ID: яйцо_призыва_хранителя, Weight: 25.0) from Кейс с яйцами (ID: eggs)
[02/08/2024 15:44:41] Wiss won Яйцо призыва утопленника (ID: яйцо_призыва_утопленника, Weight: 25.0) from Кейс с яйцами (ID: eggs)
[02/08/2024 15:44:45] Wiss won Яйцо призыва коровы (ID: яйцо_призыва_коровы, Weight: 25.0) from Кейс с яйцами (ID: eggs)
[02/08/2024 15:44:50] Wiss won Яйцо призыва овцы (ID: яйцо_призыва_овцы, Weight: 25.0) from Кейс с яйцами (ID: eggs)
[02/08/2024 15:44:54] Wiss won Яйцо призыва зомбифицированного пиглина (ID: яйцо_призыва_зомбифицированного_пиглина, Weight: 25.0) from Кейс с яйцами (ID: eggs)
[02/08/2024 15:45:13] Wiss won Удочка (ID: удочка1, Weight: 25.0) from Кейс с вещами (ID: items)
[02/08/2024 15:45:57] Wiss won Незеритовый нагрудник (ID: незеритовый_нагрудник, Weight: 25.0) from Кейс с вещами (ID: items)
[02/08/2024 15:46:01] Wiss won Золотой меч (ID: золотой_меч1, Weight: 25.0) from Кейс с вещами (ID: items)
[02/08/2024 15:46:05] Wiss won Щит (ID: щит, Weight: 25.0) from Кейс с вещами (ID: items)
[02/08/2024 15:46:09] Wiss won Железный нагрудник (ID: железный_нагрудник, Weight: 25.0) from Кейс с вещами (ID: items)
[02/08/2024 15:46:13] Wiss won Золотые поножи (ID: золотые_поножи, Weight: 25.0) from Кейс с вещами (ID: items)
[02/08/2024 15:46:17] Wiss won Алмазный меч (ID: алмазный_меч, Weight: 25.0) from Кейс с вещами (ID: items)
[02/08/2024 15:46:21] Wiss won Золотая мотыга (ID: золотая_мотыга1, Weight: 25.0) from Кейс с вещами (ID: items)
[02/08/2024 15:46:25] Wiss won Золотая лопата (ID: золотая_лопата, Weight: 25.0) from Кейс с вещами (ID: items)
[02/08/2024 15:46:29] Wiss won Незеритовые ботинки (ID: незеритовые_ботинки1, Weight: 25.0) from Кейс с вещами (ID: items)
[11/08/2024 20:09:26] godnayt won Стейк (ID: стейк, Weight: 25.0) from Кейс с предметами (ID: armors)
[11/08/2024 20:09:30] godnayt won Яйцо нюхача (ID: яйцо_нюхача, Weight: 25.0) from Кейс с предметами (ID: armors)
[11/08/2024 20:09:34] godnayt won Кузнечный шаблон (ID: кузнечный_шаблон1, Weight: 25.0) from Кейс с предметами (ID: armors)
[11/08/2024 20:09:40] godnayt won Глиняный черепок «Опасность» (ID: глиняный_черепок_«опасность», Weight: 25.0) from Кейс с предметами (ID: armors)
[11/08/2024 20:09:44] godnayt won Кузнечный шаблон (ID: кузнечный_шаблон2, Weight: 25.0) from Кейс с предметами (ID: armors)
[11/08/2024 20:09:49] godnayt won Кузнечный шаблон (ID: кузнечный_шаблон3, Weight: 25.0) from Кейс с предметами (ID: armors)
[11/08/2024 20:09:53] godnayt won Плод хоруса (ID: плод_хоруса, Weight: 25.0) from Кейс с предметами (ID: armors)
[11/08/2024 20:09:58] godnayt won Глиняный черепок «Рыбак» (ID: глиняный_черепок_«рыбак», Weight: 25.0) from Кейс с предметами (ID: armors)
[11/08/2024 20:11:14] godnayt won Яйцо призыва поборника (ID: яйцо_призыва_поборника, Weight: 25.0) from Кейс с яйцами (ID: eggs)
[11/08/2024 20:11:44] godnayt won Железные поножи (ID: железные_поножи, Weight: 25.0) from Кейс с вещами (ID: items)
[11/08/2024 20:14:16] godnayt won Ядовитый картофель (ID: ядовитый_картофель, Weight: 25.0) from Кейс с предметами (ID: armors)
[11/08/2024 20:14:20] godnayt won Кузнечный шаблон (ID: кузнечный_шаблон9, Weight: 25.0) from Кейс с предметами (ID: armors)
[11/08/2024 20:14:24] godnayt won Малахитовая квампа (ID: малахитовая_квампа, Weight: 25.0) from Кейс с предметами (ID: armors)
[11/08/2024 20:14:28] godnayt won Ядовитый картофель (ID: ядовитый_картофель, Weight: 25.0) from Кейс с предметами (ID: armors)
[11/08/2024 20:14:32] godnayt won Аксолотль в ведре (ID: аксолотль_в_ведре, Weight: 25.0) from Кейс с предметами (ID: armors)
[11/08/2024 20:14:36] godnayt won Глиняный черепок «Рыбак» (ID: глиняный_черепок_«рыбак», Weight: 25.0) from Кейс с предметами (ID: armors)
[11/08/2024 21:37:02] godnayt won Кузнечный шаблон (ID: кузнечный_шаблон3, Weight: 25.0) from Кейс с предметами (ID: armors)
[11/08/2024 21:37:06] godnayt won Кузнечный шаблон (ID: кузнечный_шаблон12, Weight: 25.0) from Кейс с предметами (ID: armors)
[11/08/2024 21:37:13] godnayt won Охристая квампа (ID: охристая_квампа, Weight: 25.0) from Кейс с предметами (ID: armors)
[11/08/2024 21:55:43] godnayt won Охристая квампа (ID: охристая_квампа, Weight: 25.0) from Кейс с предметами (ID: armors)
[11/08/2024 21:55:47] godnayt won Козий рог (ID: козий_рог6, Weight: 25.0) from Кейс с предметами (ID: armors)
[11/08/2024 21:55:51] godnayt won Глиняный черепок «Зельевар» (ID: глиняный_черепок_«зельевар», Weight: 25.0) from Кейс с предметами (ID: armors)
[11/08/2024 21:55:55] godnayt won Перламутровая квампа (ID: перламутровая_квампа, Weight: 25.0) from Кейс с предметами (ID: armors)
[11/08/2024 21:55:59] godnayt won Глиняный черепок «Сердце» (ID: глиняный_черепок_«сердце», Weight: 25.0) from Кейс с предметами (ID: armors)
[11/08/2024 21:56:03] godnayt won Око Эндера (ID: око_эндера, Weight: 25.0) from Кейс с предметами (ID: armors)
[11/08/2024 21:56:08] godnayt won Глиняный черепок «Опасность» (ID: глиняный_черепок_«опасность», Weight: 25.0) from Кейс с предметами (ID: armors)
[11/08/2024 21:56:13] godnayt won Синий лёд (ID: синий_лёд, Weight: 25.0) from Кейс с предметами (ID: armors)
[11/08/2024 21:56:17] godnayt won Стержень Энда (ID: стержень_энда, Weight: 25.0) from Кейс с предметами (ID: armors)
[14/08/2024 15:37:16] Bebrachuh3 won Глиняный черепок «Изобилие» (ID: глиняный_черепок_«изобилие», Weight: 25.0) from Кейс с предметами (ID: armors)
[14/08/2024 15:41:59] Bebrachuh3 won Железный нагрудник (ID: железный_нагрудник, Weight: 25.0) from Кейс с вещами (ID: items)
[15/08/2024 18:07:11] DfJot won Блок мёда (ID: блок_мёда, Weight: 25.0) from Кейс с предметами (ID: armors)
[15/08/2024 18:07:17] DfJot won Железная конская броня (ID: железная_конская_броня, Weight: 25.0) from Кейс с вещами (ID: items)
[15/08/2024 18:46:53] Bebrachuh3 won Золотые ботинки (ID: золотые_ботинки1, Weight: 25.0) from Кейс с вещами (ID: items)
[15/08/2024 18:47:06] Bebrachuh3 won Алмазный шлем (ID: алмазный_шлем, Weight: 25.0) from Кейс с вещами (ID: items)
[15/08/2024 18:47:21] Bebrachuh3 won Шалкеровый ящик (ID: шалкеровый_ящик, Weight: 25.0) from Кейс с предметами (ID: armors)
[16/08/2024 13:33:07] Hezzllll won Удочка (ID: удочка1, Weight: 25.0) from Кейс с вещами (ID: items)
[16/08/2024 13:33:14] Hezzllll won Лёд (ID: лёд, Weight: 25.0) from Кейс с предметами (ID: armors)
[16/08/2024 14:13:16] Sans20071878 won Алмазная лопата (ID: алмазная_лопата1, Weight: 25.0) from Кейс с вещами (ID: items)
[16/08/2024 14:13:24] Sans20071878 won Загрузочная вагонетка (ID: загрузочная_вагонетка, Weight: 25.0) from Кейс с предметами (ID: armors)
[16/08/2024 16:09:46] bebri019 won Щит (ID: щит1, Weight: 25.0) from Кейс с вещами (ID: items)
[16/08/2024 16:09:57] bebri019 won Синий лёд (ID: синий_лёд, Weight: 25.0) from Кейс с предметами (ID: armors)
[16/08/2024 16:12:54] Kurva1176 won Алмазный меч (ID: алмазный_меч, Weight: 25.0) from Кейс с вещами (ID: items)
[16/08/2024 16:13:48] Kurva1176 won Узор флага (ID: узор_флага5, Weight: 25.0) from Кейс с предметами (ID: armors)
[17/08/2024 00:39:42] OneMaksKill won Кожаная конская броня (ID: кожаная_конская_броня, Weight: 25.0) from Кейс с вещами (ID: items)
[17/08/2024 00:39:52] OneMaksKill won Панцирь шалкера (ID: панцирь_шалкера, Weight: 25.0) from Кейс с предметами (ID: armors)
[17/08/2024 11:39:12] OneMaks won Большая бросянка (ID: большая_бросянка, Weight: 25.0) from Кейс с предметами (ID: armors)
[17/08/2024 11:39:17] OneMaks won Золотой нагрудник (ID: золотой_нагрудник, Weight: 25.0) from Кейс с вещами (ID: items)
[17/08/2024 14:32:56] reclau won Nautilus Shell (ID: nautilus_shell, Weight: 25.0) from Бесплатный кейс (ID: free)
[18/08/2024 19:28:20] reclau won Iron Ingot (ID: iron_ingot, Weight: 25.0) from Бесплатный кейс (ID: free)
[18/08/2024 19:44:53] reclau won Name Tag (ID: name_tag, Weight: 25.0) from Бесплатный кейс (ID: free)
[18/08/2024 19:44:57] reclau won Potion (ID: potion, Weight: 25.0) from Бесплатный кейс (ID: free)
[19/08/2024 18:37:09] UndueFiber64246 won Козий рог (ID: козий_рог7, Weight: 25.0) from Кейс с предметами (ID: armors)
[19/08/2024 18:37:29] UndueFiber64246 won Незеритовые поножи (ID: незеритовые_поножи1, Weight: 25.0) from Кейс с вещами (ID: items)
[20/08/2024 17:03:10] UndueFiber64246 won Coal (ID: coal, Weight: 25.0) from Бесплатный кейс (ID: free)
[21/08/2024 16:21:48] Mananakla won Potion (ID: potion, Weight: 25.0) from Бесплатный кейс (ID: free)
[22/08/2024 01:22:53] qrtoymen won Potion (ID: potion, Weight: 25.0) from Бесплатный кейс (ID: free)
[22/08/2024 01:23:04] qrtoymen won Sweet Berries (ID: sweet_berries, Weight: 25.0) from Бесплатный кейс (ID: free)
[22/08/2024 01:23:08] qrtoymen won Experience Bottle (ID: experience_bottle, Weight: 25.0) from Бесплатный кейс (ID: free)
[22/08/2024 05:35:19] reclau won Shears (ID: shears, Weight: 25.0) from Бесплатный кейс (ID: free)
[22/08/2024 07:15:07] zhenya_pro1026 won Cookie (ID: cookie, Weight: 25.0) from Бесплатный кейс (ID: free)
[22/08/2024 07:16:39] AndpeymegaKPyT won Paper (ID: paper, Weight: 25.0) from Бесплатный кейс (ID: free)
[22/08/2024 09:41:13] Mananakla won Amethyst Shard (ID: amethyst_shard, Weight: 25.0) from Бесплатный кейс (ID: free)
[22/08/2024 09:42:07] AndpeymegaKPyT won Suspicious Stew (ID: suspicious_stew1, Weight: 25.0) from Бесплатный кейс (ID: free)
[22/08/2024 10:52:40] Pl0mp1 won Узорчатая ваза (ID: узорчатая_ваза, Weight: 25.0) from Кейс с предметами (ID: armors)
[22/08/2024 10:52:44] Pl0mp1 won Алмазная мотыга (ID: алмазная_мотыга1, Weight: 25.0) from Кейс с вещами (ID: items)
[22/08/2024 12:56:38] Mananakla won Shears (ID: shears, Weight: 25.0) from Бесплатный кейс (ID: free)
[22/08/2024 13:02:31] OneMaksKill won Spyglass (ID: spyglass, Weight: 10.0) from Бесплатный кейс (ID: free)
[22/08/2024 13:02:35] OneMaksKill won Compass (ID: compass, Weight: 25.0) from Бесплатный кейс (ID: free)
[22/08/2024 13:18:41] AndpeymegaKPyT won Cookie (ID: cookie, Weight: 25.0) from Бесплатный кейс (ID: free)
[22/08/2024 14:38:57] Pl0mp1 won Stick (ID: stick, Weight: 30.0) from Бесплатный кейс (ID: free)
[22/08/2024 19:48:28] megawsasan won Cookie (ID: cookie, Weight: 25.0) from Бесплатный кейс (ID: free)
[22/08/2024 19:48:33] megawsasan won Prismarine Shard (ID: prismarine_shard, Weight: 25.0) from Бесплатный кейс (ID: free)
[22/08/2024 19:48:36] megawsasan won Egg (ID: egg, Weight: 25.0) from Бесплатный кейс (ID: free)
[22/08/2024 19:55:46] Shahmar2011 won Mutton (ID: mutton, Weight: 35.0) from Бесплатный кейс (ID: free)
[22/08/2024 21:06:32] OneMaksKill won Compass (ID: compass, Weight: 25.0) from Бесплатный кейс (ID: free)
[23/08/2024 07:33:19] zhenya_pro1026 won Potion (ID: potion, Weight: 25.0) from Бесплатный кейс (ID: free)
[23/08/2024 08:10:40] Mananakla won Bread (ID: bread, Weight: 25.0) from Бесплатный кейс (ID: free)
[23/08/2024 09:06:26] Shahmar2011 won Flint And Steel (ID: flint_and_steel, Weight: 25.0) from Бесплатный кейс (ID: free)
[23/08/2024 10:20:00] shiny738 won Honeycomb (ID: honeycomb, Weight: 25.0) from Бесплатный кейс (ID: free)
[23/08/2024 13:15:04] qrtoymen won Iron Horse Armor (ID: iron_horse_armor, Weight: 25.0) from Бесплатный кейс (ID: free)
[23/08/2024 13:15:08] qrtoymen won Turtle Helmet (ID: turtle_helmet, Weight: 25.0) from Бесплатный кейс (ID: free)
[23/08/2024 16:25:04] Shahmar2011 won Suspicious Stew (ID: suspicious_stew1, Weight: 25.0) from Бесплатный кейс (ID: free)
[23/08/2024 17:10:12] OneMaksKill won Stone (ID: stone, Weight: 25.0) from Бесплатный кейс (ID: free)
[23/08/2024 17:10:18] OneMaksKill won Shears (ID: shears, Weight: 25.0) from Бесплатный кейс (ID: free)
[23/08/2024 17:10:23] OneMaksKill won Lead (ID: lead, Weight: 25.0) from Бесплатный кейс (ID: free)
[23/08/2024 17:25:56] Maho993 won Coal (ID: coal, Weight: 25.0) from Бесплатный кейс (ID: free)
[23/08/2024 19:38:36] HEROBRINE900990 won Clock (ID: clock, Weight: 25.0) from Бесплатный кейс (ID: free)
[23/08/2024 19:38:46] HEROBRINE900990 won Fishing Rod (ID: fishing_rod, Weight: 25.0) from Бесплатный кейс (ID: free)
[23/08/2024 22:55:52] Rodionmen2931 won Spyglass (ID: spyglass, Weight: 10.0) from Бесплатный кейс (ID: free)
[24/08/2024 05:45:09] Mananakla won Compass (ID: compass, Weight: 25.0) from Бесплатный кейс (ID: free)
[24/08/2024 06:01:21] zhenya_pro1026 won Clock (ID: clock, Weight: 25.0) from Бесплатный кейс (ID: free)
[24/08/2024 07:59:50] LUTIcat_yt won Iron Horse Armor (ID: iron_horse_armor, Weight: 25.0) from Бесплатный кейс (ID: free)
[24/08/2024 08:17:01] Hezzllll won Fishing Rod (ID: fishing_rod, Weight: 25.0) from Бесплатный кейс (ID: free)
[24/08/2024 10:10:20] Shahmar2011 won Алмазные поножи (ID: алмазные_поножи1, Weight: 25.0) from Кейс с вещами (ID: items)
[24/08/2024 10:10:31] Shahmar2011 won Блок мха (ID: блок_мха, Weight: 25.0) from Кейс с предметами (ID: armors)
[24/08/2024 11:05:39] HerObrinChik123 won Fishing Rod (ID: fishing_rod, Weight: 25.0) from Бесплатный кейс (ID: free)
[24/08/2024 11:19:17] Shahmar2011 won Bone Meal (ID: bone_meal, Weight: 25.0) from Бесплатный кейс (ID: free)
[24/08/2024 11:52:56] Maho993 won Shears (ID: shears, Weight: 25.0) from Бесплатный кейс (ID: free)
[24/08/2024 12:44:31] qrtoymen won Suspicious Stew (ID: suspicious_stew, Weight: 25.0) from Бесплатный кейс (ID: free)
[24/08/2024 12:58:05] Grands0n_ won Oak Wood (ID: oak_wood, Weight: 25.0) from Бесплатный кейс (ID: free)
[24/08/2024 13:12:59] Mananakla won Bread (ID: bread, Weight: 25.0) from Бесплатный кейс (ID: free)
[24/08/2024 17:40:26] OneMaksKill won Щит (ID: щит, Weight: 25.0) from Кейс с вещами (ID: items)
[24/08/2024 17:40:37] OneMaksKill won Узор флага (ID: узор_флага1, Weight: 25.0) from Кейс с предметами (ID: armors)
[24/08/2024 18:47:50] HEROBRINE900990 won Bucket (ID: bucket, Weight: 25.0) from Бесплатный кейс (ID: free)
[24/08/2024 20:21:30] GreedyCarbon won Книга (ID: книга, Weight: 25.0) from Кейс с предметами (ID: armors)
[24/08/2024 20:21:37] GreedyCarbon won Незеритовые поножи (ID: незеритовые_поножи1, Weight: 25.0) from Кейс с вещами (ID: items)
[24/08/2024 21:06:38] BlackMonster146 won Iron Pickaxe (ID: iron_pickaxe, Weight: 25.0) from Бесплатный кейс (ID: free)
[24/08/2024 22:10:15] qrtoymen won Suspicious Stew (ID: suspicious_stew, Weight: 25.0) from Бесплатный кейс (ID: free)
[25/08/2024 03:51:29] Rodionmen2931 won Suspicious Stew (ID: suspicious_stew1, Weight: 25.0) from Бесплатный кейс (ID: free)
[25/08/2024 04:06:05] Rodionmen2931 won Cobweb (ID: cobweb, Weight: 30.0) from Бесплатный кейс (ID: free)
[25/08/2024 04:33:57] bebri019 won Золотые ботинки (ID: золотые_ботинки, Weight: 25.0) from Кейс с вещами (ID: items)
[25/08/2024 04:34:05] bebri019 won Глиняный черепок «Руки вверх» (ID: глиняный_черепок_«руки_вверх», Weight: 25.0) from Кейс с предметами (ID: armors)
[25/08/2024 06:37:24] GreedyCarbon won Chorus Fruit (ID: chorus_fruit, Weight: 25.0) from Бесплатный кейс (ID: free)
[25/08/2024 06:37:29] GreedyCarbon won Bucket (ID: bucket, Weight: 25.0) from Бесплатный кейс (ID: free)
[25/08/2024 07:57:14] OneMaksKill won Stone (ID: stone, Weight: 25.0) from Бесплатный кейс (ID: free)
[25/08/2024 07:57:19] OneMaksKill won Bone Meal (ID: bone_meal, Weight: 25.0) from Бесплатный кейс (ID: free)
[25/08/2024 07:57:23] OneMaksKill won Shears (ID: shears, Weight: 25.0) from Бесплатный кейс (ID: free)
[25/08/2024 07:57:26] OneMaksKill won Sweet Berries (ID: sweet_berries, Weight: 25.0) from Бесплатный кейс (ID: free)
[25/08/2024 08:26:19] AndpeymegaKPyT won Paper (ID: paper, Weight: 25.0) from Бесплатный кейс (ID: free)
[25/08/2024 08:38:22] Mananakla won Arrow (ID: arrow, Weight: 25.0) from Бесплатный кейс (ID: free)
[25/08/2024 10:09:10] Mikorono won Sweet Berries (ID: sweet_berries, Weight: 25.0) from Бесплатный кейс (ID: free)
[25/08/2024 10:09:16] Mikorono won Cobweb (ID: cobweb, Weight: 30.0) from Бесплатный кейс (ID: free)
[25/08/2024 10:13:36] ASIgumnov83 won Iron Ingot (ID: iron_ingot, Weight: 25.0) from Бесплатный кейс (ID: free)
[25/08/2024 10:13:46] ASIgumnov83 won Bread (ID: bread, Weight: 25.0) from Бесплатный кейс (ID: free)
[25/08/2024 11:56:08] LopataPotPilit won Шалкеровый ящик (ID: шалкеровый_ящик, Weight: 25.0) from Кейс с предметами (ID: armors)
[25/08/2024 11:56:14] LopataPotPilit won Алмазная кирка (ID: алмазная_кирка, Weight: 25.0) from Кейс с вещами (ID: items)
[25/08/2024 12:20:46] LopataPotPilit won Mutton (ID: mutton, Weight: 35.0) from Бесплатный кейс (ID: free)
[25/08/2024 12:26:47] Mananakla won Prismarine Shard (ID: prismarine_shard, Weight: 25.0) from Бесплатный кейс (ID: free)
[25/08/2024 13:02:49] ASIgumnov83 won Cookie (ID: cookie, Weight: 25.0) from Бесплатный кейс (ID: free)
[25/08/2024 13:18:00] LUTIcat_yt won Potion (ID: potion, Weight: 25.0) from Бесплатный кейс (ID: free)
[25/08/2024 13:18:34] arspro won Chorus Fruit (ID: chorus_fruit, Weight: 25.0) from Бесплатный кейс (ID: free)
[25/08/2024 13:34:30] GreedyCarbon won Stick (ID: stick, Weight: 30.0) from Бесплатный кейс (ID: free)
[25/08/2024 13:34:35] GreedyCarbon won Bread (ID: bread, Weight: 25.0) from Бесплатный кейс (ID: free)
[25/08/2024 13:38:54] Shahmar2011 won Nautilus Shell (ID: nautilus_shell, Weight: 25.0) from Бесплатный кейс (ID: free)
[25/08/2024 13:38:58] Shahmar2011 won Paper (ID: paper, Weight: 25.0) from Бесплатный кейс (ID: free)
[25/08/2024 13:39:03] Shahmar2011 won Potion (ID: potion, Weight: 25.0) from Бесплатный кейс (ID: free)
[25/08/2024 16:43:53] zhenya_pro1026 won Stick (ID: stick, Weight: 30.0) from Бесплатный кейс (ID: free)
[25/08/2024 16:55:48] Shahmar2011 won Chorus Fruit (ID: chorus_fruit, Weight: 25.0) from Бесплатный кейс (ID: free)
[25/08/2024 19:34:32] ASIgumnov83 won Nautilus Shell (ID: nautilus_shell, Weight: 25.0) from Бесплатный кейс (ID: free)
[25/08/2024 20:47:59] nco7eYT won Mutton (ID: mutton, Weight: 35.0) from Бесплатный кейс (ID: free)
[26/08/2024 07:05:06] Rodionmen2931 won Mutton (ID: mutton, Weight: 35.0) from Бесплатный кейс (ID: free)
[26/08/2024 07:05:12] Rodionmen2931 won Turtle Helmet (ID: turtle_helmet, Weight: 25.0) from Бесплатный кейс (ID: free)
[26/08/2024 07:13:16] AndpeymegaKPyT won Chorus Fruit (ID: chorus_fruit, Weight: 25.0) from Бесплатный кейс (ID: free)
[26/08/2024 07:14:43] zhenya_pro1026 won Name Tag (ID: name_tag, Weight: 25.0) from Бесплатный кейс (ID: free)
[26/08/2024 07:42:04] nco7eYT won Paper (ID: paper, Weight: 25.0) from Бесплатный кейс (ID: free)
[26/08/2024 08:03:39] CookedeggMin won Stone (ID: stone, Weight: 25.0) from Бесплатный кейс (ID: free)
[26/08/2024 10:10:28] HerObrinChik123 won Bone Meal (ID: bone_meal, Weight: 25.0) from Бесплатный кейс (ID: free)
[26/08/2024 10:21:58] KOnstantin won Compass (ID: compass, Weight: 25.0) from Бесплатный кейс (ID: free)
[26/08/2024 10:22:09] KOnstantin won Sweet Berries (ID: sweet_berries, Weight: 25.0) from Бесплатный кейс (ID: free)
[26/08/2024 13:06:14] Mananakla won Prismarine Shard (ID: prismarine_shard, Weight: 25.0) from Бесплатный кейс (ID: free)
[26/08/2024 14:23:52] GreedyCarbon won Chorus Fruit (ID: chorus_fruit, Weight: 25.0) from Бесплатный кейс (ID: free)
[26/08/2024 14:23:56] GreedyCarbon won Prismarine Shard (ID: prismarine_shard, Weight: 25.0) from Бесплатный кейс (ID: free)
[26/08/2024 14:24:01] GreedyCarbon won Mutton (ID: mutton, Weight: 35.0) from Бесплатный кейс (ID: free)
[26/08/2024 14:48:55] arspro won Iron Pickaxe (ID: iron_pickaxe, Weight: 25.0) from Бесплатный кейс (ID: free)
[26/08/2024 14:49:05] arspro won Oak Wood (ID: oak_wood, Weight: 25.0) from Бесплатный кейс (ID: free)
[26/08/2024 15:23:31] Rodionmen2931 won Potion (ID: potion, Weight: 25.0) from Бесплатный кейс (ID: free)
[26/08/2024 15:23:42] Rodionmen2931 won Трезубец (ID: трезубец, Weight: 25.0) from Кейс с вещами (ID: items)
[26/08/2024 15:23:55] Rodionmen2931 won Лягушачья икра (ID: лягушачья_икра, Weight: 25.0) from Кейс с предметами (ID: armors)
[26/08/2024 17:22:39] Mikorono won Fishing Rod (ID: fishing_rod, Weight: 25.0) from Бесплатный кейс (ID: free)
[26/08/2024 17:22:44] Mikorono won Oak Wood (ID: oak_wood, Weight: 25.0) from Бесплатный кейс (ID: free)
[26/08/2024 18:32:37] Shahmar2011 won Honeycomb (ID: honeycomb, Weight: 25.0) from Бесплатный кейс (ID: free)
[26/08/2024 18:32:41] Shahmar2011 won Turtle Helmet (ID: turtle_helmet, Weight: 25.0) from Бесплатный кейс (ID: free)
[26/08/2024 19:10:11] Imreq77 won Nautilus Shell (ID: nautilus_shell, Weight: 25.0) from Бесплатный кейс (ID: free)
[26/08/2024 19:10:18] Covvu288 won Flint And Steel (ID: flint_and_steel, Weight: 25.0) from Бесплатный кейс (ID: free)
[26/08/2024 19:31:53] HEROBRINE900990 won Prismarine Shard (ID: prismarine_shard, Weight: 25.0) from Бесплатный кейс (ID: free)
[26/08/2024 20:48:07] Strannik163_rus won Sweet Berries (ID: sweet_berries, Weight: 25.0) from Бесплатный кейс (ID: free)
[26/08/2024 23:16:20] HEROBRINE900990 won Iron Ingot (ID: iron_ingot, Weight: 25.0) from Бесплатный кейс (ID: free)
[27/08/2024 03:55:09] zhenya_pro1026 won Chorus Fruit (ID: chorus_fruit, Weight: 25.0) from Бесплатный кейс (ID: free)
[27/08/2024 04:00:07] Mananakla won Mutton (ID: mutton, Weight: 35.0) from Бесплатный кейс (ID: free)
[27/08/2024 09:15:08] LUTIcat_yt won Stone (ID: stone, Weight: 25.0) from Бесплатный кейс (ID: free)
[27/08/2024 09:15:12] LUTIcat_yt won Sweet Berries (ID: sweet_berries, Weight: 25.0) from Бесплатный кейс (ID: free)
[27/08/2024 13:06:50] nco7eYT2 won Bone Meal (ID: bone_meal, Weight: 25.0) from Бесплатный кейс (ID: free)
[27/08/2024 14:17:13] Mananakla won Stick (ID: stick, Weight: 30.0) from Бесплатный кейс (ID: free)
[27/08/2024 17:46:03] Imreq77 won Fishing Rod (ID: fishing_rod, Weight: 25.0) from Бесплатный кейс (ID: free)
[27/08/2024 18:13:32] Rodionmen2931 won Lead (ID: lead, Weight: 25.0) from Бесплатный кейс (ID: free)
[27/08/2024 18:14:03] Rodionmen2931 won Name Tag (ID: name_tag, Weight: 25.0) from Бесплатный кейс (ID: free)
[27/08/2024 18:16:04] Shahmar2011 won Bucket (ID: bucket, Weight: 25.0) from Бесплатный кейс (ID: free)
[27/08/2024 20:02:50] Maho993 won Bread (ID: bread, Weight: 25.0) from Бесплатный кейс (ID: free)
[27/08/2024 20:02:56] Maho993 won Experience Bottle (ID: experience_bottle, Weight: 25.0) from Бесплатный кейс (ID: free)
[27/08/2024 20:38:11] nco7eYT2 won Iron Ingot (ID: iron_ingot, Weight: 25.0) from Бесплатный кейс (ID: free)
[27/08/2024 21:26:24] HEROBRINE900990 won Suspicious Stew (ID: suspicious_stew1, Weight: 25.0) from Бесплатный кейс (ID: free)
[27/08/2024 21:26:45] GreedyCarbon won Amethyst Shard (ID: amethyst_shard, Weight: 25.0) from Бесплатный кейс (ID: free)
[28/08/2024 05:20:10] Mananakla won Iron Pickaxe (ID: iron_pickaxe, Weight: 25.0) from Бесплатный кейс (ID: free)
[28/08/2024 06:48:25] zhenya_pro1026 won Fishing Rod (ID: fishing_rod, Weight: 25.0) from Бесплатный кейс (ID: free)
[28/08/2024 14:34:04] FairCactus73356 won Stone (ID: stone, Weight: 25.0) from Бесплатный кейс (ID: free)
[28/08/2024 14:34:09] FairCactus73356 won Honeycomb (ID: honeycomb, Weight: 25.0) from Бесплатный кейс (ID: free)
[28/08/2024 14:34:13] FairCactus73356 won Coal (ID: coal, Weight: 25.0) from Бесплатный кейс (ID: free)
[28/08/2024 14:36:57] Mananakla won Iron Pickaxe (ID: iron_pickaxe, Weight: 25.0) from Бесплатный кейс (ID: free)
[28/08/2024 15:10:51] LON1XKOLA won Egg (ID: egg, Weight: 25.0) from Бесплатный кейс (ID: free)
[28/08/2024 15:13:15] LUTIcat_yt won Bread (ID: bread, Weight: 25.0) from Бесплатный кейс (ID: free)
[28/08/2024 19:20:34] Shahmar2011 won Arrow (ID: arrow, Weight: 25.0) from Бесплатный кейс (ID: free)
[28/08/2024 19:20:39] Shahmar2011 won Chorus Fruit (ID: chorus_fruit, Weight: 25.0) from Бесплатный кейс (ID: free)
[29/08/2024 05:18:51] Mananakla won Chorus Fruit (ID: chorus_fruit, Weight: 25.0) from Бесплатный кейс (ID: free)
[29/08/2024 05:20:29] Rodionmen2931 won Iron Horse Armor (ID: iron_horse_armor, Weight: 25.0) from Бесплатный кейс (ID: free)
[29/08/2024 08:12:03] Andreytskhe won Fishing Rod (ID: fishing_rod, Weight: 25.0) from Бесплатный кейс (ID: free)
[29/08/2024 08:31:44] Mananakla won Stick (ID: stick, Weight: 30.0) from Бесплатный кейс (ID: free)
[29/08/2024 13:05:24] Mananakla won Turtle Helmet (ID: turtle_helmet, Weight: 25.0) from Бесплатный кейс (ID: free)
[29/08/2024 15:26:49] zhenya_pro1026 won Experience Bottle (ID: experience_bottle, Weight: 25.0) from Бесплатный кейс (ID: free)
[29/08/2024 17:13:46] Shahmar2011 won Honeycomb (ID: honeycomb, Weight: 25.0) from Бесплатный кейс (ID: free)
[29/08/2024 17:13:52] Shahmar2011 won Experience Bottle (ID: experience_bottle, Weight: 25.0) from Бесплатный кейс (ID: free)
[29/08/2024 17:13:57] Shahmar2011 won Paper (ID: paper, Weight: 25.0) from Бесплатный кейс (ID: free)
[29/08/2024 22:03:04] Strannik163_rus won Honeycomb (ID: honeycomb, Weight: 25.0) from Бесплатный кейс (ID: free)
[29/08/2024 22:03:08] Strannik163_rus won Compass (ID: compass, Weight: 25.0) from Бесплатный кейс (ID: free)
[30/08/2024 07:00:27] Mananakla won Suspicious Stew (ID: suspicious_stew, Weight: 25.0) from Бесплатный кейс (ID: free)
[30/08/2024 09:36:29] Rodionmen2931 won Nautilus Shell (ID: nautilus_shell, Weight: 25.0) from Бесплатный кейс (ID: free)
[30/08/2024 09:36:36] Rodionmen2931 won Suspicious Stew (ID: suspicious_stew, Weight: 25.0) from Бесплатный кейс (ID: free)
[30/08/2024 09:36:41] Rodionmen2931 won Honeycomb (ID: honeycomb, Weight: 25.0) from Бесплатный кейс (ID: free)
[30/08/2024 09:36:46] Rodionmen2931 won Bone Meal (ID: bone_meal, Weight: 25.0) from Бесплатный кейс (ID: free)
[30/08/2024 11:17:59] zhenya_pro1026 won Iron Pickaxe (ID: iron_pickaxe, Weight: 25.0) from Бесплатный кейс (ID: free)
[30/08/2024 11:45:05] Mananakla won Sweet Berries (ID: sweet_berries, Weight: 25.0) from Бесплатный кейс (ID: free)
[30/08/2024 16:37:42] Tenikcalmy won Name Tag (ID: name_tag, Weight: 25.0) from Бесплатный кейс (ID: free)
[30/08/2024 16:37:49] Mananakla won Bread (ID: bread, Weight: 25.0) from Бесплатный кейс (ID: free)
[30/08/2024 17:41:48] zhenya_pro1026 won Cobweb (ID: cobweb, Weight: 30.0) from Бесплатный кейс (ID: free)
[30/08/2024 17:59:17] HEROBRINE900990 won Clock (ID: clock, Weight: 25.0) from Бесплатный кейс (ID: free)
[30/08/2024 17:59:22] HEROBRINE900990 won Amethyst Shard (ID: amethyst_shard, Weight: 25.0) from Бесплатный кейс (ID: free)
[30/08/2024 17:59:26] HEROBRINE900990 won Nautilus Shell (ID: nautilus_shell, Weight: 25.0) from Бесплатный кейс (ID: free)
[30/08/2024 19:49:38] RoseKnot1366256 won Suspicious Stew (ID: suspicious_stew, Weight: 25.0) from Бесплатный кейс (ID: free)
[30/08/2024 20:11:11] FairCactus73356 won Bucket (ID: bucket, Weight: 25.0) from Бесплатный кейс (ID: free)
[31/08/2024 05:38:12] Mananakla won Paper (ID: paper, Weight: 25.0) from Бесплатный кейс (ID: free)
[31/08/2024 12:41:10] Mananakla won Compass (ID: compass, Weight: 25.0) from Бесплатный кейс (ID: free)
[31/08/2024 12:41:18] zhenya_pro1026 won Nautilus Shell (ID: nautilus_shell, Weight: 25.0) from Бесплатный кейс (ID: free)
[31/08/2024 12:43:29] Maho993 won Clock (ID: clock, Weight: 25.0) from Бесплатный кейс (ID: free)
[31/08/2024 12:43:38] Maho993 won Незеритовые поножи (ID: незеритовые_поножи1, Weight: 25.0) from Кейс с вещами (ID: items)
[31/08/2024 12:43:50] Maho993 won Яйцо нюхача (ID: яйцо_нюхача, Weight: 25.0) from Кейс с предметами (ID: armors)
[31/08/2024 12:43:59] Maho993 won Lead (ID: lead, Weight: 25.0) from Бесплатный кейс (ID: free)
[31/08/2024 12:44:03] Maho993 won Iron Ingot (ID: iron_ingot, Weight: 25.0) from Бесплатный кейс (ID: free)
[31/08/2024 12:44:08] Maho993 won Clock (ID: clock, Weight: 25.0) from Бесплатный кейс (ID: free)
[31/08/2024 12:44:12] Maho993 won Bucket (ID: bucket, Weight: 25.0) from Бесплатный кейс (ID: free)
[01/09/2024 08:08:32] RoseKnot1366256 won Iron Ingot (ID: iron_ingot, Weight: 25.0) from Бесплатный кейс (ID: free)
[01/09/2024 10:25:32] zhenya_pro1026 won Bread (ID: bread, Weight: 25.0) from Бесплатный кейс (ID: free)
[01/09/2024 11:39:19] Tenikcalmy won Compass (ID: compass, Weight: 25.0) from Бесплатный кейс (ID: free)
[01/09/2024 11:39:24] Tenikcalmy won Egg (ID: egg, Weight: 25.0) from Бесплатный кейс (ID: free)
[01/09/2024 12:04:59] shiny738 won Suspicious Stew (ID: suspicious_stew1, Weight: 25.0) from Бесплатный кейс (ID: free)
[02/09/2024 10:38:28] Tenikcalmy won Bone Meal (ID: bone_meal, Weight: 25.0) from Бесплатный кейс (ID: free)
[02/09/2024 10:38:33] Tenikcalmy won Amethyst Shard (ID: amethyst_shard, Weight: 25.0) from Бесплатный кейс (ID: free)
[02/09/2024 10:38:41] Tenikcalmy won Алмазный шлем (ID: алмазный_шлем1, Weight: 25.0) from Кейс с вещами (ID: items)
[02/09/2024 10:38:47] Tenikcalmy won Картофель (ID: картофель, Weight: 25.0) from Кейс с предметами (ID: armors)
[02/09/2024 12:23:35] Maho993 won Nautilus Shell (ID: nautilus_shell, Weight: 25.0) from Бесплатный кейс (ID: free)
[02/09/2024 18:58:00] Strannik163_rus won Fishing Rod (ID: fishing_rod, Weight: 25.0) from Бесплатный кейс (ID: free)
[02/09/2024 18:58:06] Strannik163_rus won Oak Wood (ID: oak_wood, Weight: 25.0) from Бесплатный кейс (ID: free)
[02/09/2024 20:08:10] AmonG_US_0_0 won Experience Bottle (ID: experience_bottle, Weight: 25.0) from Бесплатный кейс (ID: free)
[03/09/2024 09:35:09] MuxaBall won Flint And Steel (ID: flint_and_steel, Weight: 25.0) from Бесплатный кейс (ID: free)
[03/09/2024 09:35:13] MuxaBall won Potion (ID: potion, Weight: 25.0) from Бесплатный кейс (ID: free)
[03/09/2024 11:29:41] ASIgumnov83 won Незеритовая кирка (ID: незеритовая_кирка1, Weight: 25.0) from Кейс с вещами (ID: items)
[03/09/2024 11:29:50] ASIgumnov83 won Clock (ID: clock, Weight: 25.0) from Бесплатный кейс (ID: free)
[03/09/2024 11:29:55] ASIgumnov83 won Nautilus Shell (ID: nautilus_shell, Weight: 25.0) from Бесплатный кейс (ID: free)
[03/09/2024 11:29:59] ASIgumnov83 won Cookie (ID: cookie, Weight: 25.0) from Бесплатный кейс (ID: free)
[03/09/2024 11:30:03] ASIgumnov83 won Stone (ID: stone, Weight: 25.0) from Бесплатный кейс (ID: free)
[03/09/2024 11:30:08] ASIgumnov83 won Paper (ID: paper, Weight: 25.0) from Бесплатный кейс (ID: free)
[03/09/2024 11:30:12] ASIgumnov83 won Shears (ID: shears, Weight: 25.0) from Бесплатный кейс (ID: free)
[03/09/2024 11:30:20] ASIgumnov83 won Mutton (ID: mutton, Weight: 35.0) from Бесплатный кейс (ID: free)
[03/09/2024 11:30:25] ASIgumnov83 won Bucket (ID: bucket, Weight: 25.0) from Бесплатный кейс (ID: free)
[03/09/2024 11:30:29] ASIgumnov83 won Paper (ID: paper, Weight: 25.0) from Бесплатный кейс (ID: free)
[03/09/2024 11:30:33] ASIgumnov83 won Arrow (ID: arrow, Weight: 25.0) from Бесплатный кейс (ID: free)
[03/09/2024 11:30:38] ASIgumnov83 won Honeycomb (ID: honeycomb, Weight: 25.0) from Бесплатный кейс (ID: free)
[03/09/2024 11:31:08] ASIgumnov83 won Козий рог (ID: козий_рог6, Weight: 25.0) from Кейс с предметами (ID: armors)
[03/09/2024 11:31:19] ASIgumnov83 won Potion (ID: potion, Weight: 25.0) from Бесплатный кейс (ID: free)
[03/09/2024 11:31:27] ASIgumnov83 won Bone Meal (ID: bone_meal, Weight: 25.0) from Бесплатный кейс (ID: free)
[03/09/2024 12:43:04] MuxaBall won Egg (ID: egg, Weight: 25.0) from Бесплатный кейс (ID: free)
[03/09/2024 15:33:54] Tenikcalmy won Egg (ID: egg, Weight: 25.0) from Бесплатный кейс (ID: free)
[03/09/2024 15:33:58] Tenikcalmy won Iron Ingot (ID: iron_ingot, Weight: 25.0) from Бесплатный кейс (ID: free)
[03/09/2024 15:34:03] Tenikcalmy won Arrow (ID: arrow, Weight: 25.0) from Бесплатный кейс (ID: free)
[03/09/2024 15:34:07] Tenikcalmy won Suspicious Stew (ID: suspicious_stew1, Weight: 25.0) from Бесплатный кейс (ID: free)
[03/09/2024 18:27:30] ASIgumnov83 won Amethyst Shard (ID: amethyst_shard, Weight: 25.0) from Бесплатный кейс (ID: free)
[03/09/2024 18:39:02] OneMaksKill won Coal (ID: coal, Weight: 25.0) from Бесплатный кейс (ID: free)
[03/09/2024 18:39:06] OneMaksKill won Amethyst Shard (ID: amethyst_shard, Weight: 25.0) from Бесплатный кейс (ID: free)
[03/09/2024 18:39:10] OneMaksKill won Prismarine Shard (ID: prismarine_shard, Weight: 25.0) from Бесплатный кейс (ID: free)
[03/09/2024 18:39:17] OneMaksKill won Experience Bottle (ID: experience_bottle, Weight: 25.0) from Бесплатный кейс (ID: free)
[03/09/2024 18:39:21] OneMaksKill won Honeycomb (ID: honeycomb, Weight: 25.0) from Бесплатный кейс (ID: free)
[03/09/2024 18:39:25] OneMaksKill won Coal (ID: coal, Weight: 25.0) from Бесплатный кейс (ID: free)
[03/09/2024 18:39:29] OneMaksKill won Totem Of Undying (ID: totem_of_undying, Weight: 5.0) from Бесплатный кейс (ID: free)
[03/09/2024 18:39:33] OneMaksKill won Name Tag (ID: name_tag, Weight: 25.0) from Бесплатный кейс (ID: free)
[03/09/2024 18:39:37] OneMaksKill won Suspicious Stew (ID: suspicious_stew1, Weight: 25.0) from Бесплатный кейс (ID: free)
[03/09/2024 18:39:45] OneMaksKill won Bone Meal (ID: bone_meal, Weight: 25.0) from Бесплатный кейс (ID: free)
[03/09/2024 18:39:49] OneMaksKill won Bone Meal (ID: bone_meal, Weight: 25.0) from Бесплатный кейс (ID: free)
[03/09/2024 18:39:53] OneMaksKill won Sweet Berries (ID: sweet_berries, Weight: 25.0) from Бесплатный кейс (ID: free)
[03/09/2024 18:39:57] OneMaksKill won Suspicious Stew (ID: suspicious_stew1, Weight: 25.0) from Бесплатный кейс (ID: free)
[03/09/2024 18:40:12] OneMaksKill won Experience Bottle (ID: experience_bottle, Weight: 25.0) from Бесплатный кейс (ID: free)
[03/09/2024 18:40:16] OneMaksKill won Bone Meal (ID: bone_meal, Weight: 25.0) from Бесплатный кейс (ID: free)
[03/09/2024 18:40:20] OneMaksKill won Potion (ID: potion, Weight: 25.0) from Бесплатный кейс (ID: free)
[03/09/2024 18:40:27] OneMaksKill won Experience Bottle (ID: experience_bottle, Weight: 25.0) from Бесплатный кейс (ID: free)
[03/09/2024 18:40:31] OneMaksKill won Amethyst Shard (ID: amethyst_shard, Weight: 25.0) from Бесплатный кейс (ID: free)
[03/09/2024 18:40:35] OneMaksKill won Flint And Steel (ID: flint_and_steel, Weight: 25.0) from Бесплатный кейс (ID: free)
[03/09/2024 18:40:42] OneMaksKill won Suspicious Stew (ID: suspicious_stew, Weight: 25.0) from Бесплатный кейс (ID: free)
[03/09/2024 18:40:48] OneMaksKill won Shears (ID: shears, Weight: 25.0) from Бесплатный кейс (ID: free)
[03/09/2024 18:40:55] OneMaksKill won Cookie (ID: cookie, Weight: 25.0) from Бесплатный кейс (ID: free)
[03/09/2024 18:47:17] Sujuya won Lead (ID: lead, Weight: 25.0) from Бесплатный кейс (ID: free)
[03/09/2024 18:47:23] Sujuya won Coal (ID: coal, Weight: 25.0) from Бесплатный кейс (ID: free)
[03/09/2024 18:47:28] Sujuya won Cookie (ID: cookie, Weight: 25.0) from Бесплатный кейс (ID: free)
[03/09/2024 18:47:33] Sujuya won Cobweb (ID: cobweb, Weight: 30.0) from Бесплатный кейс (ID: free)
[03/09/2024 18:47:38] Sujuya won Iron Pickaxe (ID: iron_pickaxe, Weight: 25.0) from Бесплатный кейс (ID: free)
[03/09/2024 18:47:43] Sujuya won Name Tag (ID: name_tag, Weight: 25.0) from Бесплатный кейс (ID: free)
[03/09/2024 18:47:48] Sujuya won Compass (ID: compass, Weight: 25.0) from Бесплатный кейс (ID: free)
[03/09/2024 19:28:21] igorek6780 won Cobweb (ID: cobweb, Weight: 30.0) from Бесплатный кейс (ID: free)
[04/09/2024 06:45:56] reclau won Stone (ID: stone, Weight: 25.0) from Бесплатный кейс (ID: free)
[04/09/2024 12:23:49] ASIgumnov83 won Flint And Steel (ID: flint_and_steel, Weight: 25.0) from Бесплатный кейс (ID: free)
[04/09/2024 12:23:53] ASIgumnov83 won Totem Of Undying (ID: totem_of_undying, Weight: 5.0) from Бесплатный кейс (ID: free)
[04/09/2024 12:55:29] Tenikcalmy won Cobweb (ID: cobweb, Weight: 30.0) from Бесплатный кейс (ID: free)
[05/09/2024 08:12:47] Tenikcalmy won Bread (ID: bread, Weight: 25.0) from Бесплатный кейс (ID: free)
[05/09/2024 08:12:51] Tenikcalmy won Egg (ID: egg, Weight: 25.0) from Бесплатный кейс (ID: free)
[05/09/2024 11:13:14] Tenikcalmy won Cobweb (ID: cobweb, Weight: 30.0) from Бесплатный кейс (ID: free)
[05/09/2024 16:15:37] Sujuya won Стекло (ID: стекло, Weight: 25.0) from Бесплатный кейс (ID: free)
[05/09/2024 18:17:35] Tenikcalmy won Iron Horse Armor (ID: iron_horse_armor, Weight: 25.0) from Бесплатный кейс (ID: free)
[05/09/2024 18:33:23] OneMaksKill won Spyglass (ID: spyglass, Weight: 10.0) from Бесплатный кейс (ID: free)
[05/09/2024 18:33:27] OneMaksKill won Огниво (ID: огниво, Weight: 25.0) from Бесплатный кейс (ID: free)
[06/09/2024 00:42:03] Strannik163_rus won Ножницы (ID: ножницы, Weight: 25.0) from Кейс с предметами (ID: armors)
[06/09/2024 00:42:11] Strannik163_rus won Алмазные ботинки (ID: алмазные_ботинки, Weight: 25.0) from Кейс с вещами (ID: items)
[06/09/2024 00:42:19] Strannik163_rus won Shears (ID: shears, Weight: 25.0) from Бесплатный кейс (ID: free)
[06/09/2024 00:42:24] Strannik163_rus won Clock (ID: clock, Weight: 25.0) from Бесплатный кейс (ID: free)
[06/09/2024 00:42:28] Strannik163_rus won Cookie (ID: cookie, Weight: 25.0) from Бесплатный кейс (ID: free)
[06/09/2024 00:42:33] Strannik163_rus won Experience Bottle (ID: experience_bottle, Weight: 25.0) from Бесплатный кейс (ID: free)
[06/09/2024 13:04:15] MuxaBall won Iron Ingot (ID: iron_ingot, Weight: 25.0) from Бесплатный кейс (ID: free)
[06/09/2024 13:04:19] MuxaBall won Печенье (ID: печенье, Weight: 25.0) from Бесплатный кейс (ID: free)
[06/09/2024 14:02:58] MuxaBall won Nautilus Shell (ID: nautilus_shell, Weight: 25.0) from Бесплатный кейс (ID: free)
[06/09/2024 18:48:05] DIMOLL won Stick (ID: stick, Weight: 30.0) from Бесплатный кейс (ID: free)
[06/09/2024 18:59:49] Sujuya won Черепаший панцирь (ID: черепаший_панцирь, Weight: 25.0) from Бесплатный кейс (ID: free)
[06/09/2024 19:00:01] Sujuya won Honeycomb (ID: honeycomb, Weight: 25.0) from Бесплатный кейс (ID: free)
[06/09/2024 19:02:40] Smerdoglot228 won Алмазная лопата (ID: алмазная_лопата, Weight: 25.0) from Бесплатный кейс (ID: free)
[07/09/2024 04:07:09] MuxaBall won Shears (ID: shears, Weight: 25.0) from Бесплатный кейс (ID: free)
[07/09/2024 08:58:12] DIMOLL won Fishing Rod (ID: fishing_rod, Weight: 25.0) from Бесплатный кейс (ID: free)
[07/09/2024 11:46:32] Smerdoglot228 won Капельник (ID: капельник, Weight: 25.0) from Бесплатный кейс (ID: free)
[07/09/2024 12:05:25] DIMOLL won Морковь (ID: морковь, Weight: 25.0) from Бесплатный кейс (ID: free)
[07/09/2024 12:41:05] MuxaBall won Привилегия Pluto [7 дней] (ID: привилегия_pluto_7_дней, Weight: 10.0) from Бесплатный кейс (ID: free)
[07/09/2024 12:43:12] reclau won Coal (ID: coal, Weight: 25.0) from Бесплатный кейс (ID: free)
[07/09/2024 15:13:15] DIMOLL won Experience Bottle (ID: experience_bottle, Weight: 25.0) from Бесплатный кейс (ID: free)
[07/09/2024 15:24:24] DIMOLL won Алмазная мотыга (ID: алмазная_мотыга, Weight: 25.0) from Кейс с вещами (ID: items)
[07/09/2024 15:24:38] DIMOLL won Грибосвет (ID: грибосвет, Weight: 25.0) from Кейс с предметами (ID: armors)
[07/09/2024 15:27:23] Smerdoglot228 won Зельеварка (ID: зельеварка, Weight: 25.0) from Бесплатный кейс (ID: free)
[07/09/2024 17:01:14] Smerdoglot228 won Алмазный топор (ID: алмазный_топор, Weight: 25.0) from Бесплатный кейс (ID: free)
[07/09/2024 17:20:07] Shirayuki1526 won Книга (ID: книга, Weight: 25.0) from Бесплатный кейс (ID: free)
[07/09/2024 18:51:37] shiny738 won Черепаший панцирь (ID: черепаший_панцирь, Weight: 25.0) from Бесплатный кейс (ID: free)
[07/09/2024 18:51:41] shiny738 won Привилегия Pluto [7 дней] (ID: привилегия_pluto_7_дней, Weight: 10.0) from Бесплатный кейс (ID: free)
[07/09/2024 18:51:45] shiny738 won Кожа (ID: кожа, Weight: 25.0) from Бесплатный кейс (ID: free)
[07/09/2024 19:35:49] DIMOLL won Nautilus Shell (ID: nautilus_shell, Weight: 25.0) from Бесплатный кейс (ID: free)
[07/09/2024 21:58:06] Shirayuki1526 won Honeycomb (ID: honeycomb, Weight: 25.0) from Бесплатный кейс (ID: free)
[08/09/2024 07:20:21] MuxaBall won Cobweb (ID: cobweb, Weight: 30.0) from Бесплатный кейс (ID: free)
[08/09/2024 07:20:26] MuxaBall won Привилегия Pluto [7 дней] (ID: привилегия_pluto_7_дней, Weight: 10.0) from Бесплатный кейс (ID: free)
[08/09/2024 09:21:39] shiny738 won Name Tag (ID: name_tag, Weight: 25.0) from Бесплатный кейс (ID: free)
[08/09/2024 10:32:29] DIMOLL won Compass (ID: compass, Weight: 25.0) from Бесплатный кейс (ID: free)
[08/09/2024 12:11:52] Shirayuki1526 won Cobweb (ID: cobweb, Weight: 30.0) from Бесплатный кейс (ID: free)
[08/09/2024 16:52:10] shiny738 won Flint And Steel (ID: flint_and_steel, Weight: 25.0) from Бесплатный кейс (ID: free)
[08/09/2024 16:52:15] shiny738 won Черепаший панцирь (ID: черепаший_панцирь, Weight: 25.0) from Бесплатный кейс (ID: free)
[08/09/2024 17:26:24] Tenikcalmy won Белая шерсть (ID: белая_шерсть, Weight: 25.0) from Бесплатный кейс (ID: free)
[08/09/2024 17:26:29] Tenikcalmy won Oak Wood (ID: oak_wood, Weight: 25.0) from Бесплатный кейс (ID: free)
[08/09/2024 17:26:34] Tenikcalmy won Paper (ID: paper, Weight: 25.0) from Бесплатный кейс (ID: free)
[08/09/2024 17:26:38] Tenikcalmy won Наковальня (ID: наковальня, Weight: 25.0) from Бесплатный кейс (ID: free)
[08/09/2024 17:26:43] Tenikcalmy won Привилегия Pluto [7 дней] (ID: привилегия_pluto_7_дней, Weight: 10.0) from Бесплатный кейс (ID: free)
[08/09/2024 18:25:57] Hukce won Iron Ingot (ID: iron_ingot, Weight: 25.0) from Бесплатный кейс (ID: free)
[08/09/2024 18:26:40] Vikusi won Arrow (ID: arrow, Weight: 25.0) from Бесплатный кейс (ID: free)
[08/09/2024 18:36:57] Shirayuki1526 won Bucket (ID: bucket, Weight: 25.0) from Бесплатный кейс (ID: free)
[08/09/2024 18:37:01] Shirayuki1526 won Iron Pickaxe (ID: iron_pickaxe, Weight: 25.0) from Бесплатный кейс (ID: free)
[08/09/2024 20:20:29] Shirayuki1526 won Плачущий обсидиан (ID: плачущий_обсидиан, Weight: 25.0) from Кейс с предметами (ID: armors)
[08/09/2024 20:20:37] Shirayuki1526 won Золотые поножи (ID: золотые_поножи1, Weight: 25.0) from Кейс с вещами (ID: items)
[09/09/2024 04:38:00] MuxaBall won Mutton (ID: mutton, Weight: 35.0) from Бесплатный кейс (ID: free)
[09/09/2024 04:38:04] MisKotikUwU won Egg (ID: egg, Weight: 25.0) from Бесплатный кейс (ID: free)
[09/09/2024 06:10:42] Mananakla won Козий рог (ID: козий_рог, Weight: 25.0) from Кейс с предметами (ID: armors)
[09/09/2024 06:11:12] Mananakla won Трезубец (ID: трезубец2, Weight: 25.0) from Кейс с вещами (ID: items)
[09/09/2024 12:41:06] shiny738 won Iron Ingot (ID: iron_ingot, Weight: 25.0) from Бесплатный кейс (ID: free)
[09/09/2024 13:08:16] Tenikcalmy won Стекло (ID: стекло, Weight: 25.0) from Бесплатный кейс (ID: free)
[09/09/2024 13:08:28] Tenikcalmy won Привилегия Pluto [7 дней] (ID: привилегия_pluto_7_дней, Weight: 10.0) from Бесплатный кейс (ID: free)
[09/09/2024 16:32:57] HarvinBless won Зачарованное золотое яблоко (ID: зачарованное_золотое_яблоко, Weight: 25.0) from Бесплатный кейс (ID: free)
[09/09/2024 16:33:01] HarvinBless won Shears (ID: shears, Weight: 25.0) from Бесплатный кейс (ID: free)
[09/09/2024 18:32:18] Hukce won Мембрана фантома (ID: мембрана_фантома, Weight: 25.0) from Бесплатный кейс (ID: free)
[09/09/2024 19:23:47] DIMOLL won Suspicious Stew (ID: suspicious_stew, Weight: 25.0) from Бесплатный кейс (ID: free)
[09/09/2024 19:23:51] DIMOLL won Хлеб (ID: хлеб, Weight: 25.0) from Бесплатный кейс (ID: free)
[09/09/2024 22:43:39] DIMOLL won Привилегия Pluto [7 дней] (ID: привилегия_pluto_7_дней, Weight: 10.0) from Бесплатный кейс (ID: free)
[10/09/2024 02:16:57] Tenikcalmy won Капельник (ID: капельник, Weight: 25.0) from Бесплатный кейс (ID: free)
[10/09/2024 04:58:25] Mananakla won Привилегия Pluto [7 дней] (ID: привилегия_pluto_7_дней, Weight: 10.0) from Бесплатный кейс (ID: free)
[10/09/2024 05:32:57] zhenya_pro1026 won Cobweb (ID: cobweb, Weight: 30.0) from Бесплатный кейс (ID: free)
[10/09/2024 06:11:03] Tenikcalmy won Iron Ingot (ID: iron_ingot, Weight: 25.0) from Бесплатный кейс (ID: free)
[10/09/2024 08:27:58] MuxaBall won Эндер-жемчуг (ID: эндержемчуг, Weight: 25.0) from Бесплатный кейс (ID: free)
[10/09/2024 10:40:54] Shirayuki1526 won Яблоко (ID: яблоко, Weight: 25.0) from Бесплатный кейс (ID: free)
[10/09/2024 13:45:56] MuxaBall won Amethyst Shard (ID: amethyst_shard, Weight: 25.0) from Бесплатный кейс (ID: free)
[10/09/2024 14:39:54] Mananakla won Stick (ID: stick, Weight: 30.0) from Бесплатный кейс (ID: free)
[10/09/2024 18:02:10] shiny738 won Дёрн (ID: дрн, Weight: 25.0) from Бесплатный кейс (ID: free)
[11/09/2024 06:32:27] zhenya_pro1026 won Взрывное зелье (ID: взрывное_зелье, Weight: 25.0) from Бесплатный кейс (ID: free)
[11/09/2024 07:10:52] Mananakla won Amethyst Shard (ID: amethyst_shard, Weight: 25.0) from Бесплатный кейс (ID: free)
[11/09/2024 10:18:22] Shirayuki1526 won Clock (ID: clock, Weight: 25.0) from Бесплатный кейс (ID: free)
[11/09/2024 11:52:14] MuxaBall won Amethyst Shard (ID: amethyst_shard, Weight: 25.0) from Бесплатный кейс (ID: free)
[11/09/2024 16:00:54] DIMOLL won Песок (ID: песок, Weight: 25.0) from Бесплатный кейс (ID: free)
[11/09/2024 16:00:58] DIMOLL won Mutton (ID: mutton, Weight: 35.0) from Бесплатный кейс (ID: free)
[11/09/2024 16:54:09] RoseKnot1366256 won Железный топор (ID: железный_топор1, Weight: 25.0) from Кейс с вещами (ID: items)
[11/09/2024 16:57:58] RoseKnot1366256 won Stick (ID: stick, Weight: 30.0) from Бесплатный кейс (ID: free)
[11/09/2024 16:58:11] RoseKnot1366256 won Козий рог (ID: козий_рог, Weight: 25.0) from Кейс с предметами (ID: armors)
[11/09/2024 18:11:10] Smerdoglot228 won Amethyst Shard (ID: amethyst_shard, Weight: 25.0) from Бесплатный кейс (ID: free)
[11/09/2024 18:11:14] Smerdoglot228 won Взрывное зелье (ID: взрывное_зелье, Weight: 25.0) from Бесплатный кейс (ID: free)
[11/09/2024 18:11:25] Smerdoglot228 won Узор флага (ID: узор_флага2, Weight: 25.0) from Кейс с предметами (ID: armors)
[11/09/2024 18:11:35] Smerdoglot228 won Алмазная мотыга (ID: алмазная_мотыга, Weight: 25.0) from Кейс с вещами (ID: items)
[12/09/2024 06:01:59] Mananakla won Suspicious Stew (ID: suspicious_stew1, Weight: 25.0) from Бесплатный кейс (ID: free)
[12/09/2024 06:41:46] Tenikcalmy won Хлеб (ID: хлеб, Weight: 25.0) from Бесплатный кейс (ID: free)
[12/09/2024 06:41:52] Tenikcalmy won Prismarine Shard (ID: prismarine_shard, Weight: 25.0) from Бесплатный кейс (ID: free)
[12/09/2024 06:41:56] Tenikcalmy won Алмазный меч (ID: алмазный_меч, Weight: 25.0) from Бесплатный кейс (ID: free)
[12/09/2024 06:42:00] Tenikcalmy won Name Tag (ID: name_tag, Weight: 25.0) from Бесплатный кейс (ID: free)
[12/09/2024 14:49:30] Smerdoglot228 won Potion (ID: potion, Weight: 25.0) from Бесплатный кейс (ID: free)
[12/09/2024 15:03:22] DIMOLL won Paper (ID: paper, Weight: 25.0) from Бесплатный кейс (ID: free)
[12/09/2024 15:03:26] DIMOLL won Bucket (ID: bucket, Weight: 25.0) from Бесплатный кейс (ID: free)
[12/09/2024 15:34:13] Mananakla won Золотое яблоко (ID: золотое_яблоко, Weight: 25.0) from Бесплатный кейс (ID: free)
[12/09/2024 16:10:51] DIMOLL won Незеритовый меч (ID: незеритовый_меч, Weight: 25.0) from Кейс с вещами (ID: items)
[12/09/2024 19:36:12] HEROBRINE900990 won Алмазная кирка (ID: алмазная_кирка, Weight: 25.0) from Бесплатный кейс (ID: free)
[13/09/2024 05:04:57] zhenya_pro1026 won Хлеб (ID: хлеб, Weight: 25.0) from Бесплатный кейс (ID: free)
[13/09/2024 05:23:43] zhenya_pro1026 won Золотое яблоко (ID: золотое_яблоко, Weight: 25.0) from Бесплатный кейс (ID: free)
[13/09/2024 08:29:53] Mananakla won Clock (ID: clock, Weight: 25.0) from Бесплатный кейс (ID: free)
[13/09/2024 10:33:20] MuxaBall won Shears (ID: shears, Weight: 25.0) from Бесплатный кейс (ID: free)
[13/09/2024 10:33:24] MuxaBall won Nautilus Shell (ID: nautilus_shell, Weight: 25.0) from Бесплатный кейс (ID: free)
[13/09/2024 10:33:28] MuxaBall won Алмазная кирка (ID: алмазная_кирка, Weight: 25.0) from Бесплатный кейс (ID: free)
[13/09/2024 12:05:39] Hukce won Chorus Fruit (ID: chorus_fruit, Weight: 25.0) from Бесплатный кейс (ID: free)
[13/09/2024 13:42:03] Tenikcalmy won Clock (ID: clock, Weight: 25.0) from Бесплатный кейс (ID: free)
[13/09/2024 13:42:09] Tenikcalmy won Mutton (ID: mutton, Weight: 35.0) from Бесплатный кейс (ID: free)
[13/09/2024 13:42:14] Tenikcalmy won Алмазная кирка (ID: алмазная_кирка, Weight: 25.0) from Бесплатный кейс (ID: free)
[13/09/2024 14:19:19] MuxaBall won Bucket (ID: bucket, Weight: 25.0) from Бесплатный кейс (ID: free)
[13/09/2024 16:20:30] RaggedSign23 won Bread (ID: bread, Weight: 25.0) from Бесплатный кейс (ID: free)
[13/09/2024 19:44:05] DIMOLL won Привилегия Pluto [7 дней] (ID: привилегия_pluto_7_дней, Weight: 10.0) from Бесплатный кейс (ID: free)
[13/09/2024 20:14:52] YareYare4008 won Незеритовые поножи (ID: незеритовые_поножи1, Weight: 25.0) from Кейс с вещами (ID: items)
[13/09/2024 20:16:20] YareYare4008 won Кузнечный шаблон (ID: кузнечный_шаблон5, Weight: 25.0) from Кейс с предметами (ID: armors)
[13/09/2024 20:54:17] YareYare4008 won Капельник (ID: капельник, Weight: 25.0) from Бесплатный кейс (ID: free)
[14/09/2024 02:45:31] MuxaBall won Nautilus Shell (ID: nautilus_shell, Weight: 25.0) from Бесплатный кейс (ID: free)
